#
# A fatal error has been detected by the Java Runtime Environment:
#
#  EXCEPTION_ACCESS_VIOLATION (0xc0000005) at pc=0x00000182d3cea572, pid=16324, tid=12108
#
# JRE version: OpenJDK Runtime Environment Temurin-17.0.6+10 (17.0.6+10) (build 17.0.6+10)
# Java VM: OpenJDK 64-Bit Server VM Temurin-17.0.6+10 (17.0.6+10, mixed mode, tiered, compressed oops, compressed class ptrs, g1 gc, windows-amd64)
# Problematic frame:
# j  com.zaxxer.hikari.pool.HikariPool.createPoolEntry()Lcom/zaxxer/hikari/pool/PoolEntry;+27
#
# No core dump will be written. Minidumps are not enabled by default on client versions of Windows
#
# If you would like to submit a bug report, please visit:
#   https://github.com/adoptium/adoptium-support/issues
#

---------------  S U M M A R Y ------------

Command Line: -XX:+ShowCodeDetailsInExceptionMessages com.third_project.third_project.ThirdProjectApplication

Host: Intel(R) Core(TM) i7-8700 CPU @ 3.20GHz, 12 cores, 15G,  Windows 10 , 64 bit Build 19041 (10.0.19041.2546)
Time: Fri Mar 17 13:48:06 2023  Windows 10 , 64 bit Build 19041 (10.0.19041.2546) elapsed time: 1781.309599 seconds (0d 0h 29m 41s)

---------------  T H R E A D  ---------------

Current thread (0x00000182f147b8a0):  JavaThread "HikariPool-2 connection adder" daemon [_thread_in_Java, id=12108, stack(0x0000000b9cb00000,0x0000000b9cc00000)]

Stack: [0x0000000b9cb00000,0x0000000b9cc00000],  sp=0x0000000b9cbfeeb0,  free space=1019k
Native frames: (J=compiled Java code, j=interpreted, Vv=VM code, C=native code)
C  0x00000182d3cea572


siginfo: EXCEPTION_ACCESS_VIOLATION (0xc0000005), reading address 0x00000188eaae8d98


Register to memory mapping:

RIP=0x00000182d3cea572 is at code_begin+274 in an Interpreter codelet
invokestatic  184 invokestatic  [0x00000182d3cea460, 0x00000182d3cea720]  704 bytes
RAX=0x0 is NULL
RBX=0x00000188eaae8d90 is an unknown value
RCX=0x00000182efa985b8 is pointing into metadata
RDX=0x0000000000000214 is an unknown value
RSP=0x0000000b9cbfeeb0 is pointing into the stack for thread: 0x00000182f147b8a0
RBP=0x0000000b9cbfeef8 is pointing into the stack for thread: 0x00000182f147b8a0
RSI=0x00000182e8a22780 is pointing into metadata
RDI=0x0000000000000780 is an unknown value
R8 =0x0 is NULL
R9 =0x0000000000000002 is an unknown value
R10=0x00007ffb85051020 jvm.dll
R11=0x0000000b9cbfe980 is pointing into the stack for thread: 0x00000182f147b8a0
R12=0x0 is NULL
R13=0x00000182efa436e3 is pointing into metadata
R14=0x0000000b9cbfef50 is pointing into the stack for thread: 0x00000182f147b8a0
R15=0x00000182f147b8a0 is a thread


Registers:
RAX=0x0000000000000000, RBX=0x00000188eaae8d90, RCX=0x00000182efa985b8, RDX=0x0000000000000214
RSP=0x0000000b9cbfeeb0, RBP=0x0000000b9cbfeef8, RSI=0x00000182e8a22780, RDI=0x0000000000000780
R8 =0x0000000000000000, R9 =0x0000000000000002, R10=0x00007ffb85051020, R11=0x0000000b9cbfe980
R12=0x0000000000000000, R13=0x00000182efa436e3, R14=0x0000000b9cbfef50, R15=0x00000182f147b8a0
RIP=0x00000182d3cea572, EFLAGS=0x0000000000010246

Top of Stack: (sp=0x0000000b9cbfeeb0)
0x0000000b9cbfeeb0:   0000000b9cbfeeb0 00000182efa436e3
0x0000000b9cbfeec0:   0000000b9cbfef50 00000182efa985b8
0x0000000b9cbfeed0:   0000000000000000 0000000702212a30
0x0000000b9cbfeee0:   00000182efa4b180 0000000000000000
0x0000000b9cbfeef0:   0000000b9cbfef50 0000000b9cbfefa0
0x0000000b9cbfef00:   00000182d3cd9657 0000000000000000
0x0000000b9cbfef10:   0000000000000000 0000000000000000
0x0000000b9cbfef20:   0000000000000000 0000000000000000
0x0000000b9cbfef30:   0000000000000000 00000000001b7740
0x0000000b9cbfef40:   0000000000000000 000000070cd0eda8
0x0000000b9cbfef50:   0000000703670b10 0000000b9cbfef58
0x0000000b9cbfef60:   00000182efabcaf1 0000000b9cbfefd8
0x0000000b9cbfef70:   00000182efabce68 0000000000000000
0x0000000b9cbfef80:   0000000702027080 00000182efabcc20
0x0000000b9cbfef90:   0000000b9cbfef50 0000000b9cbfefd8
0x0000000b9cbfefa0:   0000000b9cbff028 00000182d3cd9657 

Instructions: (pc=0x00000182d3cea572)
0x00000182d3cea472:   04 24 eb 14 48 83 ec 10 48 89 04 24 48 c7 44 24
0x00000182d3cea482:   08 00 00 00 00 eb 01 50 4c 89 6d c0 41 0f b7 55
0x00000182d3cea492:   01 48 8b 4d d0 c1 e2 02 8b 5c d1 20 c1 eb 10 81
0x00000182d3cea4a2:   e3 ff 00 00 00 81 fb b8 00 00 00 0f 84 b6 00 00
0x00000182d3cea4b2:   00 bb b8 00 00 00 e8 05 00 00 00 e9 9b 00 00 00
0x00000182d3cea4c2:   48 8b d3 48 8d 44 24 08 4c 89 6d c0 49 8b cf c5
0x00000182d3cea4d2:   f8 77 49 89 af 98 02 00 00 49 89 87 88 02 00 00
0x00000182d3cea4e2:   48 83 ec 20 f7 c4 0f 00 00 00 0f 84 1a 00 00 00
0x00000182d3cea4f2:   48 83 ec 08 49 ba e0 22 84 84 fb 7f 00 00 41 ff
0x00000182d3cea502:   d2 48 83 c4 08 e9 0d 00 00 00 49 ba e0 22 84 84
0x00000182d3cea512:   fb 7f 00 00 41 ff d2 48 83 c4 20 49 c7 87 88 02
0x00000182d3cea522:   00 00 00 00 00 00 49 c7 87 98 02 00 00 00 00 00
0x00000182d3cea532:   00 49 c7 87 90 02 00 00 00 00 00 00 c5 f8 77 49
0x00000182d3cea542:   81 7f 08 00 00 00 00 0f 84 05 00 00 00 e9 ac 69
0x00000182d3cea552:   fe ff 4c 8b 6d c0 4c 8b 75 c8 c3 41 0f b7 55 01
0x00000182d3cea562:   48 8b 4d d0 c1 e2 02 48 8b 5c d1 28 48 8b 5b 08
0x00000182d3cea572:   48 8b 5b 08 48 8b 5b 18 80 bb 33 01 00 00 04 0f
0x00000182d3cea582:   84 0d 00 00 00 4c 3b bb 38 01 00 00 0f 85 1f ff
0x00000182d3cea592:   ff ff 48 8b 5c d1 28 8b 54 d1 38 c1 ea 1c 49 ba
0x00000182d3cea5a2:   30 c7 04 85 fb 7f 00 00 49 8b 14 d2 52 48 8b 45
0x00000182d3cea5b2:   d8 48 85 c0 0f 84 12 00 00 00 48 83 40 08 01 48
0x00000182d3cea5c2:   83 58 08 00 48 83 c0 10 48 89 45 d8 48 8b 45 d8
0x00000182d3cea5d2:   48 85 c0 0f 84 35 01 00 00 80 78 f0 0a 0f 85 2b
0x00000182d3cea5e2:   01 00 00 48 83 c0 08 4c 8b 68 f8 41 83 ed 00 41
0x00000182d3cea5f2:   83 fd 02 0f 8c 0a 01 00 00 4c 8b 6b 08 45 0f b7
0x00000182d3cea602:   6d 2c 4c 2b 28 41 83 ed 01 4e 8b 6c ec 08 4d 85
0x00000182d3cea612:   ed 75 07 48 83 48 08 01 eb 53 45 8b 6d 08 49 ba
0x00000182d3cea622:   00 00 00 00 08 00 00 00 4d 03 ea 4c 33 68 08 49
0x00000182d3cea632:   f7 c5 fc ff ff ff 74 35 49 f7 c5 02 00 00 00 75
0x00000182d3cea642:   2c 48 81 78 08 00 00 00 00 74 1e 48 81 78 08 01
0x00000182d3cea652:   00 00 00 74 14 4c 33 68 08 49 f7 c5 fc ff ff ff
0x00000182d3cea662:   74 0b 48 83 48 08 02 eb 04 4c 89 68 08 48 83 c0 


Stack slot to memory mapping:
stack at sp + 0 slots: 0x0000000b9cbfeeb0 is pointing into the stack for thread: 0x00000182f147b8a0
stack at sp + 1 slots: 0x00000182efa436e3 is pointing into metadata
stack at sp + 2 slots: 0x0000000b9cbfef50 is pointing into the stack for thread: 0x00000182f147b8a0
stack at sp + 3 slots: 0x00000182efa985b8 is pointing into metadata
stack at sp + 4 slots: 0x0 is NULL
stack at sp + 5 slots: 0x0000000702212a30 is an oop: java.lang.Class 
{0x0000000702212a30} - klass: 'java/lang/Class'
 - ---- fields (total size 17 words):
 - private volatile transient 'classRedefinedCount' 'I' @12  0
 - private volatile transient 'cachedConstructor' 'Ljava/lang/reflect/Constructor;' @40  NULL (0)
 - private transient 'name' 'Ljava/lang/String;' @44  "com.zaxxer.hikari.pool.HikariPool"{0x0000000702027560} (e0404eac)
 - private transient 'module' 'Ljava/lang/Module;' @48  a 'java/lang/Module'{0x000000070165bd40} (e02cb7a8)
 - private final 'classLoader' 'Ljava/lang/ClassLoader;' @52  a 'jdk/internal/loader/ClassLoaders$AppClassLoader'{0x00000007016409a0} (e02c8134)
 - private transient 'classData' 'Ljava/lang/Object;' @56  NULL (0)
 - private transient 'packageName' 'Ljava/lang/String;' @60  "com.zaxxer.hikari.pool"{0x00000007021375a0} (e0426eb4)
 - private final 'componentType' 'Ljava/lang/Class;' @64  NULL (0)
 - private volatile transient 'reflectionData' 'Ljava/lang/ref/SoftReference;' @68  NULL (0)
 - private volatile transient 'genericInfo' 'Lsun/reflect/generics/repository/ClassRepository;' @72  NULL (0)
 - private volatile transient 'enumConstants' '[Ljava/lang/Object;' @76  NULL (0)
 - private volatile transient 'enumConstantDirectory' 'Ljava/util/Map;' @80  NULL (0)
 - private volatile transient 'annotationData' 'Ljava/lang/Class$AnnotationData;' @84  NULL (0)
 - private volatile transient 'annotationType' 'Lsun/reflect/annotation/AnnotationType;' @88  NULL (0)
 - transient 'classValueMap' 'Ljava/lang/ClassValue$ClassValueMap;' @92  NULL (0)
 - signature: Lcom/zaxxer/hikari/pool/HikariPool;
 - fake entry for mirror: 'com/zaxxer/hikari/pool/HikariPool'
 - fake entry for array: NULL
 - fake entry for oop_size: 17
 - fake entry for static_oop_field_count: 2
 - public static final 'POOL_NORMAL' 'I' @120  0
 - public static final 'POOL_SUSPENDED' 'I' @124  1
 - public static final 'POOL_SHUTDOWN' 'I' @128  2
 - private static final 'EVICTED_CONNECTION_MESSAGE' 'Ljava/lang/String;' @112  "(connection was evicted)"{0x0000000702212af8} (e044255f)
 - private static final 'DEAD_CONNECTION_MESSAGE' 'Ljava/lang/String;' @116  "(connection is dead)"{0x0000000702212ab8} (e0442557)
stack at sp + 6 slots: {method} {0x00000182efa4b188} 'createPoolEntry' '()Lcom/zaxxer/hikari/pool/PoolEntry;' in 'com/zaxxer/hikari/pool/HikariPool'
stack at sp + 7 slots: 0x0 is NULL

invokestatic  184 invokestatic  [0x00000182d3cea460, 0x00000182d3cea720]  704 bytes
[MachCode]
  0x00000182d3cea460: 4883 ec08 | c5fa 1104 | 24eb 1f48 | 83ec 10c5 | fb11 0424 | eb14 4883 | ec10 4889 | 0424 48c7 
  0x00000182d3cea480: 4424 0800 | 0000 00eb | 0150 4c89 | 6dc0 410f | b755 0148 | 8b4d d0c1 | e202 8b5c | d120 c1eb 
  0x00000182d3cea4a0: 1081 e3ff | 0000 0081 | fbb8 0000 | 000f 84b6 | 0000 00bb | b800 0000 | e805 0000 | 00e9 9b00 
  0x00000182d3cea4c0: 0000 488b | d348 8d44 | 2408 4c89 | 6dc0 498b | cfc5 f877 | 4989 af98 | 0200 0049 | 8987 8802 
  0x00000182d3cea4e0: 0000 4883 | ec20 f7c4 | 0f00 0000 | 0f84 1a00 | 0000 4883 | ec08 49ba | e022 8484 | fb7f 0000 
  0x00000182d3cea500: 41ff d248 | 83c4 08e9 | 0d00 0000 | 49ba e022 | 8484 fb7f | 0000 41ff | d248 83c4 | 2049 c787 
  0x00000182d3cea520: 8802 0000 | 0000 0000 | 49c7 8798 | 0200 0000 | 0000 0049 | c787 9002 | 0000 0000 | 0000 c5f8 
  0x00000182d3cea540: 7749 817f | 0800 0000 | 000f 8405 | 0000 00e9 | ac69 feff | 4c8b 6dc0 | 4c8b 75c8 | c341 0fb7 
  0x00000182d3cea560: 5501 488b | 4dd0 c1e2 | 0248 8b5c | d128 488b | 5b08 488b | 5b08 488b | 5b18 80bb | 3301 0000 
  0x00000182d3cea580: 040f 840d | 0000 004c | 3bbb 3801 | 0000 0f85 | 1fff ffff | 488b 5cd1 | 288b 54d1 | 38c1 ea1c 
  0x00000182d3cea5a0: 49ba 30c7 | 0485 fb7f | 0000 498b | 14d2 5248 | 8b45 d848 | 85c0 0f84 | 1200 0000 | 4883 4008 
  0x00000182d3cea5c0: 0148 8358 | 0800 4883 | c010 4889 | 45d8 488b | 45d8 4885 | c00f 8435 | 0100 0080 | 78f0 0a0f 
  0x00000182d3cea5e0: 852b 0100 | 0048 83c0 | 084c 8b68 | f841 83ed | 0041 83fd | 020f 8c0a | 0100 004c | 8b6b 0845 
  0x00000182d3cea600: 0fb7 6d2c | 4c2b 2841 | 83ed 014e | 8b6c ec08 | 4d85 ed75 | 0748 8348 | 0801 eb53 | 458b 6d08 
  0x00000182d3cea620: 49ba 0000 | 0000 0800 | 0000 4d03 | ea4c 3368 | 0849 f7c5 | fcff ffff | 7435 49f7 | c502 0000 
  0x00000182d3cea640: 0075 2c48 | 8178 0800 | 0000 0074 | 1e48 8178 | 0801 0000 | 0074 144c | 3368 0849 | f7c5 fcff 
  0x00000182d3cea660: ffff 740b | 4883 4808 | 02eb 044c | 8968 0848 | 83c0 104c | 8b68 e841 | 83ed 0241 | 83fd 020f 
  0x00000182d3cea680: 8c80 0000 | 004c 8b6b | 0845 0fb7 | 6d2c 4c2b | 2841 83ed | 014e 8b6c | ec08 4d85 | ed75 0748 
  0x00000182d3cea6a0: 8348 0801 | eb53 458b | 6d08 49ba | 0000 0000 | 0800 0000 | 4d03 ea4c | 3368 0849 | f7c5 fcff 
  0x00000182d3cea6c0: ffff 7435 | 49f7 c502 | 0000 0075 | 2c48 8178 | 0800 0000 | 0074 1e48 | 8178 0801 | 0000 0074 
  0x00000182d3cea6e0: 144c 3368 | 0849 f7c5 | fcff ffff | 740b 4883 | 4808 02eb | 044c 8968 | 0848 83c0 | 104c 8b68 
  0x00000182d3cea700: d841 83ed | 0441 c1e5 | 0349 03c5 | 4889 45d8 | 4c8d 6c24 | 084c 896d | f0ff 6350 | 0f1f 4000 
[/MachCode]

---------------  P R O C E S S  ---------------

Threads class SMR info:
_java_thread_list=0x00000182f2d7e0d0, length=34, elements={
0x00000182e8c46660, 0x00000182e8c47320, 0x00000182e8c9b010, 0x00000182e8c9b8d0,
0x00000182e8c9c190, 0x00000182e8c9ca50, 0x00000182e8c6cb60, 0x00000182e8c6d510,
0x00000182e8ca4fe0, 0x00000182e8dfa710, 0x00000182e8e13010, 0x00000182eb043c20,
0x00000182f147a090, 0x00000182f1475860, 0x00000182f1476200, 0x00000182f14796f0,
0x00000182f14783b0, 0x00000182f147b3d0, 0x00000182f147aa30, 0x00000182f147c240,
0x00000182f147c710, 0x00000182f147cbe0, 0x00000182f14766d0, 0x00000182f1476ba0,
0x00000182f1477070, 0x00000182f1477540, 0x00000182f1477a10, 0x00000182eb046770,
0x00000182eb043750, 0x00000182eb045430, 0x00000182eb0440f0, 0x00000182f1479220,
0x00000182f147b8a0, 0x00000182c9b21760
}

Java Threads: ( => current thread )
  0x00000182e8c46660 JavaThread "Reference Handler" daemon [_thread_blocked, id=16284, stack(0x0000000b9d400000,0x0000000b9d500000)]
  0x00000182e8c47320 JavaThread "Finalizer" daemon [_thread_blocked, id=12780, stack(0x0000000b9d500000,0x0000000b9d600000)]
  0x00000182e8c9b010 JavaThread "Signal Dispatcher" daemon [_thread_blocked, id=5760, stack(0x0000000b9d600000,0x0000000b9d700000)]
  0x00000182e8c9b8d0 JavaThread "Attach Listener" daemon [_thread_blocked, id=3260, stack(0x0000000b9d700000,0x0000000b9d800000)]
  0x00000182e8c9c190 JavaThread "Service Thread" daemon [_thread_blocked, id=16220, stack(0x0000000b9d800000,0x0000000b9d900000)]
  0x00000182e8c9ca50 JavaThread "Monitor Deflation Thread" daemon [_thread_blocked, id=14948, stack(0x0000000b9d900000,0x0000000b9da00000)]
  0x00000182e8c6cb60 JavaThread "C2 CompilerThread0" daemon [_thread_blocked, id=12256, stack(0x0000000b9da00000,0x0000000b9db00000)]
  0x00000182e8c6d510 JavaThread "C1 CompilerThread0" daemon [_thread_blocked, id=3216, stack(0x0000000b9db00000,0x0000000b9dc00000)]
  0x00000182e8ca4fe0 JavaThread "Sweeper thread" daemon [_thread_blocked, id=15980, stack(0x0000000b9dc00000,0x0000000b9dd00000)]
  0x00000182e8dfa710 JavaThread "Notification Thread" daemon [_thread_blocked, id=7128, stack(0x0000000b9dd00000,0x0000000b9de00000)]
  0x00000182e8e13010 JavaThread "Common-Cleaner" daemon [_thread_blocked, id=12388, stack(0x0000000b9df00000,0x0000000b9e000000)]
  0x00000182eb043c20 JavaThread "mysql-cj-abandoned-connection-cleanup" daemon [_thread_blocked, id=9340, stack(0x0000000b9f200000,0x0000000b9f300000)]
  0x00000182f147a090 JavaThread "Live Reload Server" daemon [_thread_in_native, id=11144, stack(0x0000000b9f800000,0x0000000b9f900000)]
  0x00000182f1475860 JavaThread "DestroyJavaVM" [_thread_blocked, id=288, stack(0x0000000b9cd00000,0x0000000b9ce00000)]
  0x00000182f1476200 JavaThread "Catalina-utility-1" [_thread_blocked, id=14656, stack(0x0000000b9ef00000,0x0000000b9f000000)]
  0x00000182f14796f0 JavaThread "Catalina-utility-2" [_thread_blocked, id=13364, stack(0x0000000b9f000000,0x0000000b9f100000)]
  0x00000182f14783b0 JavaThread "container-0" [_thread_blocked, id=2820, stack(0x0000000b9f100000,0x0000000b9f200000)]
  0x00000182f147b3d0 JavaThread "HikariPool-2 housekeeper" daemon [_thread_blocked, id=6008, stack(0x0000000b9f400000,0x0000000b9f500000)]
  0x00000182f147aa30 JavaThread "File Watcher" daemon [_thread_blocked, id=12012, stack(0x0000000b9f600000,0x0000000b9f700000)]
  0x00000182f147c240 JavaThread "http-nio-8888-exec-1" daemon [_thread_blocked, id=9276, stack(0x0000000b9f700000,0x0000000b9f800000)]
  0x00000182f147c710 JavaThread "http-nio-8888-exec-2" daemon [_thread_blocked, id=2936, stack(0x0000000b9f900000,0x0000000b9fa00000)]
  0x00000182f147cbe0 JavaThread "http-nio-8888-exec-3" daemon [_thread_blocked, id=13512, stack(0x0000000b9fa00000,0x0000000b9fb00000)]
  0x00000182f14766d0 JavaThread "http-nio-8888-exec-4" daemon [_thread_blocked, id=15668, stack(0x0000000b9fb00000,0x0000000b9fc00000)]
  0x00000182f1476ba0 JavaThread "http-nio-8888-exec-5" daemon [_thread_blocked, id=10708, stack(0x0000000b9fc00000,0x0000000b9fd00000)]
  0x00000182f1477070 JavaThread "http-nio-8888-exec-6" daemon [_thread_blocked, id=14864, stack(0x0000000b9fd00000,0x0000000b9fe00000)]
  0x00000182f1477540 JavaThread "http-nio-8888-exec-7" daemon [_thread_blocked, id=11620, stack(0x0000000b9fe00000,0x0000000b9ff00000)]
  0x00000182f1477a10 JavaThread "http-nio-8888-exec-8" daemon [_thread_blocked, id=5712, stack(0x0000000b9ff00000,0x0000000ba0000000)]
  0x00000182eb046770 JavaThread "http-nio-8888-exec-9" daemon [_thread_blocked, id=8372, stack(0x0000000ba0000000,0x0000000ba0100000)]
  0x00000182eb043750 JavaThread "http-nio-8888-exec-10" daemon [_thread_blocked, id=856, stack(0x0000000ba0100000,0x0000000ba0200000)]
  0x00000182eb045430 JavaThread "http-nio-8888-Poller" daemon [_thread_in_native, id=11644, stack(0x0000000ba0200000,0x0000000ba0300000)]
  0x00000182eb0440f0 JavaThread "http-nio-8888-Acceptor" daemon [_thread_in_native, id=15404, stack(0x0000000ba0300000,0x0000000ba0400000)]
  0x00000182f1479220 JavaThread "HikariPool-2 connection closer" daemon [_thread_blocked, id=14376, stack(0x0000000b9ca00000,0x0000000b9cb00000)]
=>0x00000182f147b8a0 JavaThread "HikariPool-2 connection adder" daemon [_thread_in_Java, id=12108, stack(0x0000000b9cb00000,0x0000000b9cc00000)]
  0x00000182c9b21760 JavaThread "C2 CompilerThread1" daemon [_thread_blocked, id=11496, stack(0x0000000b9e000000,0x0000000b9e100000)]

Other Threads:
  0x00000182e80e9390 VMThread "VM Thread" [stack: 0x0000000b9d300000,0x0000000b9d400000] [id=12124]
  0x00000182e8dff050 WatcherThread [stack: 0x0000000b9de00000,0x0000000b9df00000] [id=1192]
  0x00000182c9b98090 GCTaskThread "GC Thread#0" [stack: 0x0000000b9ce00000,0x0000000b9cf00000] [id=13004]
  0x00000182e97c3660 GCTaskThread "GC Thread#1" [stack: 0x0000000b9e400000,0x0000000b9e500000] [id=12316]
  0x00000182e99eeab0 GCTaskThread "GC Thread#2" [stack: 0x0000000b9e500000,0x0000000b9e600000] [id=6944]
  0x00000182e99eed60 GCTaskThread "GC Thread#3" [stack: 0x0000000b9e600000,0x0000000b9e700000] [id=15836]
  0x00000182e9780540 GCTaskThread "GC Thread#4" [stack: 0x0000000b9e700000,0x0000000b9e800000] [id=13304]
  0x00000182e97807f0 GCTaskThread "GC Thread#5" [stack: 0x0000000b9e800000,0x0000000b9e900000] [id=15556]
  0x00000182ea5eea80 GCTaskThread "GC Thread#6" [stack: 0x0000000b9ea00000,0x0000000b9eb00000] [id=13644]
  0x00000182ea015d60 GCTaskThread "GC Thread#7" [stack: 0x0000000b9eb00000,0x0000000b9ec00000] [id=11024]
  0x00000182ea1e3f00 GCTaskThread "GC Thread#8" [stack: 0x0000000b9ec00000,0x0000000b9ed00000] [id=11548]
  0x00000182ebb4cc90 GCTaskThread "GC Thread#9" [stack: 0x0000000b9e900000,0x0000000b9ea00000] [id=10864]
  0x00000182c9ba8e90 ConcurrentGCThread "G1 Main Marker" [stack: 0x0000000b9cf00000,0x0000000b9d000000] [id=3424]
  0x00000182c9ba98a0 ConcurrentGCThread "G1 Conc#0" [stack: 0x0000000b9d000000,0x0000000b9d100000] [id=4344]
  0x00000182ea716a20 ConcurrentGCThread "G1 Conc#1" [stack: 0x0000000b9ed00000,0x0000000b9ee00000] [id=13940]
  0x00000182eb488430 ConcurrentGCThread "G1 Conc#2" [stack: 0x0000000b9ee00000,0x0000000b9ef00000] [id=2084]
  0x00000182c9bddad0 ConcurrentGCThread "G1 Refine#0" [stack: 0x0000000b9d100000,0x0000000b9d200000] [id=14340]
  0x00000182ee06ba90 ConcurrentGCThread "G1 Refine#1" [stack: 0x0000000ba0900000,0x0000000ba0a00000] [id=6692]
  0x00000182ee06cbd0 ConcurrentGCThread "G1 Refine#2" [stack: 0x0000000ba0a00000,0x0000000ba0b00000] [id=14228]
  0x00000182ee06a670 ConcurrentGCThread "G1 Refine#3" [stack: 0x0000000ba0b00000,0x0000000ba0c00000] [id=5236]
  0x00000182c9bde4f0 ConcurrentGCThread "G1 Service" [stack: 0x0000000b9d200000,0x0000000b9d300000] [id=8156]

Threads with active compile tasks:

VM state: not at safepoint (normal execution)

VM Mutex/Monitor currently owned by a thread: None

Heap address: 0x0000000701400000, size: 4076 MB, Compressed Oops mode: Zero based, Oop shift amount: 3

CDS archive(s) not mapped
Compressed class space mapped at: 0x0000000800000000-0x0000000840000000, reserved size: 1073741824
Narrow klass base: 0x0000000800000000, Narrow klass shift: 0, Narrow klass range: 0x40000000

GC Precious Log:
 CPUs: 12 total, 12 available
 Memory: 16301M
 Large Page Support: Disabled
 NUMA Support: Disabled
 Compressed Oops: Enabled (Zero based)
 Heap Region Size: 2M
 Heap Min Capacity: 8M
 Heap Initial Capacity: 256M
 Heap Max Capacity: 4076M
 Pre-touch: Disabled
 Parallel Workers: 10
 Concurrent Workers: 3
 Concurrent Refinement Workers: 10
 Periodic GC: Disabled

Heap:
 garbage-first heap   total 229376K, used 95360K [0x0000000701400000, 0x0000000800000000)
  region size 2048K, 23 young (47104K), 3 survivors (6144K)
 Metaspace       used 82844K, committed 83392K, reserved 1122304K
  class space    used 10816K, committed 11072K, reserved 1048576K

Heap Regions: E=young(eden), S=young(survivor), O=old, HS=humongous(starts), HC=humongous(continues), CS=collection set, F=free, OA=open archive, CA=closed archive, TAMS=top-at-mark-start (previous, next)
|   0|0x0000000701400000, 0x0000000701600000, 0x0000000701600000|100%| O|  |TAMS 0x0000000701600000, 0x0000000701400000| Untracked 
|   1|0x0000000701600000, 0x00000007017ff968, 0x0000000701800000| 99%| O|  |TAMS 0x00000007017ff968, 0x0000000701600000| Untracked 
|   2|0x0000000701800000, 0x0000000701a00000, 0x0000000701a00000|100%| O|  |TAMS 0x0000000701a00000, 0x0000000701800000| Untracked 
|   3|0x0000000701a00000, 0x0000000701bfffc0, 0x0000000701c00000| 99%| O|  |TAMS 0x0000000701bfffc0, 0x0000000701a00000| Untracked 
|   4|0x0000000701c00000, 0x0000000701dffff8, 0x0000000701e00000| 99%| O|  |TAMS 0x0000000701dffff8, 0x0000000701c00000| Untracked 
|   5|0x0000000701e00000, 0x0000000701ffc358, 0x0000000702000000| 99%| O|  |TAMS 0x0000000701ffc358, 0x0000000701e00000| Untracked 
|   6|0x0000000702000000, 0x00000007021fff78, 0x0000000702200000| 99%| O|  |TAMS 0x00000007021fff78, 0x0000000702000000| Untracked 
|   7|0x0000000702200000, 0x00000007023fffe0, 0x0000000702400000| 99%| O|  |TAMS 0x00000007023fffe0, 0x0000000702200000| Untracked 
|   8|0x0000000702400000, 0x00000007025c9c00, 0x0000000702600000| 89%| O|  |TAMS 0x00000007025c9c00, 0x0000000702400000| Untracked 
|   9|0x0000000702600000, 0x00000007027fffe0, 0x0000000702800000| 99%| O|  |TAMS 0x00000007027fffe0, 0x0000000702600000| Untracked 
|  10|0x0000000702800000, 0x0000000702960448, 0x0000000702a00000| 68%| O|  |TAMS 0x0000000702960448, 0x0000000702800000| Untracked 
|  11|0x0000000702a00000, 0x0000000702b421b8, 0x0000000702c00000| 62%| O|  |TAMS 0x0000000702b421b8, 0x0000000702a00000| Untracked 
|  12|0x0000000702c00000, 0x0000000702d8c1e0, 0x0000000702e00000| 77%| O|  |TAMS 0x0000000702d8c1e0, 0x0000000702c00000| Untracked 
|  13|0x0000000702e00000, 0x0000000702f68d28, 0x0000000703000000| 70%| O|  |TAMS 0x0000000702f68d28, 0x0000000702e00000| Untracked 
|  14|0x0000000703000000, 0x0000000703200000, 0x0000000703200000|100%| O|  |TAMS 0x0000000703200000, 0x0000000703000000| Untracked 
|  15|0x0000000703200000, 0x0000000703400000, 0x0000000703400000|100%| O|  |TAMS 0x0000000703400000, 0x0000000703200000| Untracked 
|  16|0x0000000703400000, 0x0000000703600000, 0x0000000703600000|100%| O|  |TAMS 0x0000000703600000, 0x0000000703400000| Untracked 
|  17|0x0000000703600000, 0x0000000703800000, 0x0000000703800000|100%| O|  |TAMS 0x0000000703800000, 0x0000000703600000| Untracked 
|  18|0x0000000703800000, 0x00000007038022b0, 0x0000000703a00000|  0%| O|  |TAMS 0x00000007038022b0, 0x0000000703800000| Untracked 
|  19|0x0000000703a00000, 0x0000000703c00000, 0x0000000703c00000|100%| O|  |TAMS 0x0000000703c00000, 0x0000000703a00000| Untracked 
|  20|0x0000000703c00000, 0x0000000703e00000, 0x0000000703e00000|100%| O|  |TAMS 0x0000000703e00000, 0x0000000703c00000| Untracked 
|  21|0x0000000703e00000, 0x0000000704000000, 0x0000000704000000|100%| O|  |TAMS 0x0000000704000000, 0x0000000703e00000| Untracked 
|  22|0x0000000704000000, 0x0000000704200000, 0x0000000704200000|100%| O|  |TAMS 0x0000000704032400, 0x0000000704000000| Untracked 
|  23|0x0000000704200000, 0x0000000704400000, 0x0000000704400000|100%| O|  |TAMS 0x0000000704200000, 0x0000000704200000| Untracked 
|  24|0x0000000704400000, 0x0000000704600000, 0x0000000704600000|100%| O|  |TAMS 0x0000000704400000, 0x0000000704400000| Untracked 
|  25|0x0000000704600000, 0x0000000704800000, 0x0000000704800000|100%| O|  |TAMS 0x0000000704600000, 0x0000000704600000| Untracked 
|  26|0x0000000704800000, 0x00000007049c1400, 0x0000000704a00000| 87%| O|  |TAMS 0x0000000704800000, 0x0000000704800000| Untracked 
|  27|0x0000000704a00000, 0x0000000704a00000, 0x0000000704c00000|  0%| F|  |TAMS 0x0000000704a00000, 0x0000000704a00000| Untracked 
|  28|0x0000000704c00000, 0x0000000704c00000, 0x0000000704e00000|  0%| F|  |TAMS 0x0000000704c00000, 0x0000000704c00000| Untracked 
|  29|0x0000000704e00000, 0x0000000704e00000, 0x0000000705000000|  0%| F|  |TAMS 0x0000000704e00000, 0x0000000704e00000| Untracked 
|  30|0x0000000705000000, 0x0000000705000000, 0x0000000705200000|  0%| F|  |TAMS 0x0000000705000000, 0x0000000705000000| Untracked 
|  31|0x0000000705200000, 0x0000000705200000, 0x0000000705400000|  0%| F|  |TAMS 0x0000000705200000, 0x0000000705200000| Untracked 
|  32|0x0000000705400000, 0x0000000705400000, 0x0000000705600000|  0%| F|  |TAMS 0x0000000705400000, 0x0000000705400000| Untracked 
|  33|0x0000000705600000, 0x0000000705600000, 0x0000000705800000|  0%| F|  |TAMS 0x0000000705600000, 0x0000000705600000| Untracked 
|  34|0x0000000705800000, 0x0000000705800000, 0x0000000705a00000|  0%| F|  |TAMS 0x0000000705800000, 0x0000000705800000| Untracked 
|  35|0x0000000705a00000, 0x0000000705a00000, 0x0000000705c00000|  0%| F|  |TAMS 0x0000000705a00000, 0x0000000705a00000| Untracked 
|  36|0x0000000705c00000, 0x0000000705c00000, 0x0000000705e00000|  0%| F|  |TAMS 0x0000000705c00000, 0x0000000705c00000| Untracked 
|  37|0x0000000705e00000, 0x0000000705e00000, 0x0000000706000000|  0%| F|  |TAMS 0x0000000705e00000, 0x0000000705e00000| Untracked 
|  38|0x0000000706000000, 0x0000000706000000, 0x0000000706200000|  0%| F|  |TAMS 0x0000000706000000, 0x0000000706000000| Untracked 
|  39|0x0000000706200000, 0x0000000706200000, 0x0000000706400000|  0%| F|  |TAMS 0x0000000706200000, 0x0000000706200000| Untracked 
|  40|0x0000000706400000, 0x0000000706400000, 0x0000000706600000|  0%| F|  |TAMS 0x0000000706400000, 0x0000000706400000| Untracked 
|  41|0x0000000706600000, 0x0000000706600000, 0x0000000706800000|  0%| F|  |TAMS 0x0000000706600000, 0x0000000706600000| Untracked 
|  42|0x0000000706800000, 0x0000000706800000, 0x0000000706a00000|  0%| F|  |TAMS 0x0000000706800000, 0x0000000706800000| Untracked 
|  43|0x0000000706a00000, 0x0000000706a00000, 0x0000000706c00000|  0%| F|  |TAMS 0x0000000706a00000, 0x0000000706a00000| Untracked 
|  44|0x0000000706c00000, 0x0000000706c00000, 0x0000000706e00000|  0%| F|  |TAMS 0x0000000706c00000, 0x0000000706c00000| Untracked 
|  45|0x0000000706e00000, 0x0000000706e00000, 0x0000000707000000|  0%| F|  |TAMS 0x0000000706e00000, 0x0000000706e00000| Untracked 
|  46|0x0000000707000000, 0x0000000707000000, 0x0000000707200000|  0%| F|  |TAMS 0x0000000707000000, 0x0000000707000000| Untracked 
|  47|0x0000000707200000, 0x0000000707200000, 0x0000000707400000|  0%| F|  |TAMS 0x0000000707200000, 0x0000000707200000| Untracked 
|  48|0x0000000707400000, 0x0000000707400000, 0x0000000707600000|  0%| F|  |TAMS 0x0000000707400000, 0x0000000707400000| Untracked 
|  49|0x0000000707600000, 0x0000000707600000, 0x0000000707800000|  0%| F|  |TAMS 0x0000000707600000, 0x0000000707600000| Untracked 
|  50|0x0000000707800000, 0x0000000707800000, 0x0000000707a00000|  0%| F|  |TAMS 0x0000000707800000, 0x0000000707800000| Untracked 
|  51|0x0000000707a00000, 0x0000000707c00000, 0x0000000707c00000|100%| S|CS|TAMS 0x0000000707a00000, 0x0000000707a00000| Complete 
|  52|0x0000000707c00000, 0x0000000707e00000, 0x0000000707e00000|100%| S|CS|TAMS 0x0000000707c00000, 0x0000000707c00000| Complete 
|  53|0x0000000707e00000, 0x0000000708000000, 0x0000000708000000|100%| S|CS|TAMS 0x0000000707e00000, 0x0000000707e00000| Complete 
|  54|0x0000000708000000, 0x0000000708000000, 0x0000000708200000|  0%| F|  |TAMS 0x0000000708000000, 0x0000000708000000| Untracked 
|  55|0x0000000708200000, 0x0000000708200000, 0x0000000708400000|  0%| F|  |TAMS 0x0000000708200000, 0x0000000708200000| Untracked 
|  56|0x0000000708400000, 0x0000000708400000, 0x0000000708600000|  0%| F|  |TAMS 0x0000000708400000, 0x0000000708400000| Untracked 
|  57|0x0000000708600000, 0x0000000708600000, 0x0000000708800000|  0%| F|  |TAMS 0x0000000708600000, 0x0000000708600000| Untracked 
|  58|0x0000000708800000, 0x0000000708800000, 0x0000000708a00000|  0%| F|  |TAMS 0x0000000708800000, 0x0000000708800000| Untracked 
|  59|0x0000000708a00000, 0x0000000708a00000, 0x0000000708c00000|  0%| F|  |TAMS 0x0000000708a00000, 0x0000000708a00000| Untracked 
|  60|0x0000000708c00000, 0x0000000708c00000, 0x0000000708e00000|  0%| F|  |TAMS 0x0000000708c00000, 0x0000000708c00000| Untracked 
|  61|0x0000000708e00000, 0x0000000708e00000, 0x0000000709000000|  0%| F|  |TAMS 0x0000000708e00000, 0x0000000708e00000| Untracked 
|  62|0x0000000709000000, 0x0000000709000000, 0x0000000709200000|  0%| F|  |TAMS 0x0000000709000000, 0x0000000709000000| Untracked 
|  63|0x0000000709200000, 0x0000000709200000, 0x0000000709400000|  0%| F|  |TAMS 0x0000000709200000, 0x0000000709200000| Untracked 
|  64|0x0000000709400000, 0x0000000709400000, 0x0000000709600000|  0%| F|  |TAMS 0x0000000709400000, 0x0000000709400000| Untracked 
|  65|0x0000000709600000, 0x0000000709600000, 0x0000000709800000|  0%| F|  |TAMS 0x0000000709600000, 0x0000000709600000| Untracked 
|  66|0x0000000709800000, 0x0000000709800000, 0x0000000709a00000|  0%| F|  |TAMS 0x0000000709800000, 0x0000000709800000| Untracked 
|  67|0x0000000709a00000, 0x0000000709a00000, 0x0000000709c00000|  0%| F|  |TAMS 0x0000000709a00000, 0x0000000709a00000| Untracked 
|  68|0x0000000709c00000, 0x0000000709c00000, 0x0000000709e00000|  0%| F|  |TAMS 0x0000000709c00000, 0x0000000709c00000| Untracked 
|  69|0x0000000709e00000, 0x0000000709e00000, 0x000000070a000000|  0%| F|  |TAMS 0x0000000709e00000, 0x0000000709e00000| Untracked 
|  70|0x000000070a000000, 0x000000070a000000, 0x000000070a200000|  0%| F|  |TAMS 0x000000070a000000, 0x000000070a000000| Untracked 
|  71|0x000000070a200000, 0x000000070a200000, 0x000000070a400000|  0%| F|  |TAMS 0x000000070a200000, 0x000000070a200000| Untracked 
|  72|0x000000070a400000, 0x000000070a400000, 0x000000070a600000|  0%| F|  |TAMS 0x000000070a400000, 0x000000070a400000| Untracked 
|  73|0x000000070a600000, 0x000000070a600000, 0x000000070a800000|  0%| F|  |TAMS 0x000000070a600000, 0x000000070a600000| Untracked 
|  74|0x000000070a800000, 0x000000070a800000, 0x000000070aa00000|  0%| F|  |TAMS 0x000000070a800000, 0x000000070a800000| Untracked 
|  75|0x000000070aa00000, 0x000000070aa00000, 0x000000070ac00000|  0%| F|  |TAMS 0x000000070aa00000, 0x000000070aa00000| Untracked 
|  76|0x000000070ac00000, 0x000000070ac00000, 0x000000070ae00000|  0%| F|  |TAMS 0x000000070ac00000, 0x000000070ac00000| Untracked 
|  77|0x000000070ae00000, 0x000000070ae00000, 0x000000070b000000|  0%| F|  |TAMS 0x000000070ae00000, 0x000000070ae00000| Untracked 
|  78|0x000000070b000000, 0x000000070b000000, 0x000000070b200000|  0%| F|  |TAMS 0x000000070b000000, 0x000000070b000000| Untracked 
|  79|0x000000070b200000, 0x000000070b200000, 0x000000070b400000|  0%| F|  |TAMS 0x000000070b200000, 0x000000070b200000| Untracked 
|  80|0x000000070b400000, 0x000000070b400000, 0x000000070b600000|  0%| F|  |TAMS 0x000000070b400000, 0x000000070b400000| Untracked 
|  81|0x000000070b600000, 0x000000070b600000, 0x000000070b800000|  0%| F|  |TAMS 0x000000070b600000, 0x000000070b600000| Untracked 
|  82|0x000000070b800000, 0x000000070b800000, 0x000000070ba00000|  0%| F|  |TAMS 0x000000070b800000, 0x000000070b800000| Untracked 
|  83|0x000000070ba00000, 0x000000070ba00000, 0x000000070bc00000|  0%| F|  |TAMS 0x000000070ba00000, 0x000000070ba00000| Untracked 
|  84|0x000000070bc00000, 0x000000070bc00000, 0x000000070be00000|  0%| F|  |TAMS 0x000000070bc00000, 0x000000070bc00000| Untracked 
|  85|0x000000070be00000, 0x000000070be00000, 0x000000070c000000|  0%| F|  |TAMS 0x000000070be00000, 0x000000070be00000| Untracked 
|  86|0x000000070c000000, 0x000000070c000000, 0x000000070c200000|  0%| F|  |TAMS 0x000000070c000000, 0x000000070c000000| Untracked 
|  87|0x000000070c200000, 0x000000070c200000, 0x000000070c400000|  0%| F|  |TAMS 0x000000070c200000, 0x000000070c200000| Untracked 
|  88|0x000000070c400000, 0x000000070c400000, 0x000000070c600000|  0%| F|  |TAMS 0x000000070c400000, 0x000000070c400000| Untracked 
|  89|0x000000070c600000, 0x000000070c600000, 0x000000070c800000|  0%| F|  |TAMS 0x000000070c600000, 0x000000070c600000| Untracked 
|  90|0x000000070c800000, 0x000000070c800000, 0x000000070ca00000|  0%| F|  |TAMS 0x000000070c800000, 0x000000070c800000| Untracked 
|  91|0x000000070ca00000, 0x000000070ca00000, 0x000000070cc00000|  0%| F|  |TAMS 0x000000070ca00000, 0x000000070ca00000| Untracked 
|  92|0x000000070cc00000, 0x000000070cd8ec78, 0x000000070ce00000| 77%| E|  |TAMS 0x000000070cc00000, 0x000000070cc00000| Complete 
|  93|0x000000070ce00000, 0x000000070d000000, 0x000000070d000000|100%| E|CS|TAMS 0x000000070ce00000, 0x000000070ce00000| Complete 
|  94|0x000000070d000000, 0x000000070d200000, 0x000000070d200000|100%| E|CS|TAMS 0x000000070d000000, 0x000000070d000000| Complete 
|  95|0x000000070d200000, 0x000000070d400000, 0x000000070d400000|100%| E|CS|TAMS 0x000000070d200000, 0x000000070d200000| Complete 
|  96|0x000000070d400000, 0x000000070d600000, 0x000000070d600000|100%| E|CS|TAMS 0x000000070d400000, 0x000000070d400000| Complete 
|  97|0x000000070d600000, 0x000000070d800000, 0x000000070d800000|100%| E|CS|TAMS 0x000000070d600000, 0x000000070d600000| Complete 
|  98|0x000000070d800000, 0x000000070da00000, 0x000000070da00000|100%| E|CS|TAMS 0x000000070d800000, 0x000000070d800000| Complete 
|  99|0x000000070da00000, 0x000000070dc00000, 0x000000070dc00000|100%| E|CS|TAMS 0x000000070da00000, 0x000000070da00000| Complete 
| 100|0x000000070dc00000, 0x000000070de00000, 0x000000070de00000|100%| E|CS|TAMS 0x000000070dc00000, 0x000000070dc00000| Complete 
| 101|0x000000070de00000, 0x000000070e000000, 0x000000070e000000|100%| E|CS|TAMS 0x000000070de00000, 0x000000070de00000| Complete 
| 102|0x000000070e000000, 0x000000070e200000, 0x000000070e200000|100%| E|CS|TAMS 0x000000070e000000, 0x000000070e000000| Complete 
| 103|0x000000070e200000, 0x000000070e400000, 0x000000070e400000|100%| E|CS|TAMS 0x000000070e200000, 0x000000070e200000| Complete 
| 104|0x000000070e400000, 0x000000070e600000, 0x000000070e600000|100%| E|CS|TAMS 0x000000070e400000, 0x000000070e400000| Complete 
| 105|0x000000070e600000, 0x000000070e800000, 0x000000070e800000|100%| E|CS|TAMS 0x000000070e600000, 0x000000070e600000| Complete 
| 106|0x000000070e800000, 0x000000070ea00000, 0x000000070ea00000|100%| E|CS|TAMS 0x000000070e800000, 0x000000070e800000| Complete 
| 107|0x000000070ea00000, 0x000000070ec00000, 0x000000070ec00000|100%| E|CS|TAMS 0x000000070ea00000, 0x000000070ea00000| Complete 
| 108|0x000000070ec00000, 0x000000070ee00000, 0x000000070ee00000|100%| E|CS|TAMS 0x000000070ec00000, 0x000000070ec00000| Complete 
| 109|0x000000070ee00000, 0x000000070f000000, 0x000000070f000000|100%| E|CS|TAMS 0x000000070ee00000, 0x000000070ee00000| Complete 
| 110|0x000000070f000000, 0x000000070f200000, 0x000000070f200000|100%| E|CS|TAMS 0x000000070f000000, 0x000000070f000000| Complete 
| 111|0x000000070f200000, 0x000000070f400000, 0x000000070f400000|100%| E|CS|TAMS 0x000000070f200000, 0x000000070f200000| Complete 

Card table byte_map: [0x00000182dc4f0000,0x00000182dccf0000] _byte_map_base: 0x00000182d8ce6000

Marking Bits (Prev, Next): (CMBitMap*) 0x00000182c9b986a0, (CMBitMap*) 0x00000182c9b986e0
 Prev Bits: [0x00000182dd4f0000, 0x00000182e14a0000)
 Next Bits: [0x00000182e14a0000, 0x00000182e5450000)

Polling page: 0x00000182c7a60000

Metaspace:

Usage:
  Non-class:     70.34 MB used.
      Class:     10.56 MB used.
       Both:     80.90 MB used.

Virtual space:
  Non-class space:       72.00 MB reserved,      70.62 MB ( 98%) committed,  9 nodes.
      Class space:        1.00 GB reserved,      10.81 MB (  1%) committed,  1 nodes.
             Both:        1.07 GB reserved,      81.44 MB (  7%) committed. 

Chunk freelists:
   Non-Class:  1.09 MB
       Class:  1.00 MB
        Both:  2.09 MB

MaxMetaspaceSize: unlimited
CompressedClassSpaceSize: 1.00 GB
Initial GC threshold: 21.00 MB
Current GC threshold: 129.19 MB
CDS: off
MetaspaceReclaimPolicy: balanced
 - commit_granule_bytes: 65536.
 - commit_granule_words: 8192.
 - virtual_space_node_default_size: 1048576.
 - enlarge_chunks_in_place: 1.
 - new_chunks_are_fully_committed: 0.
 - uncommit_free_chunks: 1.
 - use_allocation_guard: 0.
 - handle_deallocations: 1.


Internal statistics:

num_allocs_failed_limit: 9.
num_arena_births: 884.
num_arena_deaths: 4.
num_vsnodes_births: 10.
num_vsnodes_deaths: 0.
num_space_committed: 1303.
num_space_uncommitted: 0.
num_chunks_returned_to_freelist: 15.
num_chunks_taken_from_freelist: 3678.
num_chunk_merges: 9.
num_chunk_splits: 2575.
num_chunks_enlarged: 1927.
num_purges: 6.
num_inconsistent_stats: 0.

CodeHeap 'non-profiled nmethods': size=120000Kb used=5681Kb max_used=5681Kb free=114318Kb
 bounds [0x00000182d4270000, 0x00000182d4810000, 0x00000182db7a0000]
CodeHeap 'profiled nmethods': size=120000Kb used=16041Kb max_used=17612Kb free=103958Kb
 bounds [0x00000182cc7a0000, 0x00000182cd8e0000, 0x00000182d3cd0000]
CodeHeap 'non-nmethods': size=5760Kb used=1368Kb max_used=1466Kb free=4391Kb
 bounds [0x00000182d3cd0000, 0x00000182d3f40000, 0x00000182d4270000]
 total_blobs=8974 nmethods=8276 adapters=609
 compilation: enabled
              stopped_count=0, restarted_count=0
 full_count=0

Compilation events (20 events):
Event: 1781.295 Thread 0x00000182e8c6d510 9770 %     3       sun.security.provider.HashDrbg::addBytes @ 33 (130 bytes)
Event: 1781.295 Thread 0x00000182e8c6d510 nmethod 9770% 0x00000182cc989310 code [0x00000182cc9894e0, 0x00000182cc9899d8]
Event: 1781.297 Thread 0x00000182e8c6cb60 nmethod 9766 0x00000182d4470910 code [0x00000182d4470ac0, 0x00000182d4470e48]
Event: 1781.297 Thread 0x00000182e8c6cb60 9773 %     4       sun.security.provider.SHA2::implCompress0 @ 220 (490 bytes)
Event: 1781.299 Thread 0x00000182e8c6d510 9775   !   3       javax.crypto.JceSecurity::getVerificationResult (226 bytes)
Event: 1781.299 Thread 0x00000182e8c6d510 nmethod 9775 0x00000182cce6b190 code [0x00000182cce6b460, 0x00000182cce6c0e8]
Event: 1781.299 Thread 0x00000182e8c6d510 9780       3       javax.crypto.JceSecurity$IdentityWrapper::<init> (10 bytes)
Event: 1781.299 Thread 0x00000182e8c6d510 nmethod 9780 0x00000182cca31690 code [0x00000182cca31820, 0x00000182cca319d8]
Event: 1781.299 Thread 0x00000182e8c6d510 9776       3       javax.crypto.Mac::update (63 bytes)
Event: 1781.299 Thread 0x00000182c9b21760 9774       4       java.util.LinkedList::indexOf (73 bytes)
Event: 1781.299 Thread 0x00000182e8c6d510 nmethod 9776 0x00000182cd0daf10 code [0x00000182cd0db120, 0x00000182cd0dba88]
Event: 1781.299 Thread 0x00000182e8c6d510 9777       3       com.sun.crypto.provider.HmacCore::engineUpdate (33 bytes)
Event: 1781.299 Thread 0x00000182e8c6d510 nmethod 9777 0x00000182cd0b8c90 code [0x00000182cd0b8e60, 0x00000182cd0b9558]
Event: 1781.299 Thread 0x00000182e8c6d510 9778       3       javax.crypto.Mac::doFinal (65 bytes)
Event: 1781.300 Thread 0x00000182e8c6d510 nmethod 9778 0x00000182cd3fd590 code [0x00000182cd3fd7c0, 0x00000182cd3fde28]
Event: 1781.300 Thread 0x00000182e8c6d510 9783   !   3       sun.security.ssl.SSLCipher$T13GcmReadCipherGenerator$GcmReadCipher::decrypt (525 bytes)
Event: 1781.301 Thread 0x00000182c9b21760 nmethod 9774 0x00000182d4470510 code [0x00000182d44706a0, 0x00000182d4470818]
Event: 1781.301 Thread 0x00000182c9b21760 9785       4       jdk.internal.misc.Unsafe::checkOffset (32 bytes)
Event: 1781.301 Thread 0x00000182c9b21760 nmethod 9785 0x00000182d4470210 code [0x00000182d4470380, 0x00000182d4470418]
Event: 1781.301 Thread 0x00000182c9b21760 9772       4       java.util.Arrays$ArrayList::contains (14 bytes)

GC Heap History (20 events):
Event: 4.459 GC heap before
{Heap before GC invocations=28 (full 0):
 garbage-first heap   total 157696K, used 111770K [0x0000000701400000, 0x0000000800000000)
  region size 2048K, 33 young (67584K), 1 survivors (2048K)
 Metaspace       used 75694K, committed 76224K, reserved 1122304K
  class space    used 10056K, committed 10304K, reserved 1048576K
}
Event: 4.462 GC heap after
{Heap after GC invocations=29 (full 0):
 garbage-first heap   total 157696K, used 54905K [0x0000000701400000, 0x0000000800000000)
  region size 2048K, 4 young (8192K), 4 survivors (8192K)
 Metaspace       used 75694K, committed 76224K, reserved 1122304K
  class space    used 10056K, committed 10304K, reserved 1048576K
}
Event: 22.377 GC heap before
{Heap before GC invocations=29 (full 0):
 garbage-first heap   total 157696K, used 87673K [0x0000000701400000, 0x0000000800000000)
  region size 2048K, 21 young (43008K), 4 survivors (8192K)
 Metaspace       used 76802K, committed 77376K, reserved 1122304K
  class space    used 10192K, committed 10432K, reserved 1048576K
}
Event: 22.403 GC heap after
{Heap after GC invocations=30 (full 1):
 garbage-first heap   total 102400K, used 25979K [0x0000000701400000, 0x0000000800000000)
  region size 2048K, 0 young (0K), 0 survivors (0K)
 Metaspace       used 76802K, committed 77376K, reserved 1122304K
  class space    used 10192K, committed 10432K, reserved 1048576K
}
Event: 22.740 GC heap before
{Heap before GC invocations=30 (full 1):
 garbage-first heap   total 102400K, used 68987K [0x0000000701400000, 0x0000000800000000)
  region size 2048K, 21 young (43008K), 0 survivors (0K)
 Metaspace       used 77332K, committed 77888K, reserved 1122304K
  class space    used 10221K, committed 10496K, reserved 1048576K
}
Event: 22.741 GC heap after
{Heap after GC invocations=31 (full 1):
 garbage-first heap   total 102400K, used 29692K [0x0000000701400000, 0x0000000800000000)
  region size 2048K, 2 young (4096K), 2 survivors (4096K)
 Metaspace       used 77332K, committed 77888K, reserved 1122304K
  class space    used 10221K, committed 10496K, reserved 1048576K
}
Event: 22.941 GC heap before
{Heap before GC invocations=31 (full 1):
 garbage-first heap   total 102400K, used 70652K [0x0000000701400000, 0x0000000800000000)
  region size 2048K, 22 young (45056K), 2 survivors (4096K)
 Metaspace       used 78173K, committed 78784K, reserved 1122304K
  class space    used 10267K, committed 10560K, reserved 1048576K
}
Event: 22.943 GC heap after
{Heap after GC invocations=32 (full 1):
 garbage-first heap   total 102400K, used 31716K [0x0000000701400000, 0x0000000800000000)
  region size 2048K, 2 young (4096K), 2 survivors (4096K)
 Metaspace       used 78173K, committed 78784K, reserved 1122304K
  class space    used 10267K, committed 10560K, reserved 1048576K
}
Event: 23.033 GC heap before
{Heap before GC invocations=32 (full 1):
 garbage-first heap   total 102400K, used 72676K [0x0000000701400000, 0x0000000800000000)
  region size 2048K, 22 young (45056K), 2 survivors (4096K)
 Metaspace       used 78548K, committed 79168K, reserved 1122304K
  class space    used 10290K, committed 10560K, reserved 1048576K
}
Event: 23.035 GC heap after
{Heap after GC invocations=33 (full 1):
 garbage-first heap   total 102400K, used 32386K [0x0000000701400000, 0x0000000800000000)
  region size 2048K, 2 young (4096K), 2 survivors (4096K)
 Metaspace       used 78548K, committed 79168K, reserved 1122304K
  class space    used 10290K, committed 10560K, reserved 1048576K
}
Event: 23.133 GC heap before
{Heap before GC invocations=33 (full 1):
 garbage-first heap   total 102400K, used 71298K [0x0000000701400000, 0x0000000800000000)
  region size 2048K, 22 young (45056K), 2 survivors (4096K)
 Metaspace       used 78688K, committed 79232K, reserved 1122304K
  class space    used 10292K, committed 10560K, reserved 1048576K
}
Event: 23.136 GC heap after
{Heap after GC invocations=34 (full 1):
 garbage-first heap   total 102400K, used 37824K [0x0000000701400000, 0x0000000800000000)
  region size 2048K, 3 young (6144K), 3 survivors (6144K)
 Metaspace       used 78688K, committed 79232K, reserved 1122304K
  class space    used 10292K, committed 10560K, reserved 1048576K
}
Event: 23.183 GC heap before
{Heap before GC invocations=34 (full 1):
 garbage-first heap   total 102400K, used 72640K [0x0000000701400000, 0x0000000800000000)
  region size 2048K, 21 young (43008K), 3 survivors (6144K)
 Metaspace       used 78739K, committed 79360K, reserved 1122304K
  class space    used 10296K, committed 10560K, reserved 1048576K
}
Event: 23.187 GC heap after
{Heap after GC invocations=35 (full 1):
 garbage-first heap   total 102400K, used 46660K [0x0000000701400000, 0x0000000800000000)
  region size 2048K, 3 young (6144K), 3 survivors (6144K)
 Metaspace       used 78739K, committed 79360K, reserved 1122304K
  class space    used 10296K, committed 10560K, reserved 1048576K
}
Event: 23.228 GC heap before
{Heap before GC invocations=35 (full 1):
 garbage-first heap   total 102400K, used 71236K [0x0000000701400000, 0x0000000800000000)
  region size 2048K, 16 young (32768K), 3 survivors (6144K)
 Metaspace       used 78766K, committed 79360K, reserved 1122304K
  class space    used 10296K, committed 10560K, reserved 1048576K
}
Event: 23.233 GC heap after
{Heap after GC invocations=36 (full 1):
 garbage-first heap   total 229376K, used 54400K [0x0000000701400000, 0x0000000800000000)
  region size 2048K, 2 young (4096K), 2 survivors (4096K)
 Metaspace       used 78766K, committed 79360K, reserved 1122304K
  class space    used 10296K, committed 10560K, reserved 1048576K
}
Event: 27.193 GC heap before
{Heap before GC invocations=37 (full 1):
 garbage-first heap   total 229376K, used 152704K [0x0000000701400000, 0x0000000800000000)
  region size 2048K, 51 young (104448K), 2 survivors (4096K)
 Metaspace       used 80665K, committed 81280K, reserved 1122304K
  class space    used 10539K, committed 10816K, reserved 1048576K
}
Event: 27.195 GC heap after
{Heap after GC invocations=38 (full 1):
 garbage-first heap   total 229376K, used 56017K [0x0000000701400000, 0x0000000800000000)
  region size 2048K, 3 young (6144K), 3 survivors (6144K)
 Metaspace       used 80665K, committed 81280K, reserved 1122304K
  class space    used 10539K, committed 10816K, reserved 1048576K
}
Event: 1292.683 GC heap before
{Heap before GC invocations=38 (full 1):
 garbage-first heap   total 229376K, used 168657K [0x0000000701400000, 0x0000000800000000)
  region size 2048K, 58 young (118784K), 3 survivors (6144K)
 Metaspace       used 82835K, committed 83392K, reserved 1122304K
  class space    used 10816K, committed 11072K, reserved 1048576K
}
Event: 1292.685 GC heap after
{Heap after GC invocations=39 (full 1):
 garbage-first heap   total 229376K, used 56448K [0x0000000701400000, 0x0000000800000000)
  region size 2048K, 3 young (6144K), 3 survivors (6144K)
 Metaspace       used 82835K, committed 83392K, reserved 1122304K
  class space    used 10816K, committed 11072K, reserved 1048576K
}

Dll operation events (9 events):
Event: 0.006 Loaded shared library C:\Users\Administrator\.vscode\extensions\redhat.java-1.15.0-win32-x64\jre\17.0.6-win32-x86_64\bin\java.dll
Event: 0.090 Loaded shared library C:\Users\Administrator\.vscode\extensions\redhat.java-1.15.0-win32-x64\jre\17.0.6-win32-x86_64\bin\net.dll
Event: 0.091 Loaded shared library C:\Users\Administrator\.vscode\extensions\redhat.java-1.15.0-win32-x64\jre\17.0.6-win32-x86_64\bin\nio.dll
Event: 0.096 Loaded shared library C:\Users\Administrator\.vscode\extensions\redhat.java-1.15.0-win32-x64\jre\17.0.6-win32-x86_64\bin\zip.dll
Event: 0.159 Loaded shared library C:\Users\Administrator\.vscode\extensions\redhat.java-1.15.0-win32-x64\jre\17.0.6-win32-x86_64\bin\jimage.dll
Event: 0.329 Loaded shared library C:\Users\Administrator\.vscode\extensions\redhat.java-1.15.0-win32-x64\jre\17.0.6-win32-x86_64\bin\management.dll
Event: 0.330 Loaded shared library C:\Users\Administrator\.vscode\extensions\redhat.java-1.15.0-win32-x64\jre\17.0.6-win32-x86_64\bin\management_ext.dll
Event: 0.631 Loaded shared library C:\Users\Administrator\.vscode\extensions\redhat.java-1.15.0-win32-x64\jre\17.0.6-win32-x86_64\bin\verify.dll
Event: 1.888 Loaded shared library C:\Users\Administrator\.vscode\extensions\redhat.java-1.15.0-win32-x64\jre\17.0.6-win32-x86_64\bin\sunmscapi.dll

Deoptimization events (20 events):
Event: 27.238 Thread 0x00000182f147c710 Uncommon trap: trap_request=0xffffff45 fr.pc=0x00000182d42d5b84 relative=0x0000000000000084
Event: 27.238 Thread 0x00000182f147c710 Uncommon trap: reason=unstable_if action=reinterpret pc=0x00000182d42d5b84 method=java.lang.CharacterDataLatin1.isWhitespace(I)Z @ 14 c2
Event: 27.238 Thread 0x00000182f147c710 DEOPT PACKING pc=0x00000182d42d5b84 sp=0x0000000b9f9fa5d0
Event: 27.238 Thread 0x00000182f147c710 DEOPT UNPACKING pc=0x00000182d3d269a3 sp=0x0000000b9f9fa540 mode 2
Event: 27.257 Thread 0x00000182f147c710 Uncommon trap: trap_request=0xffffff54 fr.pc=0x00000182d47568d0 relative=0x0000000000000290
Event: 27.257 Thread 0x00000182f147c710 Uncommon trap: reason=speculate_null_assert action=make_not_entrant pc=0x00000182d47568d0 method=org.springframework.util.ClassUtils.isAssignable(Ljava/lang/Class;Ljava/lang/Class;)Z @ 67 c2
Event: 27.257 Thread 0x00000182f147c710 DEOPT PACKING pc=0x00000182d47568d0 sp=0x0000000b9f9fbb20
Event: 27.257 Thread 0x00000182f147c710 DEOPT UNPACKING pc=0x00000182d3d269a3 sp=0x0000000b9f9fbac8 mode 2
Event: 27.259 Thread 0x00000182f147c710 Uncommon trap: trap_request=0xffffffde fr.pc=0x00000182d42e16d4 relative=0x0000000000000494
Event: 27.259 Thread 0x00000182f147c710 Uncommon trap: reason=class_check action=maybe_recompile pc=0x00000182d42e16d4 method=org.springframework.data.util.Streamable.stream()Ljava/util/stream/Stream; @ 1 c2
Event: 27.259 Thread 0x00000182f147c710 DEOPT PACKING pc=0x00000182d42e16d4 sp=0x0000000b9f9fb7b0
Event: 27.259 Thread 0x00000182f147c710 DEOPT UNPACKING pc=0x00000182d3d269a3 sp=0x0000000b9f9fb780 mode 2
Event: 27.259 Thread 0x00000182f147c710 Uncommon trap: trap_request=0xffffffde fr.pc=0x00000182d434a56c relative=0x000000000000022c
Event: 27.259 Thread 0x00000182f147c710 Uncommon trap: reason=class_check action=maybe_recompile pc=0x00000182d434a56c method=java.lang.Iterable.spliterator()Ljava/util/Spliterator; @ 1 c2
Event: 27.259 Thread 0x00000182f147c710 DEOPT PACKING pc=0x00000182d434a56c sp=0x0000000b9f9fb750
Event: 27.259 Thread 0x00000182f147c710 DEOPT UNPACKING pc=0x00000182d3d269a3 sp=0x0000000b9f9fb710 mode 2
Event: 27.293 Thread 0x00000182f147c710 Uncommon trap: trap_request=0xffffff45 fr.pc=0x00000182d467fa54 relative=0x0000000000001874
Event: 27.293 Thread 0x00000182f147c710 Uncommon trap: reason=unstable_if action=reinterpret pc=0x00000182d467fa54 method=java.util.concurrent.ConcurrentHashMap.putVal(Ljava/lang/Object;Ljava/lang/Object;Z)Ljava/lang/Object; @ 162 c2
Event: 27.293 Thread 0x00000182f147c710 DEOPT PACKING pc=0x00000182d467fa54 sp=0x0000000b9f9fd070
Event: 27.293 Thread 0x00000182f147c710 DEOPT UNPACKING pc=0x00000182d3d269a3 sp=0x0000000b9f9fd018 mode 2

Classes unloaded (2 events):
Event: 4.272 Thread 0x00000182e80e9390 Unloading class 0x000000080097c000 'jdk/internal/reflect/GeneratedSerializationConstructorAccessor1'
Event: 23.262 Thread 0x00000182e80e9390 Unloading class 0x0000000800a34800 'jdk/internal/reflect/GeneratedSerializationConstructorAccessor2'

Classes redefined (0 events):
No events

Internal exceptions (20 events):
Event: 23.292 Thread 0x00000182f147c240 Exception <a 'sun/nio/fs/WindowsException'{0x000000070d9514f8}> (0x000000070d9514f8) 
thrown [s\src\hotspot\share\prims\jni.cpp, line 516]
Event: 23.292 Thread 0x00000182f147cbe0 Exception <a 'sun/nio/fs/WindowsException'{0x000000070d98ef18}> (0x000000070d98ef18) 
thrown [s\src\hotspot\share\prims\jni.cpp, line 516]
Event: 23.292 Thread 0x00000182f147cbe0 Exception <a 'sun/nio/fs/WindowsException'{0x000000070d98f158}> (0x000000070d98f158) 
thrown [s\src\hotspot\share\prims\jni.cpp, line 516]
Event: 23.292 Thread 0x00000182f147c240 Exception <a 'sun/nio/fs/WindowsException'{0x000000070d951cf0}> (0x000000070d951cf0) 
thrown [s\src\hotspot\share\prims\jni.cpp, line 516]
Event: 23.292 Thread 0x00000182f147c240 Exception <a 'sun/nio/fs/WindowsException'{0x000000070d951e88}> (0x000000070d951e88) 
thrown [s\src\hotspot\share\prims\jni.cpp, line 516]
Event: 23.292 Thread 0x00000182f147cbe0 Exception <a 'sun/nio/fs/WindowsException'{0x000000070d98f9e0}> (0x000000070d98f9e0) 
thrown [s\src\hotspot\share\prims\jni.cpp, line 516]
Event: 23.292 Thread 0x00000182f147c240 Exception <a 'sun/nio/fs/WindowsException'{0x000000070d952690}> (0x000000070d952690) 
thrown [s\src\hotspot\share\prims\jni.cpp, line 516]
Event: 23.292 Thread 0x00000182f147cbe0 Exception <a 'sun/nio/fs/WindowsException'{0x000000070d98fc20}> (0x000000070d98fc20) 
thrown [s\src\hotspot\share\prims\jni.cpp, line 516]
Event: 23.292 Thread 0x00000182f147c240 Exception <a 'sun/nio/fs/WindowsException'{0x000000070d952890}> (0x000000070d952890) 
thrown [s\src\hotspot\share\prims\jni.cpp, line 516]
Event: 23.292 Thread 0x00000182f147c240 Exception <a 'sun/nio/fs/WindowsException'{0x000000070d953108}> (0x000000070d953108) 
thrown [s\src\hotspot\share\prims\jni.cpp, line 516]
Event: 23.292 Thread 0x00000182f147c240 Exception <a 'sun/nio/fs/WindowsException'{0x000000070d953318}> (0x000000070d953318) 
thrown [s\src\hotspot\share\prims\jni.cpp, line 516]
Event: 23.292 Thread 0x00000182f147c240 Exception <a 'sun/nio/fs/WindowsException'{0x000000070d953ba8}> (0x000000070d953ba8) 
thrown [s\src\hotspot\share\prims\jni.cpp, line 516]
Event: 23.292 Thread 0x00000182f147c240 Exception <a 'sun/nio/fs/WindowsException'{0x000000070d953dd8}> (0x000000070d953dd8) 
thrown [s\src\hotspot\share\prims\jni.cpp, line 516]
Event: 23.292 Thread 0x00000182f147c240 Exception <a 'sun/nio/fs/WindowsException'{0x000000070d954660}> (0x000000070d954660) 
thrown [s\src\hotspot\share\prims\jni.cpp, line 516]
Event: 23.292 Thread 0x00000182f147c240 Exception <a 'sun/nio/fs/WindowsException'{0x000000070d954890}> (0x000000070d954890) 
thrown [s\src\hotspot\share\prims\jni.cpp, line 516]
Event: 27.116 Thread 0x00000182f147c240 Exception <a 'java/lang/NoSuchMethodError'{0x0000000709680480}: 'java.lang.Object java.lang.invoke.DirectMethodHandle$Holder.invokeSpecial(java.lang.Object, java.lang.Object, java.lang.Object, java.lang.Object, java.lang.Object, long)'> (0x0000000709680480) 
thrown [s\src\hotspot\share\interpreter\linkResolver.cpp, line 759]
Event: 27.116 Thread 0x00000182f147c240 Exception <a 'java/lang/NoSuchMethodError'{0x0000000709683ec0}: 'java.lang.Object java.lang.invoke.Invokers$Holder.linkToTargetMethod(java.lang.Object, java.lang.Object, java.lang.Object, long, java.lang.Object)'> (0x0000000709683ec0) 
thrown [s\src\hotspot\share\interpreter\linkResolver.cpp, line 759]
Event: 27.227 Thread 0x00000182f147c710 Exception <a 'java/lang/IncompatibleClassChangeError'{0x000000070f0994b0}: Found class java.lang.Object, but interface was expected> (0x000000070f0994b0) 
thrown [s\src\hotspot\share\interpreter\linkResolver.cpp, line 826]
Event: 27.264 Thread 0x00000182f147c710 Exception <a 'java/lang/reflect/InvocationTargetException'{0x000000070eedca98}> (0x000000070eedca98) 
thrown [s\src\hotspot\share\runtime\reflection.cpp, line 1121]
Event: 27.264 Thread 0x00000182f147c710 Exception <a 'java/lang/reflect/InvocationTargetException'{0x000000070eedd010}> (0x000000070eedd010) 
thrown [s\src\hotspot\share\runtime\reflection.cpp, line 1121]

VM Operations (20 events):
Event: 653.437 Executing VM operation: Cleanup
Event: 653.437 Executing VM operation: Cleanup done
Event: 692.779 Executing VM operation: Cleanup
Event: 692.779 Executing VM operation: Cleanup done
Event: 744.241 Executing VM operation: Cleanup
Event: 744.241 Executing VM operation: Cleanup done
Event: 834.073 Executing VM operation: Cleanup
Event: 834.073 Executing VM operation: Cleanup done
Event: 1024.047 Executing VM operation: Cleanup
Event: 1024.047 Executing VM operation: Cleanup done
Event: 1064.458 Executing VM operation: Cleanup
Event: 1064.458 Executing VM operation: Cleanup done
Event: 1105.950 Executing VM operation: Cleanup
Event: 1105.950 Executing VM operation: Cleanup done
Event: 1292.683 Executing VM operation: G1CollectForAllocation
Event: 1292.685 Executing VM operation: G1CollectForAllocation done
Event: 1294.709 Executing VM operation: Cleanup
Event: 1294.709 Executing VM operation: Cleanup done
Event: 1347.208 Executing VM operation: Cleanup
Event: 1347.208 Executing VM operation: Cleanup done

Events (20 events):
Event: 27.159 Thread 0x00000182c9b21760 Thread added: 0x00000182c9b21760
Event: 27.169 Thread 0x00000182e9fdd680 Thread added: 0x00000182e9fdd680
Event: 27.175 loading class java/time/format/DateTimeFormatterBuilder$ZoneTextPrinterParser
Event: 27.175 loading class java/time/format/DateTimeFormatterBuilder$ZoneTextPrinterParser done
Event: 27.175 loading class java/time/format/DateTimeFormatterBuilder$ReducedPrinterParser
Event: 27.175 loading class java/time/format/DateTimeFormatterBuilder$ReducedPrinterParser done
Event: 27.285 loading class java/lang/Throwable$WrappedPrintWriter
Event: 27.285 loading class java/lang/Throwable$PrintStreamOrWriter
Event: 27.286 loading class java/lang/Throwable$PrintStreamOrWriter done
Event: 27.286 loading class java/lang/Throwable$WrappedPrintWriter done
Event: 27.311 loading class java/util/stream/LongStream
Event: 27.311 loading class java/util/stream/LongStream done
Event: 27.311 loading class java/util/stream/DoubleStream
Event: 27.311 loading class java/util/stream/DoubleStream done
Event: 28.158 Thread 0x00000182f1479220 Thread exited: 0x00000182f1479220
Event: 28.517 Thread 0x00000182e9fdd680 Thread exited: 0x00000182e9fdd680
Event: 33.421 Thread 0x00000182c9b21760 Thread exited: 0x00000182c9b21760
Event: 1781.293 Thread 0x00000182f1479220 Thread added: 0x00000182f1479220
Event: 1781.293 Thread 0x00000182f147b8a0 Thread added: 0x00000182f147b8a0
Event: 1781.299 Thread 0x00000182c9b21760 Thread added: 0x00000182c9b21760


Dynamic libraries:
0x00007ff6def90000 - 0x00007ff6def9e000 	C:\Users\Administrator\.vscode\extensions\redhat.java-1.15.0-win32-x64\jre\17.0.6-win32-x86_64\bin\java.exe
0x00007ffbc2bf0000 - 0x00007ffbc2de8000 	C:\Windows\SYSTEM32\ntdll.dll
0x00007ffbc2570000 - 0x00007ffbc262f000 	C:\Windows\System32\KERNEL32.DLL
0x00007ffbc0310000 - 0x00007ffbc05e2000 	C:\Windows\System32\KERNELBASE.dll
0x00007ffbc0ae0000 - 0x00007ffbc0be0000 	C:\Windows\System32\ucrtbase.dll
0x00007ffb87f90000 - 0x00007ffb87fa7000 	C:\Users\Administrator\.vscode\extensions\redhat.java-1.15.0-win32-x64\jre\17.0.6-win32-x86_64\bin\jli.dll
0x00007ffb87fb0000 - 0x00007ffb87fc9000 	C:\Users\Administrator\.vscode\extensions\redhat.java-1.15.0-win32-x64\jre\17.0.6-win32-x86_64\bin\VCRUNTIME140.dll
0x00007ffbc0c30000 - 0x00007ffbc0dd1000 	C:\Windows\System32\USER32.dll
0x00007ffbc02e0000 - 0x00007ffbc0302000 	C:\Windows\System32\win32u.dll
0x00007ffbc14d0000 - 0x00007ffbc14fb000 	C:\Windows\System32\GDI32.dll
0x00007ffbc0710000 - 0x00007ffbc081f000 	C:\Windows\System32\gdi32full.dll
0x00007ffbc0a40000 - 0x00007ffbc0add000 	C:\Windows\System32\msvcp_win.dll
0x00007ffbaebc0000 - 0x00007ffbaee5a000 	C:\Windows\WinSxS\amd64_microsoft.windows.common-controls_6595b64144ccf1df_6.0.19041.1110_none_60b5254171f9507e\COMCTL32.dll
0x00007ffbc2a20000 - 0x00007ffbc2abe000 	C:\Windows\System32\msvcrt.dll
0x00007ffbc2ac0000 - 0x00007ffbc2af2000 	C:\Windows\System32\IMM32.DLL
0x00007ffba9520000 - 0x00007ffba952c000 	C:\Users\Administrator\.vscode\extensions\redhat.java-1.15.0-win32-x64\jre\17.0.6-win32-x86_64\bin\vcruntime140_1.dll
0x00007ffb85110000 - 0x00007ffb851a1000 	C:\Users\Administrator\.vscode\extensions\redhat.java-1.15.0-win32-x64\jre\17.0.6-win32-x86_64\bin\msvcp140.dll
0x00007ffb844c0000 - 0x00007ffb85107000 	C:\Users\Administrator\.vscode\extensions\redhat.java-1.15.0-win32-x64\jre\17.0.6-win32-x86_64\bin\server\jvm.dll
0x00007ffbc1370000 - 0x00007ffbc141e000 	C:\Windows\System32\ADVAPI32.dll
0x00007ffbc1d50000 - 0x00007ffbc1dec000 	C:\Windows\System32\sechost.dll
0x00007ffbc0de0000 - 0x00007ffbc0f05000 	C:\Windows\System32\RPCRT4.dll
0x00007ffbabe40000 - 0x00007ffbabe49000 	C:\Windows\SYSTEM32\WSOCK32.dll
0x00007ffbb9150000 - 0x00007ffbb9177000 	C:\Windows\SYSTEM32\WINMM.dll
0x00007ffbc1500000 - 0x00007ffbc156b000 	C:\Windows\System32\WS2_32.dll
0x00007ffbbb240000 - 0x00007ffbbb24a000 	C:\Windows\SYSTEM32\VERSION.dll
0x00007ffbbe1c0000 - 0x00007ffbbe1d2000 	C:\Windows\SYSTEM32\kernel.appcore.dll
0x00007ffba7fa0000 - 0x00007ffba7faa000 	C:\Users\Administrator\.vscode\extensions\redhat.java-1.15.0-win32-x64\jre\17.0.6-win32-x86_64\bin\jimage.dll
0x00007ffbba590000 - 0x00007ffbba774000 	C:\Windows\SYSTEM32\DBGHELP.DLL
0x00007ffbba480000 - 0x00007ffbba4b5000 	C:\Windows\SYSTEM32\dbgcore.DLL
0x00007ffbc0850000 - 0x00007ffbc08d2000 	C:\Windows\System32\bcryptPrimitives.dll
0x00007ffb84450000 - 0x00007ffb84475000 	C:\Users\Administrator\.vscode\extensions\redhat.java-1.15.0-win32-x64\jre\17.0.6-win32-x86_64\bin\java.dll
0x00007ffb84430000 - 0x00007ffb84448000 	C:\Users\Administrator\.vscode\extensions\redhat.java-1.15.0-win32-x64\jre\17.0.6-win32-x86_64\bin\zip.dll
0x00007ffbc1e00000 - 0x00007ffbc2545000 	C:\Windows\System32\SHELL32.dll
0x00007ffbbe3c0000 - 0x00007ffbbeb52000 	C:\Windows\SYSTEM32\windows.storage.dll
0x00007ffbc2630000 - 0x00007ffbc2985000 	C:\Windows\System32\combase.dll
0x00007ffbbfd40000 - 0x00007ffbbfd70000 	C:\Windows\SYSTEM32\Wldp.dll
0x00007ffbc2b00000 - 0x00007ffbc2bad000 	C:\Windows\System32\SHCORE.dll
0x00007ffbc1cf0000 - 0x00007ffbc1d45000 	C:\Windows\System32\shlwapi.dll
0x00007ffbc0220000 - 0x00007ffbc023f000 	C:\Windows\SYSTEM32\profapi.dll
0x00007ffb84410000 - 0x00007ffb84429000 	C:\Users\Administrator\.vscode\extensions\redhat.java-1.15.0-win32-x64\jre\17.0.6-win32-x86_64\bin\net.dll
0x00007ffbbb810000 - 0x00007ffbbb91c000 	C:\Windows\SYSTEM32\WINHTTP.dll
0x00007ffbbfaa0000 - 0x00007ffbbfb0a000 	C:\Windows\system32\mswsock.dll
0x00007ffb843f0000 - 0x00007ffb84405000 	C:\Users\Administrator\.vscode\extensions\redhat.java-1.15.0-win32-x64\jre\17.0.6-win32-x86_64\bin\nio.dll
0x00007ffba0520000 - 0x00007ffba0529000 	C:\Users\Administrator\.vscode\extensions\redhat.java-1.15.0-win32-x64\jre\17.0.6-win32-x86_64\bin\management.dll
0x00007ffb9fa80000 - 0x00007ffb9fa8b000 	C:\Users\Administrator\.vscode\extensions\redhat.java-1.15.0-win32-x64\jre\17.0.6-win32-x86_64\bin\management_ext.dll
0x00007ffbc1df0000 - 0x00007ffbc1df8000 	C:\Windows\System32\PSAPI.DLL
0x00007ffba6dd0000 - 0x00007ffba6de0000 	C:\Users\Administrator\.vscode\extensions\redhat.java-1.15.0-win32-x64\jre\17.0.6-win32-x86_64\bin\verify.dll
0x00007ffbbfc90000 - 0x00007ffbbfca8000 	C:\Windows\SYSTEM32\CRYPTSP.dll
0x00007ffbbf350000 - 0x00007ffbbf384000 	C:\Windows\system32\rsaenh.dll
0x00007ffbc0820000 - 0x00007ffbc0847000 	C:\Windows\System32\bcrypt.dll
0x00007ffbc01e0000 - 0x00007ffbc020e000 	C:\Windows\SYSTEM32\USERENV.dll
0x00007ffbbfcb0000 - 0x00007ffbbfcbc000 	C:\Windows\SYSTEM32\CRYPTBASE.dll
0x00007ffbbf740000 - 0x00007ffbbf77b000 	C:\Windows\SYSTEM32\IPHLPAPI.DLL
0x00007ffbc1870000 - 0x00007ffbc1878000 	C:\Windows\System32\NSI.dll
0x00007ffbba4c0000 - 0x00007ffbba4d7000 	C:\Windows\SYSTEM32\dhcpcsvc6.DLL
0x00007ffbbb1a0000 - 0x00007ffbbb1bd000 	C:\Windows\SYSTEM32\dhcpcsvc.DLL
0x00007ffbbf780000 - 0x00007ffbbf84b000 	C:\Windows\SYSTEM32\DNSAPI.dll
0x00007ffb9f770000 - 0x00007ffb9f77e000 	C:\Users\Administrator\.vscode\extensions\redhat.java-1.15.0-win32-x64\jre\17.0.6-win32-x86_64\bin\sunmscapi.dll
0x00007ffbc08e0000 - 0x00007ffbc0a36000 	C:\Windows\System32\CRYPT32.dll
0x00007ffbbfdb0000 - 0x00007ffbbfdd7000 	C:\Windows\SYSTEM32\ncrypt.dll
0x00007ffbbfd70000 - 0x00007ffbbfdab000 	C:\Windows\SYSTEM32\NTASN1.dll
0x00007ffbacf70000 - 0x00007ffbacf7a000 	C:\Windows\System32\rasadhlp.dll
0x00007ffbad770000 - 0x00007ffbad7f0000 	C:\Windows\System32\fwpuclnt.dll
0x00007ffba4070000 - 0x00007ffba4077000 	C:\Windows\system32\wshunix.dll

dbghelp: loaded successfully - version: 4.0.5 - missing functions: none
symbol engine: initialized successfully - sym options: 0x614 - pdb path: .;C:\Users\Administrator\.vscode\extensions\redhat.java-1.15.0-win32-x64\jre\17.0.6-win32-x86_64\bin;C:\Windows\SYSTEM32;C:\Windows\WinSxS\amd64_microsoft.windows.common-controls_6595b64144ccf1df_6.0.19041.1110_none_60b5254171f9507e;C:\Users\Administrator\.vscode\extensions\redhat.java-1.15.0-win32-x64\jre\17.0.6-win32-x86_64\bin\server

VM Arguments:
jvm_args: -XX:+ShowCodeDetailsInExceptionMessages 
java_command: com.third_project.third_project.ThirdProjectApplication
java_class_path (initial): D:\third_project\bin\main;D:\third_project\bin\test;D:\third_project\bin\default;C:\Users\Administrator\.gradle\caches\modules-2\files-2.1\org.projectlombok\lombok\1.18.26\8f8cf0372abf564913e9796623aac4c8ea44025a\lombok-1.18.26.jar;C:\Users\Administrator\.gradle\caches\modules-2\files-2.1\org.springframework.boot\spring-boot-starter-data-jpa\3.0.4\a30a9ab237e22f82251ef67532d34d23cebbf20d\spring-boot-starter-data-jpa-3.0.4.jar;C:\Users\Administrator\.gradle\caches\modules-2\files-2.1\org.springframework.boot\spring-boot-starter-jdbc\3.0.4\e64f229f772dc2952e1978a1f10d7f3a462e105d\spring-boot-starter-jdbc-3.0.4.jar;C:\Users\Administrator\.gradle\caches\modules-2\files-2.1\org.springframework.boot\spring-boot-starter-web\3.0.4\6a7405b436c6943f056cdbab587fe48bdc2b4911\spring-boot-starter-web-3.0.4.jar;C:\Users\Administrator\.gradle\caches\modules-2\files-2.1\org.springdoc\springdoc-openapi-starter-webmvc-ui\2.0.0\8a1c5eec3957c4eb4f18460e3ee52732d7b6f640\springdoc-openapi-starter-webmvc-ui-2.0.0.jar;C:\Users\Administrator\.gradle\caches\modules-2\files-2.1\org.springframework.boot\spring-boot-starter-validation\3.0.4\c3f185a4d31634c0bd92956a13ffd718d1026b33\spring-boot-starter-validation-3.0.4.jar;C:\Users\Administrator\.gradle\caches\modules-2\files-2.1\org.springframework.boot\spring-boot-starter-aop\3.0.4\624f2e87d204ef3de4c33d1286072c838e5d89f1\spring-boot-starter-aop-3.0.4.jar;C:\Users\Administrator\.gradle\caches\modules-2\files-2.1\org.hibernate.orm\hibernate-core\6.1.7.Final\343f47b34c96fe9c44bf9b219a7b3c5d6d2fc90e\hibernate-core-6.1.7.Final.jar;C:\Users\Administrator\.gradle\caches\modules-2\files-2.1\org.springframework.data\spring-data-jpa\3.0.3\db1ad002d5112df66128c8df25a57bec14c735d6\spring-data-jpa-3.0.3.jar;C:\Users\Administrator\.gradle\caches\modules-2\files-2.1\org.springframework\spring-aspects\6.0.6\fcfe9b71badc1bce940606ac25de6d71a966f56e\spring-aspects-6.0.6.jar;C:\Users\Administrator\.gradle\caches\modules-2\files-2.1\or
Launcher Type: SUN_STANDARD

[Global flags]
     intx CICompilerCount                          = 4                                         {product} {ergonomic}
     uint ConcGCThreads                            = 3                                         {product} {ergonomic}
     uint G1ConcRefinementThreads                  = 10                                        {product} {ergonomic}
   size_t G1HeapRegionSize                         = 2097152                                   {product} {ergonomic}
    uintx GCDrainStackTargetSize                   = 64                                        {product} {ergonomic}
   size_t InitialHeapSize                          = 268435456                                 {product} {ergonomic}
   size_t MarkStackSize                            = 4194304                                   {product} {ergonomic}
   size_t MaxHeapSize                              = 4273995776                                {product} {ergonomic}
   size_t MaxNewSize                               = 2562719744                                {product} {ergonomic}
   size_t MinHeapDeltaBytes                        = 2097152                                   {product} {ergonomic}
   size_t MinHeapSize                              = 8388608                                   {product} {ergonomic}
    uintx NonNMethodCodeHeapSize                   = 5839372                                {pd product} {ergonomic}
    uintx NonProfiledCodeHeapSize                  = 122909434                              {pd product} {ergonomic}
    uintx ProfiledCodeHeapSize                     = 122909434                              {pd product} {ergonomic}
    uintx ReservedCodeCacheSize                    = 251658240                              {pd product} {ergonomic}
     bool SegmentedCodeCache                       = true                                      {product} {ergonomic}
     bool ShowCodeDetailsInExceptionMessages       = true                                   {manageable} {command line}
   size_t SoftMaxHeapSize                          = 4273995776                             {manageable} {ergonomic}
     bool UseCompressedClassPointers               = true                           {product lp64_product} {ergonomic}
     bool UseCompressedOops                        = true                           {product lp64_product} {ergonomic}
     bool UseG1GC                                  = true                                      {product} {ergonomic}
     bool UseLargePagesIndividualAllocation        = false                                  {pd product} {ergonomic}

Logging:
Log output configuration:
 #0: stdout all=warning uptime,level,tags
 #1: stderr all=off uptime,level,tags

Environment Variables:
JAVA_HOME=C:\Program Files\Java\jdk-17.0.4.1
PATH=C:\Program Files\Common Files\Oracle\Java\javapath;C:\Program Files (x86)\Common Files\Intel\Shared Libraries\redist\intel64\compiler;C:\Windows\system32;C:\Windows;C:\Windows\System32\Wbem;C:\Windows\System32\WindowsPowerShell\v1.0\;C:\Windows\System32\OpenSSH\;C:\Program Files\Bandizip\;C:\Program Files\Git\cmd;C:\Program Files\nodejs\;C:\Users\Administrator\AppData\Local\Microsoft\WindowsApps;"C:\Program Files\Java\jdk-17.0.4.1\lib;.";C:\Program Files\MySQL\MySQL Server 8.0\bin;C:\Users\Administrator\AppData\Local\Programs\Microsoft VS Code\bin;C:\Users\Administrator\AppData\Roaming\npm
USERNAME=Administrator
LANG=ko_KR.UTF-8
OS=Windows_NT
PROCESSOR_IDENTIFIER=Intel64 Family 6 Model 158 Stepping 10, GenuineIntel
TMP=C:\Users\ADMINI~1\AppData\Local\Temp
TEMP=C:\Users\ADMINI~1\AppData\Local\Temp



---------------  S Y S T E M  ---------------

OS:
 Windows 10 , 64 bit Build 19041 (10.0.19041.2546)
OS uptime: 0 days 4:19 hours

CPU: total 12 (initial active 12) (6 cores per cpu, 2 threads per core) family 6 model 158 stepping 10 microcode 0xb4, cx8, cmov, fxsr, ht, mmx, 3dnowpref, sse, sse2, sse3, ssse3, sse4.1, sse4.2, popcnt, lzcnt, tsc, tscinvbit, avx, avx2, aes, erms, clmul, bmi1, bmi2, rtm, adx, fma, vzeroupper, clflush, clflushopt

Memory: 4k page, system-wide physical 16301M (6216M free)
TotalPageFile size 18733M (AvailPageFile size 4481M)
current process WorkingSet (physical memory assigned to process): 397M, peak: 430M
current process commit charge ("private bytes"): 455M, peak: 510M

vm_info: OpenJDK 64-Bit Server VM (17.0.6+10) for windows-amd64 JRE (17.0.6+10), built on Jan 18 2023 10:08:59 by "temurin" with MS VC++ 16.7 (VS2019)

END.
