#
# A fatal error has been detected by the Java Runtime Environment:
#
#  EXCEPTION_ACCESS_VIOLATION (0xc0000005) at pc=0x00007ffb8482c175, pid=1512, tid=15628
#
# JRE version: OpenJDK Runtime Environment Temurin-17.0.6+10 (17.0.6+10) (build 17.0.6+10)
# Java VM: OpenJDK 64-Bit Server VM Temurin-17.0.6+10 (17.0.6+10, mixed mode, tiered, compressed oops, compressed class ptrs, g1 gc, windows-amd64)
# Problematic frame:
# V  [jvm.dll+0x36c175]
#
# No core dump will be written. Minidumps are not enabled by default on client versions of Windows
#
# If you would like to submit a bug report, please visit:
#   https://github.com/adoptium/adoptium-support/issues
#

---------------  S U M M A R Y ------------

Command Line: -XX:+ShowCodeDetailsInExceptionMessages com.third_project.third_project.ThirdProjectApplication

Host: Intel(R) Core(TM) i7-8700 CPU @ 3.20GHz, 12 cores, 15G,  Windows 10 , 64 bit Build 19041 (10.0.19041.2546)
Time: Fri Mar 17 11:29:21 2023  Windows 10 , 64 bit Build 19041 (10.0.19041.2546) elapsed time: 2490.100188 seconds (0d 0h 41m 30s)

---------------  T H R E A D  ---------------

Current thread (0x00000286413daee0):  GCTaskThread "GC Thread#9" [stack: 0x000000b205500000,0x000000b205600000] [id=15628]

Stack: [0x000000b205500000,0x000000b205600000],  sp=0x000000b2055ffaa0,  free space=1022k
Native frames: (J=compiled Java code, j=interpreted, Vv=VM code, C=native code)
V  [jvm.dll+0x36c175]
V  [jvm.dll+0x682032]
V  [jvm.dll+0x307762]
V  [jvm.dll+0x8612eb]
V  [jvm.dll+0x861336]
V  [jvm.dll+0x7e483a]
V  [jvm.dll+0x6762c5]
C  [ucrtbase.dll+0x21bb2]
C  [KERNEL32.DLL+0x17614]
C  [ntdll.dll+0x526a1]


siginfo: EXCEPTION_ACCESS_VIOLATION (0xc0000005), reading address 0x0000028748b04588


Register to memory mapping:

RIP=0x00007ffb8482c175 jvm.dll
RAX=0x0000028748b04578 is an unknown value
RBX=0x0000000800798dc8 is a pointer to class: 
org.hibernate.persister.entity.AbstractEntityPersister {0x0000000800798dd0}
 - instance size:     51
 - klass size:        1987
 - access:            public synchronized abstract 
 - state:             fully_initialized
 - name:              'org/hibernate/persister/entity/AbstractEntityPersister'
 - super:             'java/lang/Object'
 - sub:               'org/hibernate/persister/entity/SingleTableEntityPersister'   
 - arrays:            NULL
 - methods:           Array<T>(0x0000028648b2cef8)
 - method ordering:   Array<T>(0x000002863f000018)
 - default_methods:   Array<T>(0x0000028648b0c528)
 - default vtable indices:   Array<T>(0x0000028648b3a890)
 - local interfaces:  Array<T>(0x0000028648ada6e8)
 - trans. interfaces: Array<T>(0x0000028648b2a408)
 - constants:         constant pool [5385]/operands[367] {0x0000028648b30008} for 'org/hibernate/persister/entity/AbstractEntityPersister' cache=0x0000028648b60000
 - class loader data:  loader data: 0x000002863efb09a0 for instance a 'jdk/internal/loader/ClassLoaders$AppClassLoader'{0x000000070160efb8}
 - source file:       'AbstractEntityPersister.java'
 - class annotations:       Array<T>(0x0000000000000000)
 - class type annotations:  Array<T>(0x0000000000000000)
 - field annotations:       Array<T>(0x0000000000000000)
 - field type annotations:  Array<T>(0x0000000000000000)
 - inner classes:     Array<T>(0x0000028648b2a330)
 - nest members:     Array<T>(0x0000028648b2a3f0)
 - permitted subclasses:     Array<T>(0x000002863f000028)
 - java mirror:       a 'java/lang/Class'{0x0000000701be4d70} = 'org/hibernate/persister/entity/AbstractEntityPersister'
 - vtable length      402  (start addr: 0x0000000800798f90)
 - itable length      1527 (start addr: 0x0000000800799c20)
 - ---- static fields (3 words):
 - private static final 'LOG' 'Lorg/hibernate/internal/CoreMessageLogger;' @112 
 - public static final 'ENTITY_CLASS' 'Ljava/lang/String;' @116 
 - public static final 'VERSION_COLUMN_ALIAS' 'Ljava/lang/String;' @120 
 - private static final 'DISCRIMINATOR_ALIAS' 'Ljava/lang/String;' @124 
 - private static final 'SINGLE_TRUE' '[Z' @128 
 - static final synthetic '$assertionsDisabled' 'Z' @132 
 - ---- non-static fields (98 words):
 - private final 'identifierColumnSpan' 'I' @12 
 - protected final 'batchSize' 'I' @16 
 - private final 'canReadFromCache' 'Z' @20 
 - private final 'canWriteToCache' 'Z' @21 
 - private final 'invalidateCache' 'Z' @22 
 - private final 'isLazyPropertiesCacheable' 'Z' @23 
 - private final 'hasFormulaProperties' 'Z' @24 
 - private final 'hasSubselectLoadableCollections' 'Z' @25 
 - private final 'useReferenceCacheEntries' 'Z' @26 
 - private final 'sqlAliasStem' 'Ljava/lang/String;' @28 
 - private final 'singleIdEntityLoader' 'Lorg/hibernate/loader/ast/spi/SingleIdEntityLoader;' @32 
 - private final 'multiIdEntityLoader' 'Lorg/hibernate/loader/ast/spi/MultiIdEntityLoader;' @36 
 - private 'naturalIdLoader' 'Lorg/hibernate/loader/ast/spi/NaturalIdLoader;' @40 
 - private 'multiNaturalIdLoader' 'Lorg/hibernate/loader/ast/spi/MultiNaturalIdLoader;' @44 
 - private 'sqmMultiTableMutationStrategy' 'Lorg/hibernate/query/sqm/mutation/spi/SqmMultiTableMutationStrategy;' @48 
 - private 'sqmMultiTableInsertStrategy' 'Lorg/hibernate/query/sqm/mutation/spi/SqmMultiTableInsertStrategy;' @52 
 - private final 'navigableRole' 'Lorg/hibernate/metamodel/model/domain/NavigableRole;' @56 
 - private final 'factory' 'Lorg/hibernate/engine/spi/SessionFactoryImplementor;' @60 
 - private final 'cacheAccessStrategy' 'Lorg/hibernate/cache/spi/access/EntityDataAccess;' @64 
 - private final 'naturalIdRegionAccessStrategy' 'Lorg/hibernate/cache/spi/access/NaturalIdDataAccess;' @68 
 - private final 'cacheEntryHelper' 'Lorg/hibernate/persister/entity/AbstractEntityPersister$CacheEntryHelper;' @72 
 - private final 'entityMetamodel' 'Lorg/hibernate/tuple/entity/EntityMetamodel;' @76 
 - private final 'entityEntryFactory' 'Lorg/hibernate/engine/spi/EntityEntryFactory;' @80 
 - private final 'rootTableKeyColumnNames' '[Ljava/lang/String;' @84 
 - private final 'rootTableKeyColumnReaders' '[Ljava/lang/String;' @88 
 - private final 'rootTableKeyColumnReaderTemplates' '[Ljava/lang/String;' @92 
 - private final 'identifierAliases' '[Ljava/lang/String;' @96 
 - private final 'versionColumnName' 'Ljava/lang/String;' @100 
 - protected final 'rowIdName' 'Ljava/lang/String;' @104 
 - private final 'sqlWhereStringTableExpression' 'Ljava/lang/String;' @108 
 - private final 'sqlWhereStringTemplate' 'Ljava/lang/String;' @112 
 - private final 'propertyColumnSpans' '[I' @116 
 - private final 'propertyColumnAliases' '[[Ljava/lang/String;' @120 
 - private final 'propertyColumnNames' '[[Ljava/lang/String;' @124 
 - private final 'propertyColumnFormulaTemplates' '[[Ljava/lang/String;' @128 
 - private final 'propertyColumnWriters' '[[Ljava/lang/String;' @132 
 - private final 'propertyColumnUpdateable' '[[Z' @136 
 - private final 'propertyColumnInsertable' '[[Z' @140 
 - private final 'propertySelectable' '[Z' @144 
 - private final 'lobProperties' 'Ljava/util/List;' @148 
 - private final 'lazyPropertyNames' '[Ljava/lang/String;' @152 
 - private final 'lazyPropertyNumbers' '[I' @156 
 - private final 'lazyPropertyTypes' '[Lorg/hibernate/type/Type;' @160 
 - private final 'lazyPropertyColumnAliases' '[[Ljava/lang/String;' @164 
 - private final 'subclassPropertyNameClosure' '[Ljava/lang/String;' @168 
 - private final 'subclassPropertyTypeClosure' '[Lorg/hibernate/type/Type;' @172 
 - private final 'subclassPropertyFormulaTemplateClosure' '[[Ljava/lang/String;' @176 
 - private final 'subclassPropertyColumnNameClosure' '[[Ljava/lang/String;' @180 
 - private final 'subclassPropertyColumnReaderClosure' '[[Ljava/lang/String;' @184 
 - private final 'subclassPropertyColumnReaderTemplateClosure' '[[Ljava/lang/String;' @188 
 - private final 'subclassPropertyFetchModeClosure' '[Lorg/hibernate/FetchMode;' @192 
 - private final 'subclassPropertyNullabilityClosure' '[Z' @196 
 - private final 'propertyDefinedOnSubclass' '[Z' @200 
 - private final 'subclassPropertyCascadeStyleClosure' '[Lorg/hibernate/engine/spi/CascadeStyle;' @204 
 - private final 'subclassColumnAliasClosure' '[Ljava/lang/String;' @208 
 - private final 'subclassFormulaAliasClosure' '[Ljava/lang/String;' @212 
 - private final 'filterHelper' 'Lorg/hibernate/internal/FilterHelper;' @216 
 - private volatile 'affectingFetchProfileNames' 'Ljava/util/Set;' @220 
 - private final 'lockers' 'Lorg/hibernate/internal/util/collections/LockModeEnumMap;' @224 
 - private 'sqlVersionSelectString' 'Ljava/lang/String;' @228 
 - private 'sqlLazySelectStringsByFetchGroup' 'Ljava/util/Map;' @232 
 - private 'sqlIdentityInsertString' 'Ljava/lang/String;' @236 
 - private 'sqlUpdateByRowIdString' 'Ljava/lang/String;' @240 
 - private 'sqlLazyUpdateByRowIdString' 'Ljava/lang/String;' @244 
 - private 'sqlDeleteStrings' '[Ljava/lang/String;' @248 
 - private 'sqlDeleteNoVersionCheckStrings' '[Ljava/lang/String;' @252 
 - private 'sqlInsertStrings' '[Ljava/lang/String;' @256 
 - private 'sqlUpdateStrings' '[Ljava/lang/String;' @260 
 - private 'sqlLazyUpdateStrings' '[Ljava/lang/String;' @264 
 - private 'insertGeneratedValuesProcessor' 'Lorg/hibernate/metamodel/mapping/internal/GeneratedValuesProcessor;' @268 
 - private 'updateGeneratedValuesProcessor' 'Lorg/hibernate/metamodel/mapping/internal/GeneratedValuesProcessor;' @272 
 - protected 'insertCallable' '[Z' @276 
 - protected 'updateCallable' '[Z' @280 
 - protected 'deleteCallable' '[Z' @284 
 - protected 'customSQLInsert' '[Ljava/lang/String;' @288 
 - protected 'customSQLUpdate' '[Ljava/lang/String;' @292 
 - protected 'customSQLDelete' '[Ljava/lang/String;' @296 
 - protected 'insertResultCheckStyles' '[Lorg/hibernate/engine/spi/ExecuteUpdateResultCheckStyle;' @300 
 - protected 'updateResultCheckStyles' '[Lorg/hibernate/engine/spi/ExecuteUpdateResultCheckStyle;' @304 
 - protected 'deleteResultCheckStyles' '[Lorg/hibernate/engine/spi/ExecuteUpdateResultCheckStyle;' @308 
 - private 'identityDelegate' 'Lorg/hibernate/id/insert/InsertGeneratedIdentifierDelegate;' @312 
 - private 'tableHasColumns' '[Z' @316 
 - private final 'subclassPropertyAliases' 'Ljava/util/Map;' @320 
 - private final 'subclassPropertyColumnNames' 'Ljava/util/Map;' @324 
 - protected final 'propertyMapping' 'Lorg/hibernate/persister/entity/BasicEntityPropertyMapping;' @328 
 - private 'discriminatorMetadata' 'Lorg/hibernate/persister/entity/DiscriminatorMetadata;' @332 
 - private 'uniqueKeyLoadersNew' 'Ljava/util/Map;' @336 
 - private 'insertBatchKey' 'Lorg/hibernate/engine/jdbc/batch/internal/BasicBatchKey;' @340 
 - private 'updateBatchKey' 'Lorg/hibernate/engine/jdbc/batch/internal/BasicBatchKey;' @344 
 - private 'deleteBatchKey' 'Lorg/hibernate/engine/jdbc/batch/internal/BasicBatchKey;' @348 
 - private final 'javaType' 'Lorg/hibernate/type/descriptor/java/JavaType;' @352 
 - private final 'representationStrategy' 'Lorg/hibernate/metamodel/spi/EntityRepresentationStrategy;' @356 
 - private 'superMappingType' 'Lorg/hibernate/metamodel/mapping/EntityMappingType;' @360 
 - private 'subclassMappingTypes' 'Ljava/util/SortedMap;' @364 
 - private 'identifierMapping' 'Lorg/hibernate/metamodel/mapping/EntityIdentifierMapping;' @368 
 - private 'naturalIdMapping' 'Lorg/hibernate/metamodel/mapping/NaturalIdMapping;' @372 
 - private 'versionMapping' 'Lorg/hibernate/metamodel/mapping/EntityVersionMapping;' @376 
 - private 'rowIdMapping' 'Lorg/hibernate/metamodel/mapping/EntityRowIdMapping;' @380 
 - private 'discriminatorMapping' 'Lorg/hibernate/metamodel/mapping/EntityDiscriminatorMapping;' @384 
 - private 'attributeMappings' '[Lorg/hibernate/metamodel/mapping/AttributeMapping;' @388 
 - protected 'declaredAttributeMappings' 'Ljava/util/Map;' @392 
 - protected 'staticFetchableList' 'Ljava/util/List;' @396 
 - protected 'accessOptimizer' 'Lorg/hibernate/bytecode/spi/ReflectionOptimizer$AccessOptimizer;' @400 
 - non-static oop maps: 28-400 
RCX=0x000002863f94de88 points into unknown readable memory: 0x000000070160efb8 | b8 ef 60 01 07 00 00 00
RDX=0x0 is NULL
RSP=0x000000b2055ffaa0 points into unknown readable memory: 0x00000000000003d8 | d8 03 00 00 00 00 00 00
RBP=0x00000008007989d8 is a pointer to class: 
org.hibernate.persister.entity.Queryable {0x00000008007989e0}
 - instance size:     2
 - klass size:        63
 - access:            public interface abstract 
 - state:             fully_initialized
 - name:              'org/hibernate/persister/entity/Queryable'
 - super:             'java/lang/Object'
 - sub:               
 - nof implementors:  1
 - implementor:    
   'org/hibernate/persister/entity/AbstractEntityPersister'
 - arrays:            NULL
 - methods:           Array<T>(0x0000028648b09860)
 - method ordering:   Array<T>(0x000002863f000018)
 - default_methods:   Array<T>(0x0000028648b09d48)
 - default vtable indices:   Array<T>(0x0000028648b09fe0)
 - local interfaces:  Array<T>(0x0000028648afbd10)
 - trans. interfaces: Array<T>(0x0000028648b02fb0)
 - constants:         constant pool [559] {0x0000028648b08668} for 'org/hibernate/persister/entity/Queryable' cache=0x0000028648b3b718
 - class loader data:  loader data: 0x000002863efb09a0 for instance a 'jdk/internal/loader/ClassLoaders$AppClassLoader'{0x000000070160efb8}
 - source file:       'Queryable.java'
 - class annotations:       Array<T>(0x0000028648b02f50)
 - class type annotations:  Array<T>(0x0000000000000000)
 - field annotations:       Array<T>(0x0000000000000000)
 - field type annotations:  Array<T>(0x0000000000000000)
 - inner classes:     Array<T>(0x0000028648b02f68)
 - nest members:     Array<T>(0x0000028648b02f80)
 - permitted subclasses:     Array<T>(0x000002863f000028)
 - java mirror:       a 'java/lang/Class'{0x0000000702395780} = 'org/hibernate/persister/entity/Queryable'
 - vtable length      5  (start addr: 0x0000000800798ba0)
 - itable length      0 (start addr: 0x0000000800798bc8)
 - ---- static fields (0 words):
 - ---- non-static fields (0 words):
 - non-static oop maps: 
RSI=0x00000286406c1e00 points into unknown readable memory: 0x0000000000000000 | 00 00 00 00 00 00 00 00
RDI=0x0 is NULL
R8 =0x00000008007989d8 is a pointer to class: 
org.hibernate.persister.entity.Queryable {0x00000008007989e0}
 - instance size:     2
 - klass size:        63
 - access:            public interface abstract 
 - state:             fully_initialized
 - name:              'org/hibernate/persister/entity/Queryable'
 - super:             'java/lang/Object'
 - sub:               
 - nof implementors:  1
 - implementor:    
   'org/hibernate/persister/entity/AbstractEntityPersister'
 - arrays:            NULL
 - methods:           Array<T>(0x0000028648b09860)
 - method ordering:   Array<T>(0x000002863f000018)
 - default_methods:   Array<T>(0x0000028648b09d48)
 - default vtable indices:   Array<T>(0x0000028648b09fe0)
 - local interfaces:  Array<T>(0x0000028648afbd10)
 - trans. interfaces: Array<T>(0x0000028648b02fb0)
 - constants:         constant pool [559] {0x0000028648b08668} for 'org/hibernate/persister/entity/Queryable' cache=0x0000028648b3b718
 - class loader data:  loader data: 0x000002863efb09a0 for instance a 'jdk/internal/loader/ClassLoaders$AppClassLoader'{0x000000070160efb8}
 - source file:       'Queryable.java'
 - class annotations:       Array<T>(0x0000028648b02f50)
 - class type annotations:  Array<T>(0x0000000000000000)
 - field annotations:       Array<T>(0x0000000000000000)
 - field type annotations:  Array<T>(0x0000000000000000)
 - inner classes:     Array<T>(0x0000028648b02f68)
 - nest members:     Array<T>(0x0000028648b02f80)
 - permitted subclasses:     Array<T>(0x000002863f000028)
 - java mirror:       a 'java/lang/Class'{0x0000000702395780} = 'org/hibernate/persister/entity/Queryable'
 - vtable length      5  (start addr: 0x0000000800798ba0)
 - itable length      0 (start addr: 0x0000000800798bc8)
 - ---- static fields (0 words):
 - ---- non-static fields (0 words):
 - non-static oop maps: 
R9 =0x0000000000000004 is an unknown value
R10=0x0 is NULL
R11=0x0000000000000246 is an unknown value
R12=0x0 is NULL
R13=0x0 is NULL
R14=0x0 is NULL
R15=0x00000000000003d8 is an unknown value


Registers:
RAX=0x0000028748b04578, RBX=0x0000000800798dc8, RCX=0x000002863f94de88, RDX=0x0000000000000000
RSP=0x000000b2055ffaa0, RBP=0x00000008007989d8, RSI=0x00000286406c1e00, RDI=0x0000000000000000
R8 =0x00000008007989d8, R9 =0x0000000000000004, R10=0x0000000000000000, R11=0x0000000000000246
R12=0x0000000000000000, R13=0x0000000000000000, R14=0x0000000000000000, R15=0x00000000000003d8
RIP=0x00007ffb8482c175, EFLAGS=0x0000000000010206

Top of Stack: (sp=0x000000b2055ffaa0)
0x000000b2055ffaa0:   00000000000003d8 000002864ca1f7d8
0x000000b2055ffab0:   000000080079ec30 00000286406c1e00
0x000000b2055ffac0:   00000286406c21e8 00000286413e21c0
0x000000b2055ffad0:   00000286406c1e00 00000286406c1e10
0x000000b2055ffae0:   000000b2039fe6e8 00007ffb84b42032
0x000000b2055ffaf0:   0000815cc96d2d04 0000000000000001
0x000000b2055ffb00:   0000000000000000 00000286413daee0
0x000000b2055ffb10:   0000000000000000 00000286413daee0
0x000000b2055ffb20:   0000000000000002 00007ffb847c7762
0x000000b2055ffb30:   000000b2039fe690 0000000000000000
0x000000b2055ffb40:   00000286413daee0 0000000000000002
0x000000b2055ffb50:   000000b2039fe690 00007ffb84d212eb
0x000000b2055ffb60:   0000000000000003 0000000000000000
0x000000b2055ffb70:   00000286413daee0 000000b2039fe690
0x000000b2055ffb80:   00000000000075a3 00007ffb84d21336
0x000000b2055ffb90:   00000286413daee0 000000b2ffffffff 

Instructions: (pc=0x00007ffb8482c175)
0x00007ffb8482c075:   00 48 8b cd e8 a2 ee ff ff 48 8b c8 48 8b c3 f0
0x00007ffb8482c085:   48 0f b1 39 74 15 48 8b cd e8 8d ee ff ff 48 8b
0x00007ffb8482c095:   18 48 85 db 75 c7 e9 b8 00 00 00 48 8b 15 29 f0
0x00007ffb8482c0a5:   7f 00 48 85 d2 0f 84 a8 00 00 00 65 48 8b 04 25
0x00007ffb8482c0b5:   58 00 00 00 8b 0d 39 d4 83 00 4c 89 64 24 50 4c
0x00007ffb8482c0c5:   89 6c 24 58 4c 89 7c 24 60 48 8b 34 c8 b8 50 00
0x00007ffb8482c0d5:   00 00 40 38 3c 30 75 0c e8 9e 31 52 00 48 8b 15
0x00007ffb8482c0e5:   e7 ef 7f 00 b8 20 00 00 00 48 8b 04 30 48 8b b0
0x00007ffb8482c0f5:   30 02 00 00 4c 8b 76 10 4c 8b 7e 18 4c 8b 66 20
0x00007ffb8482c105:   4c 8b 6e 28 48 85 d2 74 17 48 8b cb e8 8a e9 1c
0x00007ffb8482c115:   00 48 8b d0 48 8d 0d 48 5c 5f 00 e8 0b d5 ff ff
0x00007ffb8482c125:   49 39 3e 74 13 49 8b d5 48 8b ce e8 5b 01 d4 ff
0x00007ffb8482c135:   49 8b ce e8 33 01 d4 ff 4c 8b 6c 24 58 4c 89 7e
0x00007ffb8482c145:   18 4c 8b 7c 24 60 4c 89 66 20 4c 8b 64 24 50 4c
0x00007ffb8482c155:   89 76 10 48 8b 85 90 01 00 00 39 38 7e 66 4c 8b
0x00007ffb8482c165:   f7 66 66 0f 1f 84 00 00 00 00 00 49 8b 44 06 08
0x00007ffb8482c175:   48 8b 58 10 48 85 db 74 3a 8b 05 1c 83 81 00 83
0x00007ffb8482c185:   f8 02 74 25 48 8d 73 18 48 85 f6 74 1c 48 8b ce
0x00007ffb8482c195:   e8 b6 b5 2d 00 33 d2 48 8b cb e8 2c 26 2c 00 48
0x00007ffb8482c1a5:   8b ce e8 84 b8 2d 00 eb 0a 33 d2 48 8b cb e8 18
0x00007ffb8482c1b5:   26 2c 00 48 8b 85 90 01 00 00 ff c7 49 83 c6 08
0x00007ffb8482c1c5:   3b 38 7c a7 48 83 c4 20 41 5e 5f 5e 5d 5b c3 cc
0x00007ffb8482c1d5:   cc cc cc cc cc cc cc cc cc cc cc 48 89 54 24 10
0x00007ffb8482c1e5:   55 56 41 56 41 57 48 8d 6c 24 c1 48 81 ec 88 00
0x00007ffb8482c1f5:   00 00 45 33 ff 4c 89 45 ff 44 88 3a 49 8b f0 48
0x00007ffb8482c205:   8b 81 e0 00 00 00 4c 8b f1 48 89 45 f7 48 85 c0
0x00007ffb8482c215:   74 14 49 8b 88 40 02 00 00 48 8d 55 67 48 89 45
0x00007ffb8482c225:   67 e8 e5 e7 c9 ff 49 8b 8e e8 00 00 00 48 89 9c
0x00007ffb8482c235:   24 c8 00 00 00 48 89 bc 24 80 00 00 00 4c 89 64
0x00007ffb8482c245:   24 78 4c 89 6c 24 70 48 89 4d 67 48 85 c9 0f 84
0x00007ffb8482c255:   9d 00 00 00 8b 11 8b c2 25 03 00 00 80 7d 07 ff
0x00007ffb8482c265:   c8 83 c8 fc ff c0 83 f8 02 44 8d 6a fe 41 8b df 


Stack slot to memory mapping:
stack at sp + 0 slots: 0x00000000000003d8 is an unknown value
stack at sp + 1 slots: 0x000002864ca1f7d8 is pointing into metadata
stack at sp + 2 slots: 0x000000080079ec30 is a pointer to class: 
org.hibernate.sql.ast.tree.from.ColumnReferenceQualifier {0x000000080079ec38}
 - instance size:     2
 - klass size:        63
 - access:            public interface abstract 
 - state:             fully_initialized
 - name:              'org/hibernate/sql/ast/tree/from/ColumnReferenceQualifier'
 - super:             'java/lang/Object'
 - sub:               
 - nof implementors:  2
 - arrays:            NULL
 - methods:           Array<T>(0x0000028648b401e8)
 - method ordering:   Array<T>(0x000002863f000018)
 - default_methods:   Array<T>(0x0000000000000000)
 - local interfaces:  Array<T>(0x000002863f000058)
 - trans. interfaces: Array<T>(0x000002863f000058)
 - constants:         constant pool [26] {0x0000028648b400c8} for 'org/hibernate/sql/ast/tree/from/ColumnReferenceQualifier' cache=0x0000028648dd52d0
 - class loader data:  loader data: 0x000002863efb09a0 for instance a 'jdk/internal/loader/ClassLoaders$AppClassLoader'{0x000000070160efb8}
 - source file:       'ColumnReferenceQualifier.java'
 - class annotations:       Array<T>(0x0000000000000000)
 - class type annotations:  Array<T>(0x0000000000000000)
 - field annotations:       Array<T>(0x0000000000000000)
 - field type annotations:  Array<T>(0x0000000000000000)
 - inner classes:     Array<T>(0x000002863f000028)
 - nest members:     Array<T>(0x000002863f000028)
 - permitted subclasses:     Array<T>(0x000002863f000028)
 - java mirror:       a 'java/lang/Class'{0x0000000702388b58} = 'org/hibernate/sql/ast/tree/from/ColumnReferenceQualifier'
 - vtable length      5  (start addr: 0x000000080079edf8)
 - itable length      0 (start addr: 0x000000080079ee20)
 - ---- static fields (0 words):
 - ---- non-static fields (0 words):
 - non-static oop maps: 
stack at sp + 3 slots: 0x00000286406c1e00 points into unknown readable memory: 0x0000000000000000 | 00 00 00 00 00 00 00 00
stack at sp + 4 slots: 0x00000286406c21e8 points into unknown readable memory: 0x8800030010b0be0d | 0d be b0 10 00 03 00 88
stack at sp + 5 slots: 0x00000286413e21c0 points into unknown readable memory: 0x3ec118f300000002 | 02 00 00 00 f3 18 c1 3e
stack at sp + 6 slots: 0x00000286406c1e00 points into unknown readable memory: 0x0000000000000000 | 00 00 00 00 00 00 00 00
stack at sp + 7 slots: 0x00000286406c1e10 points into unknown readable memory: 0x656269682e67726f | 6f 72 67 2e 68 69 62 65


---------------  P R O C E S S  ---------------

Threads class SMR info:
_java_thread_list=0x000002864b0656c0, length=18, elements={
0x000002863f8404e0, 0x000002863f8435b0, 0x000002863f89b010, 0x000002863f89c8e0,
0x000002863f86c830, 0x000002863f86d0f0, 0x000002863f86dce0, 0x000002863f86f5f0,
0x000002863f871f00, 0x000002863f9f67d0, 0x000002863fa15020, 0x0000028647582a00,
0x0000028647d721c0, 0x0000028642824410, 0x0000028642820f20, 0x0000028642820a50,
0x00000286428218c0, 0x00000286428230d0
}

Java Threads: ( => current thread )
  0x000002863f8404e0 JavaThread "Reference Handler" daemon [_thread_blocked, id=13116, stack(0x000000b203a00000,0x000000b203b00000)]
  0x000002863f8435b0 JavaThread "Finalizer" daemon [_thread_blocked, id=15836, stack(0x000000b203b00000,0x000000b203c00000)]
  0x000002863f89b010 JavaThread "Signal Dispatcher" daemon [_thread_blocked, id=14224, stack(0x000000b203c00000,0x000000b203d00000)]
  0x000002863f89c8e0 JavaThread "Attach Listener" daemon [_thread_blocked, id=16176, stack(0x000000b203d00000,0x000000b203e00000)]
  0x000002863f86c830 JavaThread "Service Thread" daemon [_thread_blocked, id=15996, stack(0x000000b203e00000,0x000000b203f00000)]
  0x000002863f86d0f0 JavaThread "Monitor Deflation Thread" daemon [_thread_blocked, id=16288, stack(0x000000b203f00000,0x000000b204000000)]
  0x000002863f86dce0 JavaThread "C2 CompilerThread0" daemon [_thread_blocked, id=16204, stack(0x000000b204000000,0x000000b204100000)]
  0x000002863f86f5f0 JavaThread "C1 CompilerThread0" daemon [_thread_blocked, id=11672, stack(0x000000b204100000,0x000000b204200000)]
  0x000002863f871f00 JavaThread "Sweeper thread" daemon [_thread_blocked, id=15560, stack(0x000000b204200000,0x000000b204300000)]
  0x000002863f9f67d0 JavaThread "Notification Thread" daemon [_thread_blocked, id=12820, stack(0x000000b204300000,0x000000b204400000)]
  0x000002863fa15020 JavaThread "Common-Cleaner" daemon [_thread_blocked, id=1356, stack(0x000000b204500000,0x000000b204600000)]
  0x0000028647582a00 JavaThread "mysql-cj-abandoned-connection-cleanup" daemon [_thread_blocked, id=13084, stack(0x000000b205800000,0x000000b205900000)]
  0x0000028647d721c0 JavaThread "DestroyJavaVM" [_thread_blocked, id=12520, stack(0x000000b203300000,0x000000b203400000)]
  0x0000028642824410 JavaThread "File Watcher" daemon [_thread_blocked, id=4916, stack(0x000000b204600000,0x000000b204700000)]
  0x0000028642820f20 JavaThread "File Watcher" daemon [_thread_blocked, id=15376, stack(0x000000b204800000,0x000000b204900000)]
  0x0000028642820a50 JavaThread "File Watcher" daemon [_thread_blocked, id=4756, stack(0x000000b204f00000,0x000000b205000000)]
  0x00000286428218c0 JavaThread "File Watcher" daemon [_thread_blocked, id=7452, stack(0x000000b204900000,0x000000b204a00000)]
  0x00000286428230d0 JavaThread "Thread-69" [_thread_blocked, id=15756, stack(0x000000b203000000,0x000000b203100000)]

Other Threads:
  0x000002863efee0a0 VMThread "VM Thread" [stack: 0x000000b203900000,0x000000b203a00000] [id=15344]
  0x0000028620ab9eb0 WatcherThread [stack: 0x000000b204400000,0x000000b204500000] [id=7816]
  0x0000028620a96440 GCTaskThread "GC Thread#0" [stack: 0x000000b203400000,0x000000b203500000] [id=14440]
  0x0000028640b3c8c0 GCTaskThread "GC Thread#1" [stack: 0x000000b204a00000,0x000000b204b00000] [id=15956]
  0x0000028640b3cb70 GCTaskThread "GC Thread#2" [stack: 0x000000b204b00000,0x000000b204c00000] [id=15652]
  0x0000028640b3d380 GCTaskThread "GC Thread#3" [stack: 0x000000b204c00000,0x000000b204d00000] [id=14420]
  0x0000028640b3ce20 GCTaskThread "GC Thread#4" [stack: 0x000000b204d00000,0x000000b204e00000] [id=14804]
  0x0000028640b3c360 GCTaskThread "GC Thread#5" [stack: 0x000000b204e00000,0x000000b204f00000] [id=15920]
  0x0000028640b3d0d0 GCTaskThread "GC Thread#6" [stack: 0x000000b205000000,0x000000b205100000] [id=7460]
  0x0000028640b3d8e0 GCTaskThread "GC Thread#7" [stack: 0x000000b205100000,0x000000b205200000] [id=14520]
  0x0000028640b3db90 GCTaskThread "GC Thread#8" [stack: 0x000000b205200000,0x000000b205300000] [id=15748]
=>0x00000286413daee0 GCTaskThread "GC Thread#9" [stack: 0x000000b205500000,0x000000b205600000] [id=15628]
  0x0000028620aa7150 ConcurrentGCThread "G1 Main Marker" [stack: 0x000000b203500000,0x000000b203600000] [id=15404]
  0x0000028620aa7a70 ConcurrentGCThread "G1 Conc#0" [stack: 0x000000b203600000,0x000000b203700000] [id=13392]
  0x0000028640b3de40 ConcurrentGCThread "G1 Conc#1" [stack: 0x000000b205300000,0x000000b205400000] [id=6724]
  0x00000286413dac30 ConcurrentGCThread "G1 Conc#2" [stack: 0x000000b205400000,0x000000b205500000] [id=13080]
  0x0000028620adec70 ConcurrentGCThread "G1 Refine#0" [stack: 0x000000b203700000,0x000000b203800000] [id=13260]
  0x0000028645b2c2c0 ConcurrentGCThread "G1 Refine#1" [stack: 0x000000b206800000,0x000000b206900000] [id=16072]
  0x0000028645b2c880 ConcurrentGCThread "G1 Refine#2" [stack: 0x000000b206a00000,0x000000b206b00000] [id=7848]
  0x000002863ee7ea80 ConcurrentGCThread "G1 Service" [stack: 0x000000b203800000,0x000000b203900000] [id=6140]

Threads with active compile tasks:

VM state: at safepoint (normal execution)

VM Mutex/Monitor currently owned by a thread:  ([mutex/lock_event])
[0x0000028620a215a0] Threads_lock - owner thread: 0x000002863efee0a0
[0x0000028620a20f70] Heap_lock - owner thread: 0x00000286428230d0

Heap address: 0x0000000701400000, size: 4076 MB, Compressed Oops mode: Zero based, Oop shift amount: 3

CDS archive(s) not mapped
Compressed class space mapped at: 0x0000000800000000-0x0000000840000000, reserved size: 1073741824
Narrow klass base: 0x0000000800000000, Narrow klass shift: 0, Narrow klass range: 0x40000000

GC Precious Log:
 CPUs: 12 total, 12 available
 Memory: 16301M
 Large Page Support: Disabled
 NUMA Support: Disabled
 Compressed Oops: Enabled (Zero based)
 Heap Region Size: 2M
 Heap Min Capacity: 8M
 Heap Initial Capacity: 256M
 Heap Max Capacity: 4076M
 Pre-touch: Disabled
 Parallel Workers: 10
 Concurrent Workers: 3
 Concurrent Refinement Workers: 10
 Periodic GC: Disabled

Heap:
 garbage-first heap   total 202752K, used 132013K [0x0000000701400000, 0x0000000800000000)
  region size 2048K, 42 young (86016K), 1 survivors (2048K)
 Metaspace       used 104273K, committed 105344K, reserved 1146880K
  class space    used 12503K, committed 13056K, reserved 1048576K

Heap Regions: E=young(eden), S=young(survivor), O=old, HS=humongous(starts), HC=humongous(continues), CS=collection set, F=free, OA=open archive, CA=closed archive, TAMS=top-at-mark-start (previous, next)
|   0|0x0000000701400000, 0x0000000701600000, 0x0000000701600000|100%| O|  |TAMS 0x0000000701600000, 0x0000000701400000| Untracked 
|   1|0x0000000701600000, 0x0000000701800000, 0x0000000701800000|100%| O|  |TAMS 0x0000000701800000, 0x0000000701600000| Untracked 
|   2|0x0000000701800000, 0x0000000701a00000, 0x0000000701a00000|100%| O|  |TAMS 0x0000000701a00000, 0x0000000701800000| Untracked 
|   3|0x0000000701a00000, 0x0000000701bffff8, 0x0000000701c00000| 99%| O|  |TAMS 0x0000000701bffff8, 0x0000000701a00000| Untracked 
|   4|0x0000000701c00000, 0x0000000701dffff8, 0x0000000701e00000| 99%| O|  |TAMS 0x0000000701dffff8, 0x0000000701c00000| Untracked 
|   5|0x0000000701e00000, 0x0000000701ffffe8, 0x0000000702000000| 99%| O|  |TAMS 0x0000000701ffffe8, 0x0000000701e00000| Untracked 
|   6|0x0000000702000000, 0x00000007021fffc0, 0x0000000702200000| 99%| O|  |TAMS 0x00000007021fffc0, 0x0000000702000000| Untracked 
|   7|0x0000000702200000, 0x00000007023fffd0, 0x0000000702400000| 99%| O|  |TAMS 0x00000007023fffd0, 0x0000000702200000| Untracked 
|   8|0x0000000702400000, 0x00000007025fffa0, 0x0000000702600000| 99%| O|  |TAMS 0x00000007025fffa0, 0x0000000702400000| Untracked 
|   9|0x0000000702600000, 0x00000007027f61c0, 0x0000000702800000| 98%| O|  |TAMS 0x00000007027f61c0, 0x0000000702600000| Untracked 
|  10|0x0000000702800000, 0x00000007029f9f68, 0x0000000702a00000| 98%| O|  |TAMS 0x00000007029f9f68, 0x0000000702800000| Untracked 
|  11|0x0000000702a00000, 0x0000000702bf1320, 0x0000000702c00000| 97%| O|  |TAMS 0x0000000702bf1320, 0x0000000702a00000| Untracked 
|  12|0x0000000702c00000, 0x0000000702dbf710, 0x0000000702e00000| 87%| O|  |TAMS 0x0000000702c00000, 0x0000000702c00000| Untracked 
|  13|0x0000000702e00000, 0x0000000702f99450, 0x0000000703000000| 79%| O|  |TAMS 0x0000000702e00000, 0x0000000702e00000| Untracked 
|  14|0x0000000703000000, 0x00000007031de410, 0x0000000703200000| 93%| O|  |TAMS 0x0000000703000000, 0x0000000703000000| Untracked 
|  15|0x0000000703200000, 0x00000007033ffff0, 0x0000000703400000| 99%| O|  |TAMS 0x0000000703200000, 0x0000000703200000| Untracked 
|  16|0x0000000703400000, 0x00000007035e8b78, 0x0000000703600000| 95%| O|  |TAMS 0x0000000703400000, 0x0000000703400000| Untracked 
|  17|0x0000000703600000, 0x00000007037967f0, 0x0000000703800000| 79%| O|  |TAMS 0x0000000703600000, 0x0000000703600000| Untracked 
|  18|0x0000000703800000, 0x0000000703a00000, 0x0000000703a00000|100%| O|  |TAMS 0x0000000703800000, 0x0000000703800000| Untracked 
|  19|0x0000000703a00000, 0x0000000703c00000, 0x0000000703c00000|100%| O|  |TAMS 0x0000000703a00000, 0x0000000703a00000| Untracked 
|  20|0x0000000703c00000, 0x0000000703e00000, 0x0000000703e00000|100%| O|  |TAMS 0x0000000703c00000, 0x0000000703c00000| Untracked 
|  21|0x0000000703e00000, 0x0000000704000000, 0x0000000704000000|100%| O|  |TAMS 0x0000000703e00000, 0x0000000703e00000| Untracked 
|  22|0x0000000704000000, 0x0000000704200000, 0x0000000704200000|100%| O|  |TAMS 0x0000000704000000, 0x0000000704000000| Untracked 
|  23|0x0000000704200000, 0x0000000704400000, 0x0000000704400000|100%| O|  |TAMS 0x0000000704200000, 0x0000000704200000| Untracked 
|  24|0x0000000704400000, 0x000000070442d800, 0x0000000704600000|  8%| O|  |TAMS 0x0000000704400000, 0x0000000704400000| Untracked 
|  25|0x0000000704600000, 0x0000000704600000, 0x0000000704800000|  0%| F|  |TAMS 0x0000000704600000, 0x0000000704600000| Untracked 
|  26|0x0000000704800000, 0x0000000704800000, 0x0000000704a00000|  0%| F|  |TAMS 0x0000000704800000, 0x0000000704800000| Untracked 
|  27|0x0000000704a00000, 0x0000000704a00000, 0x0000000704c00000|  0%| F|  |TAMS 0x0000000704a00000, 0x0000000704a00000| Untracked 
|  28|0x0000000704c00000, 0x0000000704c00000, 0x0000000704e00000|  0%| F|  |TAMS 0x0000000704c00000, 0x0000000704c00000| Untracked 
|  29|0x0000000704e00000, 0x0000000704e00000, 0x0000000705000000|  0%| F|  |TAMS 0x0000000704e00000, 0x0000000704e00000| Untracked 
|  30|0x0000000705000000, 0x000000070508b600, 0x0000000705200000| 27%| O|  |TAMS 0x0000000705000000, 0x0000000705000000| Untracked 
|  31|0x0000000705200000, 0x0000000705200000, 0x0000000705400000|  0%| F|  |TAMS 0x0000000705200000, 0x0000000705200000| Untracked 
|  32|0x0000000705400000, 0x0000000705400000, 0x0000000705600000|  0%| F|  |TAMS 0x0000000705400000, 0x0000000705400000| Untracked 
|  33|0x0000000705600000, 0x0000000705600000, 0x0000000705800000|  0%| F|  |TAMS 0x0000000705600000, 0x0000000705600000| Untracked 
|  34|0x0000000705800000, 0x0000000705800000, 0x0000000705a00000|  0%| F|  |TAMS 0x0000000705800000, 0x0000000705800000| Untracked 
|  35|0x0000000705a00000, 0x0000000705a00000, 0x0000000705c00000|  0%| F|  |TAMS 0x0000000705a00000, 0x0000000705a00000| Untracked 
|  36|0x0000000705c00000, 0x0000000705c00000, 0x0000000705e00000|  0%| F|  |TAMS 0x0000000705c00000, 0x0000000705c00000| Untracked 
|  37|0x0000000705e00000, 0x0000000705e00000, 0x0000000706000000|  0%| F|  |TAMS 0x0000000705e00000, 0x0000000705e00000| Untracked 
|  38|0x0000000706000000, 0x0000000706000000, 0x0000000706200000|  0%| F|  |TAMS 0x0000000706000000, 0x0000000706000000| Untracked 
|  39|0x0000000706200000, 0x0000000706200000, 0x0000000706400000|  0%| F|  |TAMS 0x0000000706200000, 0x0000000706200000| Untracked 
|  40|0x0000000706400000, 0x0000000706400000, 0x0000000706600000|  0%| F|  |TAMS 0x0000000706400000, 0x0000000706400000| Untracked 
|  41|0x0000000706600000, 0x0000000706600000, 0x0000000706800000|  0%| F|  |TAMS 0x0000000706600000, 0x0000000706600000| Untracked 
|  42|0x0000000706800000, 0x0000000706800000, 0x0000000706a00000|  0%| F|  |TAMS 0x0000000706800000, 0x0000000706800000| Untracked 
|  43|0x0000000706a00000, 0x0000000706a00000, 0x0000000706c00000|  0%| F|  |TAMS 0x0000000706a00000, 0x0000000706a00000| Untracked 
|  44|0x0000000706c00000, 0x0000000706d6c7c0, 0x0000000706e00000| 71%| S|  |TAMS 0x0000000706c00000, 0x0000000706c00000| Complete 
|  45|0x0000000706e00000, 0x0000000706e00000, 0x0000000707000000|  0%| F|  |TAMS 0x0000000706e00000, 0x0000000706e00000| Untracked 
|  46|0x0000000707000000, 0x0000000707000000, 0x0000000707200000|  0%| F|  |TAMS 0x0000000707000000, 0x0000000707000000| Untracked 
|  47|0x0000000707200000, 0x0000000707200000, 0x0000000707400000|  0%| F|  |TAMS 0x0000000707200000, 0x0000000707200000| Untracked 
|  48|0x0000000707400000, 0x0000000707400000, 0x0000000707600000|  0%| F|  |TAMS 0x0000000707400000, 0x0000000707400000| Untracked 
|  49|0x0000000707600000, 0x0000000707600000, 0x0000000707800000|  0%| F|  |TAMS 0x0000000707600000, 0x0000000707600000| Untracked 
|  50|0x0000000707800000, 0x0000000707800000, 0x0000000707a00000|  0%| F|  |TAMS 0x0000000707800000, 0x0000000707800000| Untracked 
|  51|0x0000000707a00000, 0x0000000707a00000, 0x0000000707c00000|  0%| F|  |TAMS 0x0000000707a00000, 0x0000000707a00000| Untracked 
|  52|0x0000000707c00000, 0x0000000707c00000, 0x0000000707e00000|  0%| F|  |TAMS 0x0000000707c00000, 0x0000000707c00000| Untracked 
|  53|0x0000000707e00000, 0x0000000707e00000, 0x0000000708000000|  0%| F|  |TAMS 0x0000000707e00000, 0x0000000707e00000| Untracked 
|  54|0x0000000708000000, 0x0000000708000000, 0x0000000708200000|  0%| F|  |TAMS 0x0000000708000000, 0x0000000708000000| Untracked 
|  55|0x0000000708200000, 0x0000000708200000, 0x0000000708400000|  0%| F|  |TAMS 0x0000000708200000, 0x0000000708200000| Untracked 
|  56|0x0000000708400000, 0x0000000708400000, 0x0000000708600000|  0%| F|  |TAMS 0x0000000708400000, 0x0000000708400000| Untracked 
|  57|0x0000000708600000, 0x000000070862b0a8, 0x0000000708800000|  8%| E|  |TAMS 0x0000000708600000, 0x0000000708600000| Complete 
|  58|0x0000000708800000, 0x0000000708a00000, 0x0000000708a00000|100%| E|  |TAMS 0x0000000708800000, 0x0000000708800000| Complete 
|  59|0x0000000708a00000, 0x0000000708c00000, 0x0000000708c00000|100%| E|  |TAMS 0x0000000708a00000, 0x0000000708a00000| Complete 
|  60|0x0000000708c00000, 0x0000000708e00000, 0x0000000708e00000|100%| E|  |TAMS 0x0000000708c00000, 0x0000000708c00000| Complete 
|  61|0x0000000708e00000, 0x0000000709000000, 0x0000000709000000|100%| E|  |TAMS 0x0000000708e00000, 0x0000000708e00000| Complete 
|  62|0x0000000709000000, 0x0000000709200000, 0x0000000709200000|100%| E|  |TAMS 0x0000000709000000, 0x0000000709000000| Complete 
|  63|0x0000000709200000, 0x0000000709400000, 0x0000000709400000|100%| E|  |TAMS 0x0000000709200000, 0x0000000709200000| Complete 
|  64|0x0000000709400000, 0x0000000709403a40, 0x0000000709600000|  0%| O|  |TAMS 0x0000000709400000, 0x0000000709400000| Untracked 
|  65|0x0000000709600000, 0x0000000709800000, 0x0000000709800000|100%| E|  |TAMS 0x0000000709600000, 0x0000000709600000| Complete 
|  66|0x0000000709800000, 0x0000000709a00000, 0x0000000709a00000|100%| E|  |TAMS 0x0000000709800000, 0x0000000709800000| Complete 
|  67|0x0000000709a00000, 0x0000000709c00000, 0x0000000709c00000|100%| E|  |TAMS 0x0000000709a00000, 0x0000000709a00000| Complete 
|  68|0x0000000709c00000, 0x0000000709e00000, 0x0000000709e00000|100%| E|  |TAMS 0x0000000709c00000, 0x0000000709c00000| Complete 
|  69|0x0000000709e00000, 0x000000070a000000, 0x000000070a000000|100%| E|  |TAMS 0x0000000709e00000, 0x0000000709e00000| Complete 
|  70|0x000000070a000000, 0x000000070a200000, 0x000000070a200000|100%| E|  |TAMS 0x000000070a000000, 0x000000070a000000| Complete 
|  71|0x000000070a200000, 0x000000070a400000, 0x000000070a400000|100%| E|  |TAMS 0x000000070a200000, 0x000000070a200000| Complete 
|  72|0x000000070a400000, 0x000000070a600000, 0x000000070a600000|100%| E|  |TAMS 0x000000070a400000, 0x000000070a400000| Complete 
|  73|0x000000070a600000, 0x000000070a800000, 0x000000070a800000|100%| E|  |TAMS 0x000000070a600000, 0x000000070a600000| Complete 
|  74|0x000000070a800000, 0x000000070aa00000, 0x000000070aa00000|100%| E|  |TAMS 0x000000070a800000, 0x000000070a800000| Complete 
|  75|0x000000070aa00000, 0x000000070ac00000, 0x000000070ac00000|100%| E|  |TAMS 0x000000070aa00000, 0x000000070aa00000| Complete 
|  76|0x000000070ac00000, 0x000000070ae00000, 0x000000070ae00000|100%| E|  |TAMS 0x000000070ac00000, 0x000000070ac00000| Complete 
|  77|0x000000070ae00000, 0x000000070b000000, 0x000000070b000000|100%| E|  |TAMS 0x000000070ae00000, 0x000000070ae00000| Complete 
|  78|0x000000070b000000, 0x000000070b200000, 0x000000070b200000|100%| E|  |TAMS 0x000000070b000000, 0x000000070b000000| Complete 
|  79|0x000000070b200000, 0x000000070b400000, 0x000000070b400000|100%| E|  |TAMS 0x000000070b200000, 0x000000070b200000| Complete 
|  80|0x000000070b400000, 0x000000070b600000, 0x000000070b600000|100%| E|  |TAMS 0x000000070b400000, 0x000000070b400000| Complete 
|  81|0x000000070b600000, 0x000000070b800000, 0x000000070b800000|100%| E|  |TAMS 0x000000070b600000, 0x000000070b600000| Complete 
|  82|0x000000070b800000, 0x000000070ba00000, 0x000000070ba00000|100%| E|  |TAMS 0x000000070b800000, 0x000000070b800000| Complete 
|  83|0x000000070ba00000, 0x000000070bc00000, 0x000000070bc00000|100%| E|  |TAMS 0x000000070ba00000, 0x000000070ba00000| Complete 
|  84|0x000000070bc00000, 0x000000070be00000, 0x000000070be00000|100%| E|  |TAMS 0x000000070bc00000, 0x000000070bc00000| Complete 
|  85|0x000000070be00000, 0x000000070c000000, 0x000000070c000000|100%| E|  |TAMS 0x000000070be00000, 0x000000070be00000| Complete 
|  86|0x000000070c000000, 0x000000070c200000, 0x000000070c200000|100%| E|  |TAMS 0x000000070c000000, 0x000000070c000000| Complete 
|  87|0x000000070c200000, 0x000000070c400000, 0x000000070c400000|100%| E|  |TAMS 0x000000070c200000, 0x000000070c200000| Complete 
|  88|0x000000070c400000, 0x000000070c600000, 0x000000070c600000|100%| E|  |TAMS 0x000000070c400000, 0x000000070c400000| Complete 
|  89|0x000000070c600000, 0x000000070c800000, 0x000000070c800000|100%| E|  |TAMS 0x000000070c600000, 0x000000070c600000| Complete 
|  90|0x000000070c800000, 0x000000070ca00000, 0x000000070ca00000|100%| E|  |TAMS 0x000000070c800000, 0x000000070c800000| Complete 
|  91|0x000000070ca00000, 0x000000070cc00000, 0x000000070cc00000|100%| E|  |TAMS 0x000000070ca00000, 0x000000070ca00000| Complete 
|  92|0x000000070cc00000, 0x000000070ce00000, 0x000000070ce00000|100%| E|  |TAMS 0x000000070cc00000, 0x000000070cc00000| Complete 
|  93|0x000000070ce00000, 0x000000070d000000, 0x000000070d000000|100%| E|  |TAMS 0x000000070ce00000, 0x000000070ce00000| Complete 
|  94|0x000000070d000000, 0x000000070d200000, 0x000000070d200000|100%| E|  |TAMS 0x000000070d000000, 0x000000070d000000| Complete 
|  95|0x000000070d200000, 0x000000070d400000, 0x000000070d400000|100%| E|  |TAMS 0x000000070d200000, 0x000000070d200000| Complete 
|  96|0x000000070d400000, 0x000000070d600000, 0x000000070d600000|100%| E|  |TAMS 0x000000070d400000, 0x000000070d400000| Complete 
|  97|0x000000070d600000, 0x000000070d800000, 0x000000070d800000|100%| E|  |TAMS 0x000000070d600000, 0x000000070d600000| Complete 
|  98|0x000000070d800000, 0x000000070da00000, 0x000000070da00000|100%| E|  |TAMS 0x000000070d800000, 0x000000070d800000| Complete 

Card table byte_map: [0x00000286333f0000,0x0000028633bf0000] _byte_map_base: 0x000002862fbe6000

Marking Bits (Prev, Next): (CMBitMap*) 0x0000028620a96960, (CMBitMap*) 0x0000028620a969a0
 Prev Bits: [0x00000286343f0000, 0x00000286383a0000)
 Next Bits: [0x00000286383a0000, 0x000002863c350000)

Polling page: 0x00000286201e0000

Metaspace:

Usage:
  Non-class:     89.62 MB used.
      Class:     12.21 MB used.
       Both:    101.83 MB used.

Virtual space:
  Non-class space:       96.00 MB reserved,      90.12 MB ( 94%) committed,  12 nodes.
      Class space:        1.00 GB reserved,      12.75 MB (  1%) committed,  1 nodes.
             Both:        1.09 GB reserved,     102.88 MB (  9%) committed. 

Chunk freelists:
   Non-Class:  1.64 MB
       Class:  3.25 MB
        Both:  4.89 MB

MaxMetaspaceSize: unlimited
CompressedClassSpaceSize: 1.00 GB
Initial GC threshold: 21.00 MB
Current GC threshold: 169.62 MB
CDS: off
MetaspaceReclaimPolicy: balanced
 - commit_granule_bytes: 65536.
 - commit_granule_words: 8192.
 - virtual_space_node_default_size: 1048576.
 - enlarge_chunks_in_place: 1.
 - new_chunks_are_fully_committed: 0.
 - uncommit_free_chunks: 1.
 - use_allocation_guard: 0.
 - handle_deallocations: 1.


Internal statistics:

num_allocs_failed_limit: 11.
num_arena_births: 1590.
num_arena_deaths: 62.
num_vsnodes_births: 13.
num_vsnodes_deaths: 0.
num_space_committed: 1646.
num_space_uncommitted: 0.
num_chunks_returned_to_freelist: 87.
num_chunks_taken_from_freelist: 5797.
num_chunk_merges: 11.
num_chunk_splits: 3717.
num_chunks_enlarged: 2411.
num_purges: 32.
num_inconsistent_stats: 0.

CodeHeap 'non-profiled nmethods': size=120000Kb used=14937Kb max_used=14937Kb free=105062Kb
 bounds [0x000002862b170000, 0x000002862c010000, 0x00000286326a0000]
CodeHeap 'profiled nmethods': size=120000Kb used=28533Kb max_used=28533Kb free=91466Kb
 bounds [0x00000286236a0000, 0x0000028625290000, 0x000002862abd0000]
CodeHeap 'non-nmethods': size=5760Kb used=1372Kb max_used=1493Kb free=4387Kb
 bounds [0x000002862abd0000, 0x000002862ae40000, 0x000002862b170000]
 total_blobs=15337 nmethods=14633 adapters=615
 compilation: enabled
              stopped_count=0, restarted_count=0
 full_count=0

Compilation events (20 events):
Event: 2490.066 Thread 0x000002863f86f5f0 18802  s!   3       org.apache.catalina.util.LifecycleBase::stop (347 bytes)
Event: 2490.067 Thread 0x000002863f86f5f0 nmethod 18802 0x0000028625278290 code [0x0000028625278740, 0x000002862527b068]
Event: 2490.068 Thread 0x000002863f86f5f0 18803       3       org.apache.tomcat.util.threads.ThreadPoolExecutor$Worker::unlock (7 bytes)
Event: 2490.068 Thread 0x000002863f86f5f0 nmethod 18803 0x000002862527bb90 code [0x000002862527bd40, 0x000002862527bfa8]
Event: 2490.068 Thread 0x000002863f86f5f0 18805       3       java.lang.StringConcatHelper::newString (67 bytes)
Event: 2490.069 Thread 0x000002863f86f5f0 nmethod 18805 0x000002862527c090 code [0x000002862527c300, 0x000002862527cd88]
Event: 2490.069 Thread 0x000002863f86f5f0 18804       3       org.apache.tomcat.util.threads.ThreadPoolExecutor$Worker::tryRelease (12 bytes)
Event: 2490.069 Thread 0x000002863f86f5f0 nmethod 18804 0x000002862527d110 code [0x000002862527d2a0, 0x000002862527d418]
Event: 2490.069 Thread 0x000002863f86f5f0 18806       3       org.hibernate.internal.SessionFactoryImpl$$Lambda$1505/0x0000000800abe888::accept (16 bytes)
Event: 2490.069 Thread 0x000002863f86f5f0 nmethod 18806 0x000002862527d490 code [0x000002862527d640, 0x000002862527d8a8]
Event: 2490.069 Thread 0x000002863f86f5f0 18807       3       org.hibernate.internal.SessionFactoryImpl::lambda$close$3 (45 bytes)
Event: 2490.070 Thread 0x000002863f86f5f0 nmethod 18807 0x000002862527d990 code [0x000002862527db60, 0x000002862527e218]
Event: 2490.070 Thread 0x000002863f86f5f0 18808       3       javax.crypto.ShortBufferException::<init> (6 bytes)
Event: 2490.070 Thread 0x000002863f86f5f0 nmethod 18808 0x000002862527e410 code [0x000002862527e5c0, 0x000002862527e7c8]
Event: 2490.071 Thread 0x000002863f86f5f0 18809       3       java.security.ProviderException::<init> (6 bytes)
Event: 2490.071 Thread 0x000002863f86f5f0 nmethod 18809 0x000002862527e890 code [0x000002862527ea40, 0x000002862527ec48]
Event: 2490.072 Thread 0x000002863f86f5f0 18810   !   3       com.mysql.cj.protocol.a.NativeProtocol::setSocketTimeout (45 bytes)
Event: 2490.072 Thread 0x000002863f86f5f0 nmethod 18810 0x000002862527ed10 code [0x000002862527ef00, 0x000002862527f508]
Event: 2490.072 Thread 0x000002863f86f5f0 18811       3       sun.security.ssl.SSLSocketImpl::isOutputShutdown (37 bytes)
Event: 2490.073 Thread 0x000002863f86f5f0 nmethod 18811 0x000002862527f790 code [0x000002862527f960, 0x000002862527ff68]

GC Heap History (20 events):
Event: 1928.234 GC heap after
{Heap after GC invocations=121 (full 13):
 garbage-first heap   total 184320K, used 66146K [0x0000000701400000, 0x0000000800000000)
  region size 2048K, 4 young (8192K), 4 survivors (8192K)
 Metaspace       used 102881K, committed 103936K, reserved 1146880K
  class space    used 12411K, committed 12992K, reserved 1048576K
}
Event: 1928.328 GC heap before
{Heap before GC invocations=122 (full 13):
 garbage-first heap   total 204800K, used 139874K [0x0000000701400000, 0x0000000800000000)
  region size 2048K, 40 young (81920K), 4 survivors (8192K)
 Metaspace       used 103036K, committed 104064K, reserved 1146880K
  class space    used 12419K, committed 12992K, reserved 1048576K
}
Event: 1928.329 GC heap after
{Heap after GC invocations=123 (full 13):
 garbage-first heap   total 204800K, used 61479K [0x0000000701400000, 0x0000000800000000)
  region size 2048K, 1 young (2048K), 1 survivors (2048K)
 Metaspace       used 103036K, committed 104064K, reserved 1146880K
  class space    used 12419K, committed 12992K, reserved 1048576K
}
Event: 1945.128 GC heap before
{Heap before GC invocations=123 (full 13):
 garbage-first heap   total 204800K, used 71719K [0x0000000701400000, 0x0000000800000000)
  region size 2048K, 7 young (14336K), 1 survivors (2048K)
 Metaspace       used 103042K, committed 104192K, reserved 1146880K
  class space    used 12420K, committed 12992K, reserved 1048576K
}
Event: 1945.162 GC heap after
{Heap after GC invocations=124 (full 14):
 garbage-first heap   total 137216K, used 35993K [0x0000000701400000, 0x0000000800000000)
  region size 2048K, 0 young (0K), 0 survivors (0K)
 Metaspace       used 103029K, committed 104192K, reserved 1146880K
  class space    used 12417K, committed 12992K, reserved 1048576K
}
Event: 1945.429 GC heap before
{Heap before GC invocations=124 (full 14):
 garbage-first heap   total 137216K, used 105625K [0x0000000701400000, 0x0000000800000000)
  region size 2048K, 34 young (69632K), 0 survivors (0K)
 Metaspace       used 103699K, committed 104832K, reserved 1146880K
  class space    used 12469K, committed 13056K, reserved 1048576K
}
Event: 1945.431 GC heap after
{Heap after GC invocations=125 (full 14):
 garbage-first heap   total 137216K, used 40853K [0x0000000701400000, 0x0000000800000000)
  region size 2048K, 3 young (6144K), 3 survivors (6144K)
 Metaspace       used 103699K, committed 104832K, reserved 1146880K
  class space    used 12469K, committed 13056K, reserved 1048576K
}
Event: 1945.534 GC heap before
{Heap before GC invocations=125 (full 14):
 garbage-first heap   total 137216K, used 102293K [0x0000000701400000, 0x0000000800000000)
  region size 2048K, 34 young (69632K), 3 survivors (6144K)
 Metaspace       used 104060K, committed 105152K, reserved 1146880K
  class space    used 12491K, committed 13056K, reserved 1048576K
}
Event: 1945.537 GC heap after
{Heap after GC invocations=126 (full 14):
 garbage-first heap   total 137216K, used 43061K [0x0000000701400000, 0x0000000800000000)
  region size 2048K, 4 young (8192K), 4 survivors (8192K)
 Metaspace       used 104060K, committed 105152K, reserved 1146880K
  class space    used 12491K, committed 13056K, reserved 1048576K
}
Event: 1945.592 GC heap before
{Heap before GC invocations=126 (full 14):
 garbage-first heap   total 137216K, used 102453K [0x0000000701400000, 0x0000000800000000)
  region size 2048K, 34 young (69632K), 4 survivors (8192K)
 Metaspace       used 104084K, committed 105152K, reserved 1146880K
  class space    used 12491K, committed 13056K, reserved 1048576K
}
Event: 1945.595 GC heap after
{Heap after GC invocations=127 (full 14):
 garbage-first heap   total 137216K, used 47272K [0x0000000701400000, 0x0000000800000000)
  region size 2048K, 4 young (8192K), 4 survivors (8192K)
 Metaspace       used 104084K, committed 105152K, reserved 1146880K
  class space    used 12491K, committed 13056K, reserved 1048576K
}
Event: 1945.636 GC heap before
{Heap before GC invocations=127 (full 14):
 garbage-first heap   total 137216K, used 100520K [0x0000000701400000, 0x0000000800000000)
  region size 2048K, 31 young (63488K), 4 survivors (8192K)
 Metaspace       used 104084K, committed 105152K, reserved 1146880K
  class space    used 12491K, committed 13056K, reserved 1048576K
}
Event: 1945.640 GC heap after
{Heap after GC invocations=128 (full 14):
 garbage-first heap   total 137216K, used 52267K [0x0000000701400000, 0x0000000800000000)
  region size 2048K, 4 young (8192K), 4 survivors (8192K)
 Metaspace       used 104084K, committed 105152K, reserved 1146880K
  class space    used 12491K, committed 13056K, reserved 1048576K
}
Event: 1945.691 GC heap before
{Heap before GC invocations=128 (full 14):
 garbage-first heap   total 137216K, used 101419K [0x0000000701400000, 0x0000000800000000)
  region size 2048K, 28 young (57344K), 4 survivors (8192K)
 Metaspace       used 104124K, committed 105216K, reserved 1146880K
  class space    used 12494K, committed 13056K, reserved 1048576K
}
Event: 1945.693 GC heap after
{Heap after GC invocations=129 (full 14):
 garbage-first heap   total 137216K, used 49991K [0x0000000701400000, 0x0000000800000000)
  region size 2048K, 1 young (2048K), 1 survivors (2048K)
 Metaspace       used 104124K, committed 105216K, reserved 1146880K
  class space    used 12494K, committed 13056K, reserved 1048576K
}
Event: 2027.246 GC heap before
{Heap before GC invocations=129 (full 14):
 garbage-first heap   total 137216K, used 103239K [0x0000000701400000, 0x0000000800000000)
  region size 2048K, 27 young (55296K), 1 survivors (2048K)
 Metaspace       used 104265K, committed 105344K, reserved 1146880K
  class space    used 12503K, committed 13056K, reserved 1048576K
}
Event: 2027.248 GC heap after
{Heap after GC invocations=130 (full 14):
 garbage-first heap   total 202752K, used 49988K [0x0000000701400000, 0x0000000800000000)
  region size 2048K, 1 young (2048K), 1 survivors (2048K)
 Metaspace       used 104265K, committed 105344K, reserved 1146880K
  class space    used 12503K, committed 13056K, reserved 1048576K
}
Event: 2294.627 GC heap before
{Heap before GC invocations=130 (full 14):
 garbage-first heap   total 202752K, used 158532K [0x0000000701400000, 0x0000000800000000)
  region size 2048K, 54 young (110592K), 1 survivors (2048K)
 Metaspace       used 104267K, committed 105344K, reserved 1146880K
  class space    used 12503K, committed 13056K, reserved 1048576K
}
Event: 2294.629 GC heap after
{Heap after GC invocations=131 (full 14):
 garbage-first heap   total 202752K, used 49921K [0x0000000701400000, 0x0000000800000000)
  region size 2048K, 1 young (2048K), 1 survivors (2048K)
 Metaspace       used 104267K, committed 105344K, reserved 1146880K
  class space    used 12503K, committed 13056K, reserved 1048576K
}
Event: 2490.073 GC heap before
{Heap before GC invocations=131 (full 14):
 garbage-first heap   total 202752K, used 131841K [0x0000000701400000, 0x0000000800000000)
  region size 2048K, 42 young (86016K), 1 survivors (2048K)
 Metaspace       used 104273K, committed 105344K, reserved 1146880K
  class space    used 12503K, committed 13056K, reserved 1048576K
}

Dll operation events (9 events):
Event: 0.006 Loaded shared library C:\Users\Administrator\.vscode\extensions\redhat.java-1.15.0-win32-x64\jre\17.0.6-win32-x86_64\bin\java.dll
Event: 0.094 Loaded shared library C:\Users\Administrator\.vscode\extensions\redhat.java-1.15.0-win32-x64\jre\17.0.6-win32-x86_64\bin\net.dll
Event: 0.095 Loaded shared library C:\Users\Administrator\.vscode\extensions\redhat.java-1.15.0-win32-x64\jre\17.0.6-win32-x86_64\bin\nio.dll
Event: 0.100 Loaded shared library C:\Users\Administrator\.vscode\extensions\redhat.java-1.15.0-win32-x64\jre\17.0.6-win32-x86_64\bin\zip.dll
Event: 0.165 Loaded shared library C:\Users\Administrator\.vscode\extensions\redhat.java-1.15.0-win32-x64\jre\17.0.6-win32-x86_64\bin\jimage.dll
Event: 0.334 Loaded shared library C:\Users\Administrator\.vscode\extensions\redhat.java-1.15.0-win32-x64\jre\17.0.6-win32-x86_64\bin\management.dll
Event: 0.336 Loaded shared library C:\Users\Administrator\.vscode\extensions\redhat.java-1.15.0-win32-x64\jre\17.0.6-win32-x86_64\bin\management_ext.dll
Event: 0.634 Loaded shared library C:\Users\Administrator\.vscode\extensions\redhat.java-1.15.0-win32-x64\jre\17.0.6-win32-x86_64\bin\verify.dll
Event: 1.823 Loaded shared library C:\Users\Administrator\.vscode\extensions\redhat.java-1.15.0-win32-x64\jre\17.0.6-win32-x86_64\bin\sunmscapi.dll

Deoptimization events (20 events):
Event: 1953.158 Thread 0x0000028645a5aba0 Uncommon trap: trap_request=0xffffff45 fr.pc=0x000002862bdaf384 relative=0x0000000000001404
Event: 1953.158 Thread 0x0000028645a5aba0 Uncommon trap: reason=unstable_if action=reinterpret pc=0x000002862bdaf384 method=java.lang.String.encodeWithEncoder(Ljava/nio/charset/Charset;B[BZ)[B @ 40 c2
Event: 1953.158 Thread 0x0000028645a5aba0 DEOPT PACKING pc=0x000002862bdaf384 sp=0x000000b2060fe3f0
Event: 1953.158 Thread 0x0000028645a5aba0 DEOPT UNPACKING pc=0x000002862ac269a3 sp=0x000000b2060fe340 mode 2
Event: 2428.935 Thread 0x0000028645a58050 Uncommon trap: trap_request=0xffffffbe fr.pc=0x000002862c002a74 relative=0x0000000000001774
Event: 2428.935 Thread 0x0000028645a58050 Uncommon trap: reason=profile_predicate action=maybe_recompile pc=0x000002862c002a74 method=org.springframework.boot.devtools.filewatch.FileSystemWatcher$Watcher.getCurrentSnapshots()Ljava/util/Map; @ 29 c2
Event: 2428.935 Thread 0x0000028645a58050 DEOPT PACKING pc=0x000002862c002a74 sp=0x000000b205eff5e0
Event: 2428.935 Thread 0x0000028645a58050 DEOPT UNPACKING pc=0x000002862ac269a3 sp=0x000000b205eff5d0 mode 2
Event: 2429.950 Thread 0x0000028645a58050 Uncommon trap: trap_request=0xffffffbe fr.pc=0x000002862c002a74 relative=0x0000000000001774
Event: 2429.950 Thread 0x0000028645a58050 Uncommon trap: reason=profile_predicate action=maybe_recompile pc=0x000002862c002a74 method=org.springframework.boot.devtools.filewatch.FileSystemWatcher$Watcher.getCurrentSnapshots()Ljava/util/Map; @ 29 c2
Event: 2429.950 Thread 0x0000028645a58050 DEOPT PACKING pc=0x000002862c002a74 sp=0x000000b205eff5e0
Event: 2429.950 Thread 0x0000028645a58050 DEOPT UNPACKING pc=0x000002862ac269a3 sp=0x000000b205eff5d0 mode 2
Event: 2430.960 Thread 0x0000028645a58050 Uncommon trap: trap_request=0xffffffbe fr.pc=0x000002862c002a74 relative=0x0000000000001774
Event: 2430.960 Thread 0x0000028645a58050 Uncommon trap: reason=profile_predicate action=maybe_recompile pc=0x000002862c002a74 method=org.springframework.boot.devtools.filewatch.FileSystemWatcher$Watcher.getCurrentSnapshots()Ljava/util/Map; @ 29 c2
Event: 2430.960 Thread 0x0000028645a58050 DEOPT PACKING pc=0x000002862c002a74 sp=0x000000b205eff5e0
Event: 2430.960 Thread 0x0000028645a58050 DEOPT UNPACKING pc=0x000002862ac269a3 sp=0x000000b205eff5d0 mode 2
Event: 2431.982 Thread 0x0000028645a58050 Uncommon trap: trap_request=0xffffffbe fr.pc=0x000002862c002a74 relative=0x0000000000001774
Event: 2431.982 Thread 0x0000028645a58050 Uncommon trap: reason=profile_predicate action=maybe_recompile pc=0x000002862c002a74 method=org.springframework.boot.devtools.filewatch.FileSystemWatcher$Watcher.getCurrentSnapshots()Ljava/util/Map; @ 29 c2
Event: 2431.982 Thread 0x0000028645a58050 DEOPT PACKING pc=0x000002862c002a74 sp=0x000000b205eff5e0
Event: 2431.982 Thread 0x0000028645a58050 DEOPT UNPACKING pc=0x000002862ac269a3 sp=0x000000b205eff5d0 mode 2

Classes unloaded (20 events):
Event: 964.960 Thread 0x000002863efee0a0 Unloading class 0x0000000800b9c000 'jdk/internal/reflect/GeneratedSerializationConstructorAccessor8'
Event: 964.960 Thread 0x000002863efee0a0 Unloading class 0x0000000800b81c00 'org/apache/catalina/loader/JdbcLeakPrevention'
Event: 974.311 Thread 0x000002863efee0a0 Unloading class 0x0000000800bb8400 'jdk/internal/reflect/GeneratedSerializationConstructorAccessor9'
Event: 974.311 Thread 0x000002863efee0a0 Unloading class 0x0000000800ba8000 'org/apache/catalina/loader/JdbcLeakPrevention'
Event: 1491.613 Thread 0x000002863efee0a0 Unloading class 0x0000000800bcc400 'jdk/internal/reflect/GeneratedSerializationConstructorAccessor10'
Event: 1491.613 Thread 0x000002863efee0a0 Unloading class 0x0000000800bb8c00 'org/apache/catalina/loader/JdbcLeakPrevention'
Event: 1644.216 Thread 0x000002863efee0a0 Unloading class 0x0000000800be4400 'jdk/internal/reflect/GeneratedSerializationConstructorAccessor11'
Event: 1644.216 Thread 0x000002863efee0a0 Unloading class 0x0000000800bd4000 'org/apache/catalina/loader/JdbcLeakPrevention'
Event: 1664.678 Thread 0x000002863efee0a0 Unloading class 0x0000000800bfc400 'jdk/internal/reflect/GeneratedSerializationConstructorAccessor12'
Event: 1664.678 Thread 0x000002863efee0a0 Unloading class 0x0000000800be4c00 'org/apache/catalina/loader/JdbcLeakPrevention'
Event: 1856.211 Thread 0x000002863efee0a0 Unloading class 0x0000000800c14400 'jdk/internal/reflect/GeneratedSerializationConstructorAccessor13'
Event: 1856.211 Thread 0x000002863efee0a0 Unloading class 0x0000000800bfcc00 'org/apache/catalina/loader/JdbcLeakPrevention'
Event: 1928.273 Thread 0x000002863efee0a0 Unloading class 0x0000000800ca4400 'jdk/internal/reflect/GeneratedSerializationConstructorAccessor14'
Event: 1945.137 Thread 0x000002863efee0a0 Unloading class 0x0000000800c94000 'org/apache/catalina/loader/JdbcLeakPrevention'
Event: 1945.137 Thread 0x000002863efee0a0 Unloading class 0x0000000800c86000 'org/apache/catalina/loader/JdbcLeakPrevention'
Event: 1945.137 Thread 0x000002863efee0a0 Unloading class 0x0000000800c4a000 'org/apache/catalina/loader/JdbcLeakPrevention'
Event: 1945.137 Thread 0x000002863efee0a0 Unloading class 0x0000000800c2c000 'org/apache/catalina/loader/JdbcLeakPrevention'
Event: 1945.137 Thread 0x000002863efee0a0 Unloading class 0x0000000800c14c00 'org/apache/catalina/loader/JdbcLeakPrevention'
Event: 2490.083 Thread 0x000002863efee0a0 Unloading class 0x0000000800cb8400 'jdk/internal/reflect/GeneratedSerializationConstructorAccessor15'
Event: 2490.083 Thread 0x000002863efee0a0 Unloading class 0x0000000800ca4400 'org/apache/catalina/loader/JdbcLeakPrevention'

Classes redefined (0 events):
No events

Internal exceptions (20 events):
Event: 1945.648 Thread 0x0000028645a5b540 Exception <a 'sun/nio/fs/WindowsException'{0x000000070967bcb8}> (0x000000070967bcb8) 
thrown [s\src\hotspot\share\prims\jni.cpp, line 516]
Event: 1945.648 Thread 0x0000028645a5ba10 Exception <a 'sun/nio/fs/WindowsException'{0x000000070969ef30}> (0x000000070969ef30) 
thrown [s\src\hotspot\share\prims\jni.cpp, line 516]
Event: 1945.648 Thread 0x0000028645a5aba0 Exception <a 'sun/nio/fs/WindowsException'{0x000000070968df08}> (0x000000070968df08) 
thrown [s\src\hotspot\share\prims\jni.cpp, line 516]
Event: 1945.648 Thread 0x0000028645a5ba10 Exception <a 'sun/nio/fs/WindowsException'{0x000000070969f160}> (0x000000070969f160) 
thrown [s\src\hotspot\share\prims\jni.cpp, line 516]
Event: 1945.648 Thread 0x0000028645a5aba0 Exception <a 'sun/nio/fs/WindowsException'{0x000000070968e138}> (0x000000070968e138) 
thrown [s\src\hotspot\share\prims\jni.cpp, line 516]
Event: 1945.648 Thread 0x0000028645a5b540 Exception <a 'sun/nio/fs/WindowsException'{0x000000070967c548}> (0x000000070967c548) 
thrown [s\src\hotspot\share\prims\jni.cpp, line 516]
Event: 1945.648 Thread 0x0000028645a5ba10 Exception <a 'sun/nio/fs/WindowsException'{0x000000070969f9f8}> (0x000000070969f9f8) 
thrown [s\src\hotspot\share\prims\jni.cpp, line 516]
Event: 1945.648 Thread 0x0000028645a5b540 Exception <a 'sun/nio/fs/WindowsException'{0x000000070967c778}> (0x000000070967c778) 
thrown [s\src\hotspot\share\prims\jni.cpp, line 516]
Event: 1945.648 Thread 0x0000028645a5aba0 Exception <a 'sun/nio/fs/WindowsException'{0x000000070968e9c0}> (0x000000070968e9c0) 
thrown [s\src\hotspot\share\prims\jni.cpp, line 516]
Event: 1945.648 Thread 0x0000028645a5ba10 Exception <a 'sun/nio/fs/WindowsException'{0x000000070969fc38}> (0x000000070969fc38) 
thrown [s\src\hotspot\share\prims\jni.cpp, line 516]
Event: 1945.648 Thread 0x0000028645a5aba0 Exception <a 'sun/nio/fs/WindowsException'{0x000000070968ebf0}> (0x000000070968ebf0) 
thrown [s\src\hotspot\share\prims\jni.cpp, line 516]
Event: 1945.648 Thread 0x0000028645a5b540 Exception <a 'sun/nio/fs/WindowsException'{0x000000070967d000}> (0x000000070967d000) 
thrown [s\src\hotspot\share\prims\jni.cpp, line 516]
Event: 1945.648 Thread 0x0000028645a5b540 Exception <a 'sun/nio/fs/WindowsException'{0x000000070967d230}> (0x000000070967d230) 
thrown [s\src\hotspot\share\prims\jni.cpp, line 516]
Event: 1945.648 Thread 0x0000028645a5ba10 Exception <a 'sun/nio/fs/WindowsException'{0x00000007096a04c0}> (0x00000007096a04c0) 
thrown [s\src\hotspot\share\prims\jni.cpp, line 516]
Event: 1945.648 Thread 0x0000028645a5ba10 Exception <a 'sun/nio/fs/WindowsException'{0x00000007096a0700}> (0x00000007096a0700) 
thrown [s\src\hotspot\share\prims\jni.cpp, line 516]
Event: 1945.715 Thread 0x0000028647d72690 Exception <a 'java/net/BindException'{0x0000000708893b40}: Address already in use: bind> (0x0000000708893b40) 
thrown [s\src\hotspot\share\prims\jni.cpp, line 535]
Event: 1945.715 Thread 0x0000028647d72690 Exception <a 'java/net/SocketException'{0x0000000708894120}: Socket is not connected: shutdown> (0x0000000708894120) 
thrown [s\src\hotspot\share\prims\jni.cpp, line 535]
Event: 1953.155 Thread 0x0000028645a5aba0 Exception <a 'java/lang/reflect/InvocationTargetException'{0x0000000708329f60}> (0x0000000708329f60) 
thrown [s\src\hotspot\share\runtime\reflection.cpp, line 1121]
Event: 1953.155 Thread 0x0000028645a5aba0 Exception <a 'java/lang/reflect/InvocationTargetException'{0x000000070832a4d8}> (0x000000070832a4d8) 
thrown [s\src\hotspot\share\runtime\reflection.cpp, line 1121]
Event: 2490.068 Thread 0x0000028647d70e80 Exception <a 'java/lang/InterruptedException'{0x00000007089b5540}: sleep interrupted> (0x00000007089b5540) 
thrown [s\src\hotspot\share\prims\jvm.cpp, line 3070]

VM Operations (20 events):
Event: 1945.500 Executing VM operation: HandshakeAllThreads done
Event: 1945.534 Executing VM operation: G1CollectForAllocation
Event: 1945.537 Executing VM operation: G1CollectForAllocation done
Event: 1945.592 Executing VM operation: G1CollectForAllocation
Event: 1945.595 Executing VM operation: G1CollectForAllocation done
Event: 1945.636 Executing VM operation: G1CollectForAllocation
Event: 1945.640 Executing VM operation: G1CollectForAllocation done
Event: 1945.691 Executing VM operation: G1CollectForAllocation
Event: 1945.693 Executing VM operation: G1CollectForAllocation done
Event: 1946.694 Executing VM operation: Cleanup
Event: 1946.694 Executing VM operation: Cleanup done
Event: 1953.759 Executing VM operation: Cleanup
Event: 1953.759 Executing VM operation: Cleanup done
Event: 2027.246 Executing VM operation: G1CollectForAllocation
Event: 2027.248 Executing VM operation: G1CollectForAllocation done
Event: 2085.834 Executing VM operation: Cleanup
Event: 2085.834 Executing VM operation: Cleanup done
Event: 2294.627 Executing VM operation: G1CollectForAllocation
Event: 2294.629 Executing VM operation: G1CollectForAllocation done
Event: 2490.073 Executing VM operation: G1CollectFull

Events (20 events):
Event: 2490.054 Thread 0x00000286428230d0 Thread added: 0x00000286428230d0
Event: 2490.054 Thread 0x0000028645a58050 Thread exited: 0x0000028645a58050
Event: 2490.064 Thread 0x0000028642822c00 Thread exited: 0x0000028642822c00
Event: 2490.068 Thread 0x000002864281e3d0 Thread exited: 0x000002864281e3d0
Event: 2490.068 Thread 0x0000028645a5ba10 Thread exited: 0x0000028645a5ba10
Event: 2490.068 Thread 0x0000028645a5a200 Thread exited: 0x0000028645a5a200
Event: 2490.068 Thread 0x0000028645a59390 Thread exited: 0x0000028645a59390
Event: 2490.068 Thread 0x0000028645a589f0 Thread exited: 0x0000028645a589f0
Event: 2490.068 Thread 0x0000028645a58520 Thread exited: 0x0000028645a58520
Event: 2490.068 Thread 0x0000028645a59860 Thread exited: 0x0000028645a59860
Event: 2490.068 Thread 0x0000028645a5b070 Thread exited: 0x0000028645a5b070
Event: 2490.068 Thread 0x0000028645a58ec0 Thread exited: 0x0000028645a58ec0
Event: 2490.068 Thread 0x0000028645a5b540 Thread exited: 0x0000028645a5b540
Event: 2490.068 Thread 0x0000028645a5aba0 Thread exited: 0x0000028645a5aba0
Event: 2490.068 Thread 0x0000028647d70e80 Thread exited: 0x0000028647d70e80
Event: 2490.068 Thread 0x0000028647d73030 Thread exited: 0x0000028647d73030
Event: 2490.068 Thread 0x0000028647d71cf0 Thread exited: 0x0000028647d71cf0
Event: 2490.070 Thread 0x000002864281e3d0 Thread added: 0x000002864281e3d0
Event: 2490.070 Thread 0x0000028647d70010 Thread exited: 0x0000028647d70010
Event: 2490.072 Thread 0x000002864281e3d0 Thread exited: 0x000002864281e3d0


Dynamic libraries:
0x00007ff6def90000 - 0x00007ff6def9e000 	C:\Users\Administrator\.vscode\extensions\redhat.java-1.15.0-win32-x64\jre\17.0.6-win32-x86_64\bin\java.exe
0x00007ffbc2bf0000 - 0x00007ffbc2de8000 	C:\Windows\SYSTEM32\ntdll.dll
0x00007ffbc2570000 - 0x00007ffbc262f000 	C:\Windows\System32\KERNEL32.DLL
0x00007ffbc0310000 - 0x00007ffbc05e2000 	C:\Windows\System32\KERNELBASE.dll
0x00007ffbc0ae0000 - 0x00007ffbc0be0000 	C:\Windows\System32\ucrtbase.dll
0x00007ffb87f90000 - 0x00007ffb87fa7000 	C:\Users\Administrator\.vscode\extensions\redhat.java-1.15.0-win32-x64\jre\17.0.6-win32-x86_64\bin\jli.dll
0x00007ffb87fb0000 - 0x00007ffb87fc9000 	C:\Users\Administrator\.vscode\extensions\redhat.java-1.15.0-win32-x64\jre\17.0.6-win32-x86_64\bin\VCRUNTIME140.dll
0x00007ffbc0c30000 - 0x00007ffbc0dd1000 	C:\Windows\System32\USER32.dll
0x00007ffbc02e0000 - 0x00007ffbc0302000 	C:\Windows\System32\win32u.dll
0x00007ffbc14d0000 - 0x00007ffbc14fb000 	C:\Windows\System32\GDI32.dll
0x00007ffbc0710000 - 0x00007ffbc081f000 	C:\Windows\System32\gdi32full.dll
0x00007ffbc0a40000 - 0x00007ffbc0add000 	C:\Windows\System32\msvcp_win.dll
0x00007ffbaebc0000 - 0x00007ffbaee5a000 	C:\Windows\WinSxS\amd64_microsoft.windows.common-controls_6595b64144ccf1df_6.0.19041.1110_none_60b5254171f9507e\COMCTL32.dll
0x00007ffbc2a20000 - 0x00007ffbc2abe000 	C:\Windows\System32\msvcrt.dll
0x00007ffbc2ac0000 - 0x00007ffbc2af2000 	C:\Windows\System32\IMM32.DLL
0x00007ffba9520000 - 0x00007ffba952c000 	C:\Users\Administrator\.vscode\extensions\redhat.java-1.15.0-win32-x64\jre\17.0.6-win32-x86_64\bin\vcruntime140_1.dll
0x00007ffb85110000 - 0x00007ffb851a1000 	C:\Users\Administrator\.vscode\extensions\redhat.java-1.15.0-win32-x64\jre\17.0.6-win32-x86_64\bin\msvcp140.dll
0x00007ffb844c0000 - 0x00007ffb85107000 	C:\Users\Administrator\.vscode\extensions\redhat.java-1.15.0-win32-x64\jre\17.0.6-win32-x86_64\bin\server\jvm.dll
0x00007ffbc1370000 - 0x00007ffbc141e000 	C:\Windows\System32\ADVAPI32.dll
0x00007ffbc1d50000 - 0x00007ffbc1dec000 	C:\Windows\System32\sechost.dll
0x00007ffbc0de0000 - 0x00007ffbc0f05000 	C:\Windows\System32\RPCRT4.dll
0x00007ffbabe40000 - 0x00007ffbabe49000 	C:\Windows\SYSTEM32\WSOCK32.dll
0x00007ffbb9150000 - 0x00007ffbb9177000 	C:\Windows\SYSTEM32\WINMM.dll
0x00007ffbbb240000 - 0x00007ffbbb24a000 	C:\Windows\SYSTEM32\VERSION.dll
0x00007ffbc1500000 - 0x00007ffbc156b000 	C:\Windows\System32\WS2_32.dll
0x00007ffbbe1c0000 - 0x00007ffbbe1d2000 	C:\Windows\SYSTEM32\kernel.appcore.dll
0x00007ffba7fa0000 - 0x00007ffba7faa000 	C:\Users\Administrator\.vscode\extensions\redhat.java-1.15.0-win32-x64\jre\17.0.6-win32-x86_64\bin\jimage.dll
0x00007ffbba590000 - 0x00007ffbba774000 	C:\Windows\SYSTEM32\DBGHELP.DLL
0x00007ffbba480000 - 0x00007ffbba4b5000 	C:\Windows\SYSTEM32\dbgcore.DLL
0x00007ffbc0850000 - 0x00007ffbc08d2000 	C:\Windows\System32\bcryptPrimitives.dll
0x00007ffb84450000 - 0x00007ffb84475000 	C:\Users\Administrator\.vscode\extensions\redhat.java-1.15.0-win32-x64\jre\17.0.6-win32-x86_64\bin\java.dll
0x00007ffb84430000 - 0x00007ffb84448000 	C:\Users\Administrator\.vscode\extensions\redhat.java-1.15.0-win32-x64\jre\17.0.6-win32-x86_64\bin\zip.dll
0x00007ffbc1e00000 - 0x00007ffbc2545000 	C:\Windows\System32\SHELL32.dll
0x00007ffbbe3c0000 - 0x00007ffbbeb52000 	C:\Windows\SYSTEM32\windows.storage.dll
0x00007ffbc2630000 - 0x00007ffbc2985000 	C:\Windows\System32\combase.dll
0x00007ffbbfd40000 - 0x00007ffbbfd70000 	C:\Windows\SYSTEM32\Wldp.dll
0x00007ffbc2b00000 - 0x00007ffbc2bad000 	C:\Windows\System32\SHCORE.dll
0x00007ffbc1cf0000 - 0x00007ffbc1d45000 	C:\Windows\System32\shlwapi.dll
0x00007ffbc0220000 - 0x00007ffbc023f000 	C:\Windows\SYSTEM32\profapi.dll
0x00007ffb84410000 - 0x00007ffb84429000 	C:\Users\Administrator\.vscode\extensions\redhat.java-1.15.0-win32-x64\jre\17.0.6-win32-x86_64\bin\net.dll
0x00007ffbbb810000 - 0x00007ffbbb91c000 	C:\Windows\SYSTEM32\WINHTTP.dll
0x00007ffbbfaa0000 - 0x00007ffbbfb0a000 	C:\Windows\system32\mswsock.dll
0x00007ffb843f0000 - 0x00007ffb84405000 	C:\Users\Administrator\.vscode\extensions\redhat.java-1.15.0-win32-x64\jre\17.0.6-win32-x86_64\bin\nio.dll
0x00007ffba0520000 - 0x00007ffba0529000 	C:\Users\Administrator\.vscode\extensions\redhat.java-1.15.0-win32-x64\jre\17.0.6-win32-x86_64\bin\management.dll
0x00007ffb9fa80000 - 0x00007ffb9fa8b000 	C:\Users\Administrator\.vscode\extensions\redhat.java-1.15.0-win32-x64\jre\17.0.6-win32-x86_64\bin\management_ext.dll
0x00007ffbc1df0000 - 0x00007ffbc1df8000 	C:\Windows\System32\PSAPI.DLL
0x00007ffba6dd0000 - 0x00007ffba6de0000 	C:\Users\Administrator\.vscode\extensions\redhat.java-1.15.0-win32-x64\jre\17.0.6-win32-x86_64\bin\verify.dll
0x00007ffbbfc90000 - 0x00007ffbbfca8000 	C:\Windows\SYSTEM32\CRYPTSP.dll
0x00007ffbbf350000 - 0x00007ffbbf384000 	C:\Windows\system32\rsaenh.dll
0x00007ffbc0820000 - 0x00007ffbc0847000 	C:\Windows\System32\bcrypt.dll
0x00007ffbc01e0000 - 0x00007ffbc020e000 	C:\Windows\SYSTEM32\USERENV.dll
0x00007ffbbfcb0000 - 0x00007ffbbfcbc000 	C:\Windows\SYSTEM32\CRYPTBASE.dll
0x00007ffbbf740000 - 0x00007ffbbf77b000 	C:\Windows\SYSTEM32\IPHLPAPI.DLL
0x00007ffbc1870000 - 0x00007ffbc1878000 	C:\Windows\System32\NSI.dll
0x00007ffbba4c0000 - 0x00007ffbba4d7000 	C:\Windows\SYSTEM32\dhcpcsvc6.DLL
0x00007ffbbb1a0000 - 0x00007ffbbb1bd000 	C:\Windows\SYSTEM32\dhcpcsvc.DLL
0x00007ffbbf780000 - 0x00007ffbbf84b000 	C:\Windows\SYSTEM32\DNSAPI.dll
0x00007ffb9f770000 - 0x00007ffb9f77e000 	C:\Users\Administrator\.vscode\extensions\redhat.java-1.15.0-win32-x64\jre\17.0.6-win32-x86_64\bin\sunmscapi.dll
0x00007ffbc08e0000 - 0x00007ffbc0a36000 	C:\Windows\System32\CRYPT32.dll
0x00007ffbbfdb0000 - 0x00007ffbbfdd7000 	C:\Windows\SYSTEM32\ncrypt.dll
0x00007ffbbfd70000 - 0x00007ffbbfdab000 	C:\Windows\SYSTEM32\NTASN1.dll
0x00007ffbacf70000 - 0x00007ffbacf7a000 	C:\Windows\System32\rasadhlp.dll
0x00007ffbad770000 - 0x00007ffbad7f0000 	C:\Windows\System32\fwpuclnt.dll
0x00007ffba4070000 - 0x00007ffba4077000 	C:\Windows\system32\wshunix.dll

dbghelp: loaded successfully - version: 4.0.5 - missing functions: none
symbol engine: initialized successfully - sym options: 0x614 - pdb path: .;C:\Users\Administrator\.vscode\extensions\redhat.java-1.15.0-win32-x64\jre\17.0.6-win32-x86_64\bin;C:\Windows\SYSTEM32;C:\Windows\WinSxS\amd64_microsoft.windows.common-controls_6595b64144ccf1df_6.0.19041.1110_none_60b5254171f9507e;C:\Users\Administrator\.vscode\extensions\redhat.java-1.15.0-win32-x64\jre\17.0.6-win32-x86_64\bin\server

VM Arguments:
jvm_args: -XX:+ShowCodeDetailsInExceptionMessages 
java_command: com.third_project.third_project.ThirdProjectApplication
java_class_path (initial): D:\third_project\bin\main;D:\third_project\bin\test;D:\third_project\bin\default;C:\Users\Administrator\.gradle\caches\modules-2\files-2.1\org.projectlombok\lombok\1.18.26\8f8cf0372abf564913e9796623aac4c8ea44025a\lombok-1.18.26.jar;C:\Users\Administrator\.gradle\caches\modules-2\files-2.1\org.springframework.boot\spring-boot-starter-data-jpa\3.0.4\a30a9ab237e22f82251ef67532d34d23cebbf20d\spring-boot-starter-data-jpa-3.0.4.jar;C:\Users\Administrator\.gradle\caches\modules-2\files-2.1\org.springframework.boot\spring-boot-starter-jdbc\3.0.4\e64f229f772dc2952e1978a1f10d7f3a462e105d\spring-boot-starter-jdbc-3.0.4.jar;C:\Users\Administrator\.gradle\caches\modules-2\files-2.1\org.springframework.boot\spring-boot-starter-web\3.0.4\6a7405b436c6943f056cdbab587fe48bdc2b4911\spring-boot-starter-web-3.0.4.jar;C:\Users\Administrator\.gradle\caches\modules-2\files-2.1\org.springdoc\springdoc-openapi-starter-webmvc-ui\2.0.0\8a1c5eec3957c4eb4f18460e3ee52732d7b6f640\springdoc-openapi-starter-webmvc-ui-2.0.0.jar;C:\Users\Administrator\.gradle\caches\modules-2\files-2.1\org.springframework.boot\spring-boot-starter-validation\3.0.4\c3f185a4d31634c0bd92956a13ffd718d1026b33\spring-boot-starter-validation-3.0.4.jar;C:\Users\Administrator\.gradle\caches\modules-2\files-2.1\org.springframework.boot\spring-boot-starter-aop\3.0.4\624f2e87d204ef3de4c33d1286072c838e5d89f1\spring-boot-starter-aop-3.0.4.jar;C:\Users\Administrator\.gradle\caches\modules-2\files-2.1\org.hibernate.orm\hibernate-core\6.1.7.Final\343f47b34c96fe9c44bf9b219a7b3c5d6d2fc90e\hibernate-core-6.1.7.Final.jar;C:\Users\Administrator\.gradle\caches\modules-2\files-2.1\org.springframework.data\spring-data-jpa\3.0.3\db1ad002d5112df66128c8df25a57bec14c735d6\spring-data-jpa-3.0.3.jar;C:\Users\Administrator\.gradle\caches\modules-2\files-2.1\org.springframework\spring-aspects\6.0.6\fcfe9b71badc1bce940606ac25de6d71a966f56e\spring-aspects-6.0.6.jar;C:\Users\Administrator\.gradle\caches\modules-2\files-2.1\or
Launcher Type: SUN_STANDARD

[Global flags]
     intx CICompilerCount                          = 4                                         {product} {ergonomic}
     uint ConcGCThreads                            = 3                                         {product} {ergonomic}
     uint G1ConcRefinementThreads                  = 10                                        {product} {ergonomic}
   size_t G1HeapRegionSize                         = 2097152                                   {product} {ergonomic}
    uintx GCDrainStackTargetSize                   = 64                                        {product} {ergonomic}
   size_t InitialHeapSize                          = 268435456                                 {product} {ergonomic}
   size_t MarkStackSize                            = 4194304                                   {product} {ergonomic}
   size_t MaxHeapSize                              = 4273995776                                {product} {ergonomic}
   size_t MaxNewSize                               = 2562719744                                {product} {ergonomic}
   size_t MinHeapDeltaBytes                        = 2097152                                   {product} {ergonomic}
   size_t MinHeapSize                              = 8388608                                   {product} {ergonomic}
    uintx NonNMethodCodeHeapSize                   = 5839372                                {pd product} {ergonomic}
    uintx NonProfiledCodeHeapSize                  = 122909434                              {pd product} {ergonomic}
    uintx ProfiledCodeHeapSize                     = 122909434                              {pd product} {ergonomic}
    uintx ReservedCodeCacheSize                    = 251658240                              {pd product} {ergonomic}
     bool SegmentedCodeCache                       = true                                      {product} {ergonomic}
     bool ShowCodeDetailsInExceptionMessages       = true                                   {manageable} {command line}
   size_t SoftMaxHeapSize                          = 4273995776                             {manageable} {ergonomic}
     bool UseCompressedClassPointers               = true                           {product lp64_product} {ergonomic}
     bool UseCompressedOops                        = true                           {product lp64_product} {ergonomic}
     bool UseG1GC                                  = true                                      {product} {ergonomic}
     bool UseLargePagesIndividualAllocation        = false                                  {pd product} {ergonomic}

Logging:
Log output configuration:
 #0: stdout all=warning uptime,level,tags
 #1: stderr all=off uptime,level,tags

Environment Variables:
JAVA_HOME=C:\Program Files\Java\jdk-17.0.4.1
PATH=C:\Program Files\Common Files\Oracle\Java\javapath;C:\Program Files (x86)\Common Files\Intel\Shared Libraries\redist\intel64\compiler;C:\Windows\system32;C:\Windows;C:\Windows\System32\Wbem;C:\Windows\System32\WindowsPowerShell\v1.0\;C:\Windows\System32\OpenSSH\;C:\Program Files\Bandizip\;C:\Program Files\Git\cmd;C:\Program Files\nodejs\;C:\Users\Administrator\AppData\Local\Microsoft\WindowsApps;"C:\Program Files\Java\jdk-17.0.4.1\lib;.";C:\Program Files\MySQL\MySQL Server 8.0\bin;C:\Users\Administrator\AppData\Local\Programs\Microsoft VS Code\bin;C:\Users\Administrator\AppData\Roaming\npm
USERNAME=Administrator
LANG=ko_KR.UTF-8
OS=Windows_NT
PROCESSOR_IDENTIFIER=Intel64 Family 6 Model 158 Stepping 10, GenuineIntel
TMP=C:\Users\ADMINI~1\AppData\Local\Temp
TEMP=C:\Users\ADMINI~1\AppData\Local\Temp



---------------  S Y S T E M  ---------------

OS:
 Windows 10 , 64 bit Build 19041 (10.0.19041.2546)
OS uptime: 0 days 2:01 hours

CPU: total 12 (initial active 12) (6 cores per cpu, 2 threads per core) family 6 model 158 stepping 10 microcode 0xb4, cx8, cmov, fxsr, ht, mmx, 3dnowpref, sse, sse2, sse3, ssse3, sse4.1, sse4.2, popcnt, lzcnt, tsc, tscinvbit, avx, avx2, aes, erms, clmul, bmi1, bmi2, rtm, adx, fma, vzeroupper, clflush, clflushopt

Memory: 4k page, system-wide physical 16301M (4316M free)
TotalPageFile size 18733M (AvailPageFile size 3802M)
current process WorkingSet (physical memory assigned to process): 465M, peak: 486M
current process commit charge ("private bytes"): 525M, peak: 525M

vm_info: OpenJDK 64-Bit Server VM (17.0.6+10) for windows-amd64 JRE (17.0.6+10), built on Jan 18 2023 10:08:59 by "temurin" with MS VC++ 16.7 (VS2019)

END.
