#
# A fatal error has been detected by the Java Runtime Environment:
#
#  EXCEPTION_ACCESS_VIOLATION (0xc0000005) at pc=0x00007ffc88f47421, pid=5824, tid=4520
#
# JRE version: OpenJDK Runtime Environment Temurin-17.0.6+10 (17.0.6+10) (build 17.0.6+10)
# Java VM: OpenJDK 64-Bit Server VM Temurin-17.0.6+10 (17.0.6+10, mixed mode, emulated-client, tiered, compressed oops, compressed class ptrs, g1 gc, windows-amd64)
# Problematic frame:
# V  [jvm.dll+0x307421]
#
# No core dump will be written. Minidumps are not enabled by default on client versions of Windows
#
# If you would like to submit a bug report, please visit:
#   https://github.com/adoptium/adoptium-support/issues
#

---------------  S U M M A R Y ------------

Command Line: -XX:+HeapDumpOnOutOfMemoryError -Xmx1024m -Dsts.lsp.client=vscode -Dsts.log.file=/dev/null -XX:TieredStopAtLevel=1 -Xlog:jni+resolve=off -Dspring.config.location=file:c:\Users\Administrator\.vscode\extensions\vmware.vscode-spring-boot-1.44.0\language-server\BOOT-INF\classes\application.properties org.springframework.ide.vscode.boot.app.BootLanguageServerBootApp

Host: Intel(R) Core(TM) i7-8700 CPU @ 3.20GHz, 12 cores, 15G,  Windows 10 , 64 bit Build 19041 (10.0.19041.2546)
Time: Tue Mar 14 20:31:33 2023  Windows 10 , 64 bit Build 19041 (10.0.19041.2546) elapsed time: 12624.807366 seconds (0d 3h 30m 24s)

---------------  T H R E A D  ---------------

Current thread (0x000001b306cb6b00):  GCTaskThread "GC Thread#4" [stack: 0x0000009ae4f00000,0x0000009ae5000000] [id=4520]

Stack: [0x0000009ae4f00000,0x0000009ae5000000],  sp=0x0000009ae4fff9d0,  free space=1022k
Native frames: (J=compiled Java code, j=interpreted, Vv=VM code, C=native code)
V  [jvm.dll+0x307421]
V  [jvm.dll+0x3041fe]
V  [jvm.dll+0x312833]
V  [jvm.dll+0x3147de]
V  [jvm.dll+0x312e7d]
V  [jvm.dll+0x31439a]
V  [jvm.dll+0x2ded83]
V  [jvm.dll+0x2e07ab]
V  [jvm.dll+0x8612eb]
V  [jvm.dll+0x861336]
V  [jvm.dll+0x7e483a]
V  [jvm.dll+0x6762c5]
C  [ucrtbase.dll+0x21bb2]
C  [KERNEL32.DLL+0x17614]
C  [ntdll.dll+0x526a1]


siginfo: EXCEPTION_ACCESS_VIOLATION (0xc0000005), reading address 0x0000000000000080


Register to memory mapping:

RIP=0x00007ffc88f47421 jvm.dll
RAX=0x000001b3782e4d00 points into unknown readable memory: 0x0000000000000000 | 00 00 00 00 00 00 00 00
RBX=0x00000000c7ddf2cd is pointing into object: org.openrewrite.java.tree.JavaType$Method 
{0x00000000c7ddf2a0} - klass: 'org/openrewrite/java/tree/JavaType$Method'
 - ---- fields (total size 7 words):
 - private 'managedReference' 'Ljava/lang/Integer;' @12  NULL (0)
 - private final 'flagsBitMap' 'J' @16  1 (1 0)
 - private 'declaringType' 'Lorg/openrewrite/java/tree/JavaType$FullyQualified;' @24  a 'org/openrewrite/java/tree/JavaType$Class'{0x00000000c7ddcaf8} (c7ddcaf8)
 - private final 'name' 'Ljava/lang/String;' @28  "toString"{0x00000000c7ddf2d8} (c7ddf2d8)
 - private 'returnType' 'Lorg/openrewrite/java/tree/JavaType;' @32  a 'org/openrewrite/java/tree/JavaType$Class'{0x00000000c7e0eac8} (c7e0eac8)
 - private final 'parameterNames' 'Ljava/util/List;' @36  NULL (0)
 - private 'parameterTypes' 'Ljava/util/List;' @40  NULL (0)
 - private 'thrownExceptions' 'Ljava/util/List;' @44  
[error occurred during error reporting (printing register info), id 0xc0000005, EXCEPTION_ACCESS_VIOLATION (0xc0000005) at pc=0x00007ffc88fd02ee]

Registers:
RAX=0x000001b3782e4d00, RBX=0x00000000c7ddf2cd, RCX=0x0000000000000000, RDX=0x0000000000000000
RSP=0x0000009ae4fff9d0, RBP=0x000000000001e4b6, RSI=0x00000000c7ddf2cc, RDI=0x000001b3073c1740
R8 =0x00000000c7e0eac8, R9 =0x00000000c7ddf2f0, R10=0x0000000000000080, R11=0x0000000000000001
R12=0x0000009ae4fffc80, R13=0x000001b3782b9310, R14=0x0000000000000040, R15=0x0000000000000000
RIP=0x00007ffc88f47421, EFLAGS=0x0000000000010246

Top of Stack: (sp=0x0000009ae4fff9d0)
0x0000009ae4fff9d0:   00000000ca940000 0000000000010001
0x0000009ae4fff9e0:   000001b3782c0001 0000000000000001
0x0000009ae4fff9f0:   0000009ae4fffa70 0000000000000000
0x0000009ae4fffa00:   0000000000000100 00007ffc88f51975
0x0000009ae4fffa10:   00000000c5661720 000001b30055b300
0x0000009ae4fffa20:   0000000000000005 0000000000000140
0x0000009ae4fffa30:   0000009ae4fffc80 00000000c5660600
0x0000009ae4fffa40:   000001b3073c1740 00007ffc88f441fe
0x0000009ae4fffa50:   0000000000000000 0000009ae4fffc80
0x0000009ae4fffa60:   000001b300550000 0000000000000005
0x0000009ae4fffa70:   0000001d64f75b2b 000024a6b160c6fc
0x0000009ae4fffa80:   0000009ae4fffc80 00000000c5660600
0x0000009ae4fffa90:   00000000c5661000 00007ffc88f52833
0x0000009ae4fffaa0:   00000000c5660600 0000009ae4fffac0
0x0000009ae4fffab0:   0000009ae4fffad0 000001b3782e7770
0x0000009ae4fffac0:   00000000c5660600 0000000000000140 

Instructions: (pc=0x00007ffc88f47421)
0x00007ffc88f47321:   1b fd ff ff 66 66 66 0f 1f 84 00 00 00 00 00 48
0x00007ffc88f47331:   8b 77 10 8b ae 80 00 00 00 8b cd 8b 86 00 01 00
0x00007ffc88f47341:   00 2b c8 81 e1 ff ff 01 00 41 3b ce 0f 86 06 03
0x00007ffc88f47351:   00 00 ff cd 81 e5 ff ff 01 00 89 ae 80 00 00 00
0x00007ffc88f47361:   e8 fa 0f 36 00 8b 86 00 01 00 00 8b cd 48 8b 9e
0x00007ffc88f47371:   80 01 00 00 2b c8 81 e1 ff ff 01 00 8b d5 81 f9
0x00007ffc88f47381:   ff ff 01 00 48 8b 1c eb 41 0f 44 cf 85 c9 75 41
0x00007ffc88f47391:   48 8b 86 00 01 00 00 48 8b c8 48 89 44 24 28 48
0x00007ffc88f473a1:   c1 e9 20 ff c1 89 6c 24 20 89 4c 24 24 3b e8 0f
0x00007ffc88f473b1:   85 91 02 00 00 48 c1 e1 20 48 0b ca f0 48 0f b1
0x00007ffc88f473c1:   8e 00 01 00 00 0f 85 7b 02 00 00 8b 86 00 01 00
0x00007ffc88f473d1:   00 f6 c3 01 0f 84 3c 01 00 00 8b 0d f7 6e 7f 00
0x00007ffc88f473e1:   48 8d 73 ff 48 8b 47 08 44 8b 16 49 d3 e2 4c 03
0x00007ffc88f473f1:   15 da 6e 7f 00 8b 88 90 05 00 00 49 8b d2 48 8b
0x00007ffc88f47401:   80 80 05 00 00 48 d3 ea 0f b7 0c 50 66 89 8c 24
0x00007ffc88f47411:   90 00 00 00 66 c1 e9 08 84 c9 0f 88 0f ff ff ff
0x00007ffc88f47421:   4d 8b 02 41 0f b6 c0 24 03 3c 03 75 1e 44 38 3d
0x00007ffc88f47431:   0b 31 86 00 74 0f 41 0f b6 c0 24 07 3c 05 75 05
0x00007ffc88f47441:   4d 8b c7 eb 1f 49 83 e0 fc eb 19 0f b7 94 24 90
0x00007ffc88f47451:   00 00 00 4d 8b c8 4d 8b c2 48 8b cf e8 1e ef ff
0x00007ffc88f47461:   ff 4c 8b c0 8b 0d 6d 6e 7f 00 49 8b d0 48 2b 15
0x00007ffc88f47471:   5b 6e 7f 00 48 d3 ea 89 16 49 8b d0 8b 0d 3d 39
0x00007ffc88f47481:   86 00 48 33 d6 48 d3 ea 48 85 d2 0f 84 9e fe ff
0x00007ffc88f47491:   ff 48 8b 47 08 48 8b d6 8b 88 c0 01 00 00 48 8b
0x00007ffc88f474a1:   80 b0 01 00 00 48 d3 ea 48 8b 0c d0 8b 81 94 00
0x00007ffc88f474b1:   00 00 d1 e8 a8 01 0f 85 73 fe ff ff 48 8b 47 08
0x00007ffc88f474c1:   8b 88 90 05 00 00 48 8b 80 80 05 00 00 49 d3 e8
0x00007ffc88f474d1:   46 38 3c 40 0f 84 55 fe ff ff 48 8b 47 60 48 c1
0x00007ffc88f474e1:   ee 09 48 8b 58 40 48 8b 48 38 48 03 de 48 2b d9
0x00007ffc88f474f1:   48 39 9f b0 01 00 00 0f 84 32 fe ff ff 48 8d 14
0x00007ffc88f47501:   0b 48 8d 4f 18 e8 c5 40 00 00 48 89 9f b0 01 00
0x00007ffc88f47511:   00 e9 19 fe ff ff f6 c3 03 0f 85 16 01 00 00 48 


Stack slot to memory mapping:
stack at sp + 0 slots: 0x00000000ca940000 is pointing into object: [B 
{0x00000000ca93ffe0} - klass: {type array byte}
 - length: 80
stack at sp + 1 slots: 0x0000000000010001 is an unknown value
stack at sp + 2 slots: 0x000001b3782c0001 points into unknown readable memory: 00 00 00 00 00 00 00
stack at sp + 3 slots: 0x0000000000000001 is an unknown value
stack at sp + 4 slots: 0x0000009ae4fffa70 points into unknown readable memory: 0x0000001d64f75b2b | 2b 5b f7 64 1d 00 00 00
stack at sp + 5 slots: 0x0 is NULL
stack at sp + 6 slots: 0x0000000000000100 is an unknown value
stack at sp + 7 slots: 0x00007ffc88f51975 jvm.dll


---------------  P R O C E S S  ---------------

Threads class SMR info:
_java_thread_list=0x000001b3074106f0, length=46, elements={
0x000001b306019150, 0x000001b306019ed0, 0x000001b3060604b0, 0x000001b3060653e0,
0x000001b306068cc0, 0x000001b306069580, 0x000001b30606a250, 0x000001b306078470,
0x000001b306278170, 0x000001b30628a830, 0x000001b3077b00d0, 0x000001b3077eef40,
0x000001b3077ef410, 0x000001b30779f450, 0x000001b3782a5560, 0x000001b30783cc00,
0x000001b30786c2d0, 0x000001b307894750, 0x000001b3079912f0, 0x000001b30798fae0,
0x000001b307994cb0, 0x000001b307992b00, 0x000001b307993970, 0x000001b307991c90,
0x000001b307990e20, 0x000001b30798ffb0, 0x000001b30aaa8220, 0x000001b30aaaa8a0,
0x000001b307995180, 0x000001b315c6e530, 0x000001b315c73bd0, 0x000001b315c758b0,
0x000001b30a99ef90, 0x000001b30a08d260, 0x000001b309eeb530, 0x000001b30a0e9e60,
0x000001b30a0e9990, 0x000001b30a0ea330, 0x000001b30a0ea800, 0x000001b30ab1a3b0,
0x000001b30a0eacd0, 0x000001b309eeb060, 0x000001b309f80bc0, 0x000001b30a99f460,
0x000001b30a99eac0, 0x000001b309f823d0
}

Java Threads: ( => current thread )
  0x000001b306019150 JavaThread "Reference Handler" daemon [_thread_blocked, id=11496, stack(0x0000009ae4000000,0x0000009ae4100000)]
  0x000001b306019ed0 JavaThread "Finalizer" daemon [_thread_blocked, id=13988, stack(0x0000009ae4100000,0x0000009ae4200000)]
  0x000001b3060604b0 JavaThread "Signal Dispatcher" daemon [_thread_blocked, id=12516, stack(0x0000009ae4200000,0x0000009ae4300000)]
  0x000001b3060653e0 JavaThread "Attach Listener" daemon [_thread_blocked, id=13276, stack(0x0000009ae4300000,0x0000009ae4400000)]
  0x000001b306068cc0 JavaThread "Service Thread" daemon [_thread_blocked, id=12996, stack(0x0000009ae4400000,0x0000009ae4500000)]
  0x000001b306069580 JavaThread "Monitor Deflation Thread" daemon [_thread_blocked, id=1664, stack(0x0000009ae4500000,0x0000009ae4600000)]
  0x000001b30606a250 JavaThread "C1 CompilerThread0" daemon [_thread_blocked, id=11564, stack(0x0000009ae4600000,0x0000009ae4700000)]
  0x000001b306078470 JavaThread "Sweeper thread" daemon [_thread_blocked, id=14904, stack(0x0000009ae4700000,0x0000009ae4800000)]
  0x000001b306278170 JavaThread "Notification Thread" daemon [_thread_blocked, id=1052, stack(0x0000009ae4900000,0x0000009ae4a00000)]
  0x000001b30628a830 JavaThread "Common-Cleaner" daemon [_thread_blocked, id=11648, stack(0x0000009ae4b00000,0x0000009ae4c00000)]
  0x000001b3077b00d0 JavaThread "boundedElastic-evictor-1" daemon [_thread_blocked, id=13856, stack(0x0000009ae5400000,0x0000009ae5500000)]
  0x000001b3077eef40 JavaThread "boundedElastic-evictor-2" daemon [_thread_blocked, id=7216, stack(0x0000009ae5a00000,0x0000009ae5b00000)]
  0x000001b3077ef410 JavaThread "pool-10-thread-1" [_thread_blocked, id=11356, stack(0x0000009ae5b00000,0x0000009ae5c00000)]
  0x000001b30779f450 JavaThread "LanguageServerApp-lifecycle" [_thread_blocked, id=14176, stack(0x0000009ae5c00000,0x0000009ae5d00000)]
  0x000001b3782a5560 JavaThread "DestroyJavaVM" [_thread_blocked, id=6696, stack(0x0000009ae3900000,0x0000009ae3a00000)]
  0x000001b30783cc00 JavaThread "pool-11-thread-1" [_thread_in_native, id=13996, stack(0x0000009ae5d00000,0x0000009ae5e00000)]
  0x000001b30786c2d0 JavaThread "Simple-Language-Server main thread" daemon [_thread_blocked, id=12860, stack(0x0000009ae5e00000,0x0000009ae5f00000)]
  0x000001b307894750 JavaThread "pool-6-thread-1" [_thread_blocked, id=8548, stack(0x0000009ae5f00000,0x0000009ae6000000)]
  0x000001b3079912f0 JavaThread "parallel-1" daemon [_thread_blocked, id=10884, stack(0x0000009ae7400000,0x0000009ae7500000)]
  0x000001b30798fae0 JavaThread "pool-4-thread-1" [_thread_blocked, id=13904, stack(0x0000009ae7c00000,0x0000009ae7d00000)]
  0x000001b307994cb0 JavaThread "parallel-2" daemon [_thread_blocked, id=13872, stack(0x0000009ae7d00000,0x0000009ae7e00000)]
  0x000001b307992b00 JavaThread "parallel-3" daemon [_thread_blocked, id=14108, stack(0x0000009ae7e00000,0x0000009ae7f00000)]
  0x000001b307993970 JavaThread "parallel-4" daemon [_thread_blocked, id=9528, stack(0x0000009ae6300000,0x0000009ae6400000)]
  0x000001b307991c90 JavaThread "parallel-5" daemon [_thread_blocked, id=2604, stack(0x0000009ae6400000,0x0000009ae6500000)]
  0x000001b307990e20 JavaThread "parallel-6" daemon [_thread_blocked, id=12788, stack(0x0000009ae6500000,0x0000009ae6600000)]
  0x000001b30798ffb0 JavaThread "Reconciler-1" daemon [_thread_blocked, id=11016, stack(0x0000009ae6800000,0x0000009ae6900000)]
  0x000001b30aaa8220 JavaThread "parallel-7" daemon [_thread_blocked, id=7884, stack(0x0000009ae4800000,0x0000009ae4900000)]
  0x000001b30aaaa8a0 JavaThread "parallel-8" daemon [_thread_blocked, id=10740, stack(0x0000009ae5600000,0x0000009ae5700000)]
  0x000001b307995180 JavaThread "parallel-9" daemon [_thread_blocked, id=14792, stack(0x0000009ae6700000,0x0000009ae6800000)]
  0x000001b315c6e530 JavaThread "parallel-10" daemon [_thread_blocked, id=6136, stack(0x0000009ae7f00000,0x0000009ae8000000)]
  0x000001b315c73bd0 JavaThread "parallel-11" daemon [_thread_blocked, id=9996, stack(0x0000009ae8700000,0x0000009ae8800000)]
  0x000001b315c758b0 JavaThread "parallel-12" daemon [_thread_blocked, id=13252, stack(0x0000009ae8900000,0x0000009ae8a00000)]
  0x000001b30a99ef90 JavaThread "ForkJoinPool.commonPool-worker-88" daemon [_thread_blocked, id=4992, stack(0x0000009ae3700000,0x0000009ae3800000)]
  0x000001b30a08d260 JavaThread "ForkJoinPool.commonPool-worker-89" daemon [_thread_blocked, id=14712, stack(0x0000009ae5500000,0x0000009ae5600000)]
  0x000001b309eeb530 JavaThread "ForkJoinPool.commonPool-worker-90" daemon [_thread_blocked, id=11752, stack(0x0000009ae6600000,0x0000009ae6700000)]
  0x000001b30a0e9e60 JavaThread "ForkJoinPool.commonPool-worker-91" daemon [_thread_blocked, id=13880, stack(0x0000009ae6900000,0x0000009ae6a00000)]
  0x000001b30a0e9990 JavaThread "ForkJoinPool.commonPool-worker-92" daemon [_thread_blocked, id=13888, stack(0x0000009ae6a00000,0x0000009ae6b00000)]
  0x000001b30a0ea330 JavaThread "ForkJoinPool.commonPool-worker-93" daemon [_thread_blocked, id=1524, stack(0x0000009ae6b00000,0x0000009ae6c00000)]
  0x000001b30a0ea800 JavaThread "ForkJoinPool.commonPool-worker-94" daemon [_thread_blocked, id=10476, stack(0x0000009ae6c00000,0x0000009ae6d00000)]
  0x000001b30ab1a3b0 JavaThread "ForkJoinPool.commonPool-worker-95" daemon [_thread_blocked, id=8380, stack(0x0000009ae6d00000,0x0000009ae6e00000)]
  0x000001b30a0eacd0 JavaThread "ForkJoinPool.commonPool-worker-96" daemon [_thread_blocked, id=8000, stack(0x0000009ae6e00000,0x0000009ae6f00000)]
  0x000001b309eeb060 JavaThread "ForkJoinPool.commonPool-worker-97" daemon [_thread_blocked, id=4188, stack(0x0000009ae6f00000,0x0000009ae7000000)]
  0x000001b309f80bc0 JavaThread "pool-3-thread-43" [_thread_blocked, id=13836, stack(0x0000009ae3600000,0x0000009ae3700000)]
  0x000001b30a99f460 JavaThread "ForkJoinPool-1-worker-32" daemon [_thread_blocked, id=12132, stack(0x0000009ae3800000,0x0000009ae3900000)]
  0x000001b30a99eac0 JavaThread "ForkJoinPool.commonPool-worker-99" daemon [_thread_blocked, id=2052, stack(0x0000009ae6000000,0x0000009ae6100000)]
  0x000001b309f823d0 JavaThread "pool-3-thread-44" [_thread_blocked, id=11596, stack(0x0000009ae7000000,0x0000009ae7100000)]

Other Threads:
  0x000001b3055d8450 VMThread "VM Thread" [stack: 0x0000009ae3f00000,0x0000009ae4000000] [id=5064]
  0x000001b3783015b0 WatcherThread [stack: 0x0000009ae4a00000,0x0000009ae4b00000] [id=6376]
  0x000001b3782e7210 GCTaskThread "GC Thread#0" [stack: 0x0000009ae3a00000,0x0000009ae3b00000] [id=13592]
  0x000001b306c3a6d0 GCTaskThread "GC Thread#1" [stack: 0x0000009ae4c00000,0x0000009ae4d00000] [id=7660]
  0x000001b306c3a980 GCTaskThread "GC Thread#2" [stack: 0x0000009ae4d00000,0x0000009ae4e00000] [id=9632]
  0x000001b306cb6850 GCTaskThread "GC Thread#3" [stack: 0x0000009ae4e00000,0x0000009ae4f00000] [id=2160]
=>0x000001b306cb6b00 GCTaskThread "GC Thread#4" [stack: 0x0000009ae4f00000,0x0000009ae5000000] [id=4520]
  0x000001b306cd1020 GCTaskThread "GC Thread#5" [stack: 0x0000009ae5000000,0x0000009ae5100000] [id=13632]
  0x000001b306f31080 GCTaskThread "GC Thread#6" [stack: 0x0000009ae5100000,0x0000009ae5200000] [id=8136]
  0x000001b306f31330 GCTaskThread "GC Thread#7" [stack: 0x0000009ae5200000,0x0000009ae5300000] [id=11992]
  0x000001b306f31bf0 GCTaskThread "GC Thread#8" [stack: 0x0000009ae5300000,0x0000009ae5400000] [id=10336]
  0x000001b3070f3850 GCTaskThread "GC Thread#9" [stack: 0x0000009ae5700000,0x0000009ae5800000] [id=2848]
  0x000001b3782f0060 ConcurrentGCThread "G1 Main Marker" [stack: 0x0000009ae3b00000,0x0000009ae3c00000] [id=2400]
  0x000001b3782f0980 ConcurrentGCThread "G1 Conc#0" [stack: 0x0000009ae3c00000,0x0000009ae3d00000] [id=10980]
  0x000001b307073750 ConcurrentGCThread "G1 Conc#1" [stack: 0x0000009ae5800000,0x0000009ae5900000] [id=7804]
  0x000001b307140270 ConcurrentGCThread "G1 Conc#2" [stack: 0x0000009ae5900000,0x0000009ae5a00000] [id=15120]
  0x000001b37836ec60 ConcurrentGCThread "G1 Refine#0" [stack: 0x0000009ae3d00000,0x0000009ae3e00000] [id=2720]
  0x000001b30a26f140 ConcurrentGCThread "G1 Refine#1" [stack: 0x0000009ae7700000,0x0000009ae7800000] [id=13484]
  0x000001b30a1feca0 ConcurrentGCThread "G1 Refine#2" [stack: 0x0000009ae7800000,0x0000009ae7900000] [id=9556]
  0x000001b30a015870 ConcurrentGCThread "G1 Refine#3" [stack: 0x0000009ae7900000,0x0000009ae7a00000] [id=10384]
  0x000001b30a2d38b0 ConcurrentGCThread "G1 Refine#4" [stack: 0x0000009ae7a00000,0x0000009ae7b00000] [id=6384]
  0x000001b30a2d1a80 ConcurrentGCThread "G1 Refine#5" [stack: 0x0000009ae7b00000,0x0000009ae7c00000] [id=12592]
  0x000001b30a2d1d60 ConcurrentGCThread "G1 Refine#6" [stack: 0x0000009ae8000000,0x0000009ae8100000] [id=12124]
  0x000001b30a2d17a0 ConcurrentGCThread "G1 Refine#7" [stack: 0x0000009ae8100000,0x0000009ae8200000] [id=13324]
  0x000001b315884f00 ConcurrentGCThread "G1 Refine#8" [stack: 0x0000009ae6100000,0x0000009ae6200000] [id=11836]
  0x000001b315882f60 ConcurrentGCThread "G1 Refine#9" [stack: 0x0000009ae6200000,0x0000009ae6300000] [id=10436]
  0x000001b305448b60 ConcurrentGCThread "G1 Service" [stack: 0x0000009ae3e00000,0x0000009ae3f00000] [id=10748]

Threads with active compile tasks:

VM state: at safepoint (normal execution)

VM Mutex/Monitor currently owned by a thread:  ([mutex/lock_event])
[0x000001b37809ee70] Threads_lock - owner thread: 0x000001b3055d8450
[0x000001b3782a4530] Heap_lock - owner thread: 0x000001b30a99eac0

Heap address: 0x00000000c0000000, size: 1024 MB, Compressed Oops mode: 32-bit

CDS archive(s) not mapped
Compressed class space mapped at: 0x0000000100000000-0x0000000140000000, reserved size: 1073741824
Narrow klass base: 0x0000000000000000, Narrow klass shift: 3, Narrow klass range: 0x140000000

GC Precious Log:
 CPUs: 12 total, 12 available
 Memory: 16301M
 Large Page Support: Disabled
 NUMA Support: Disabled
 Compressed Oops: Enabled (32-bit)
 Heap Region Size: 1M
 Heap Min Capacity: 8M
 Heap Initial Capacity: 256M
 Heap Max Capacity: 1G
 Pre-touch: Disabled
 Parallel Workers: 10
 Concurrent Workers: 3
 Concurrent Refinement Workers: 10
 Periodic GC: Disabled

Heap:
 garbage-first heap   total 235520K, used 195057K [0x00000000c0000000, 0x0000000100000000)
  region size 1024K, 104 young (106496K), 10 survivors (10240K)
 Metaspace       used 71177K, committed 71616K, reserved 1114112K
  class space    used 9654K, committed 9856K, reserved 1048576K

Heap Regions: E=young(eden), S=young(survivor), O=old, HS=humongous(starts), HC=humongous(continues), CS=collection set, F=free, OA=open archive, CA=closed archive, TAMS=top-at-mark-start (previous, next)
|   0|0x00000000c0000000, 0x00000000c0100000, 0x00000000c0100000|100%| O|  |TAMS 0x00000000c0100000, 0x00000000c0000000| Untracked 
|   1|0x00000000c0100000, 0x00000000c0200000, 0x00000000c0200000|100%| O|  |TAMS 0x00000000c0200000, 0x00000000c0100000| Untracked 
|   2|0x00000000c0200000, 0x00000000c0300000, 0x00000000c0300000|100%| O|  |TAMS 0x00000000c0300000, 0x00000000c0200000| Untracked 
|   3|0x00000000c0300000, 0x00000000c03fffe8, 0x00000000c0400000| 99%| O|  |TAMS 0x00000000c03fffe8, 0x00000000c0300000| Untracked 
|   4|0x00000000c0400000, 0x00000000c04ffdb0, 0x00000000c0500000| 99%| O|  |TAMS 0x00000000c04ffdb0, 0x00000000c0400000| Untracked 
|   5|0x00000000c0500000, 0x00000000c05fff48, 0x00000000c0600000| 99%| O|  |TAMS 0x00000000c05fff48, 0x00000000c0500000| Untracked 
|   6|0x00000000c0600000, 0x00000000c0700000, 0x00000000c0700000|100%| O|  |TAMS 0x00000000c0700000, 0x00000000c0600000| Untracked 
|   7|0x00000000c0700000, 0x00000000c07ffeb8, 0x00000000c0800000| 99%| O|  |TAMS 0x00000000c07ffeb8, 0x00000000c0700000| Untracked 
|   8|0x00000000c0800000, 0x00000000c08ffff8, 0x00000000c0900000| 99%| O|  |TAMS 0x00000000c08ffff8, 0x00000000c0800000| Untracked 
|   9|0x00000000c0900000, 0x00000000c09fffd0, 0x00000000c0a00000| 99%| O|  |TAMS 0x00000000c09fffd0, 0x00000000c0900000| Untracked 
|  10|0x00000000c0a00000, 0x00000000c0b00000, 0x00000000c0b00000|100%| O|  |TAMS 0x00000000c0b00000, 0x00000000c0a00000| Untracked 
|  11|0x00000000c0b00000, 0x00000000c0bffe18, 0x00000000c0c00000| 99%| O|  |TAMS 0x00000000c0bffe18, 0x00000000c0b00000| Untracked 
|  12|0x00000000c0c00000, 0x00000000c0cf88f0, 0x00000000c0d00000| 97%| O|  |TAMS 0x00000000c0cf88f0, 0x00000000c0c00000| Untracked 
|  13|0x00000000c0d00000, 0x00000000c0dffff0, 0x00000000c0e00000| 99%| O|  |TAMS 0x00000000c0dffff0, 0x00000000c0d00000| Untracked 
|  14|0x00000000c0e00000, 0x00000000c0efffd0, 0x00000000c0f00000| 99%| O|  |TAMS 0x00000000c0efffd0, 0x00000000c0e00000| Untracked 
|  15|0x00000000c0f00000, 0x00000000c0ffffa8, 0x00000000c1000000| 99%| O|  |TAMS 0x00000000c0ffffa8, 0x00000000c0f00000| Untracked 
|  16|0x00000000c1000000, 0x00000000c1100000, 0x00000000c1100000|100%| O|  |TAMS 0x00000000c1100000, 0x00000000c1000000| Untracked 
|  17|0x00000000c1100000, 0x00000000c1200000, 0x00000000c1200000|100%| O|  |TAMS 0x00000000c1200000, 0x00000000c1100000| Untracked 
|  18|0x00000000c1200000, 0x00000000c12ffda0, 0x00000000c1300000| 99%| O|  |TAMS 0x00000000c12ffda0, 0x00000000c1200000| Untracked 
|  19|0x00000000c1300000, 0x00000000c13fffe0, 0x00000000c1400000| 99%| O|  |TAMS 0x00000000c13fffe0, 0x00000000c1300000| Untracked 
|  20|0x00000000c1400000, 0x00000000c14ffd38, 0x00000000c1500000| 99%| O|  |TAMS 0x00000000c14ffd38, 0x00000000c1400000| Untracked 
|  21|0x00000000c1500000, 0x00000000c1600000, 0x00000000c1600000|100%| O|  |TAMS 0x00000000c1600000, 0x00000000c1500000| Untracked 
|  22|0x00000000c1600000, 0x00000000c16fffd8, 0x00000000c1700000| 99%| O|  |TAMS 0x00000000c16fffd8, 0x00000000c1600000| Untracked 
|  23|0x00000000c1700000, 0x00000000c17ffff8, 0x00000000c1800000| 99%| O|  |TAMS 0x00000000c17ffff8, 0x00000000c1700000| Untracked 
|  24|0x00000000c1800000, 0x00000000c18ffff8, 0x00000000c1900000| 99%| O|  |TAMS 0x00000000c18ffff8, 0x00000000c1800000| Untracked 
|  25|0x00000000c1900000, 0x00000000c19ffff0, 0x00000000c1a00000| 99%| O|  |TAMS 0x00000000c19ffff0, 0x00000000c1900000| Untracked 
|  26|0x00000000c1a00000, 0x00000000c1afffe0, 0x00000000c1b00000| 99%| O|  |TAMS 0x00000000c1afffe0, 0x00000000c1a00000| Untracked 
|  27|0x00000000c1b00000, 0x00000000c1bff990, 0x00000000c1c00000| 99%| O|  |TAMS 0x00000000c1bff990, 0x00000000c1b00000| Untracked 
|  28|0x00000000c1c00000, 0x00000000c1cfffe8, 0x00000000c1d00000| 99%| O|  |TAMS 0x00000000c1cfffe8, 0x00000000c1c00000| Untracked 
|  29|0x00000000c1d00000, 0x00000000c1dffff8, 0x00000000c1e00000| 99%| O|  |TAMS 0x00000000c1dffff8, 0x00000000c1d00000| Untracked 
|  30|0x00000000c1e00000, 0x00000000c1efffe8, 0x00000000c1f00000| 99%| O|  |TAMS 0x00000000c1efffe8, 0x00000000c1e00000| Untracked 
|  31|0x00000000c1f00000, 0x00000000c1ffffe0, 0x00000000c2000000| 99%| O|  |TAMS 0x00000000c1ffffe0, 0x00000000c1f00000| Untracked 
|  32|0x00000000c2000000, 0x00000000c20fffe8, 0x00000000c2100000| 99%| O|  |TAMS 0x00000000c20fffe8, 0x00000000c2000000| Untracked 
|  33|0x00000000c2100000, 0x00000000c21fffe8, 0x00000000c2200000| 99%| O|  |TAMS 0x00000000c21fffe8, 0x00000000c2100000| Untracked 
|  34|0x00000000c2200000, 0x00000000c22fffd8, 0x00000000c2300000| 99%| O|  |TAMS 0x00000000c22fffd8, 0x00000000c2200000| Untracked 
|  35|0x00000000c2300000, 0x00000000c23fffb8, 0x00000000c2400000| 99%| O|  |TAMS 0x00000000c23fffb8, 0x00000000c2300000| Untracked 
|  36|0x00000000c2400000, 0x00000000c24fffe8, 0x00000000c2500000| 99%| O|  |TAMS 0x00000000c24fffe8, 0x00000000c2400000| Untracked 
|  37|0x00000000c2500000, 0x00000000c25fffe8, 0x00000000c2600000| 99%| O|  |TAMS 0x00000000c25fffe8, 0x00000000c2500000| Untracked 
|  38|0x00000000c2600000, 0x00000000c26fbe00, 0x00000000c2700000| 98%| O|  |TAMS 0x00000000c26fbe00, 0x00000000c2600000| Untracked 
|  39|0x00000000c2700000, 0x00000000c2800000, 0x00000000c2800000|100%|HS|  |TAMS 0x00000000c2800000, 0x00000000c2700000| Untracked 
|  40|0x00000000c2800000, 0x00000000c2900000, 0x00000000c2900000|100%| O|  |TAMS 0x00000000c2900000, 0x00000000c2800000| Untracked 
|  41|0x00000000c2900000, 0x00000000c29fffc0, 0x00000000c2a00000| 99%| O|  |TAMS 0x00000000c29fffc0, 0x00000000c2900000| Untracked 
|  42|0x00000000c2a00000, 0x00000000c2affff8, 0x00000000c2b00000| 99%| O|  |TAMS 0x00000000c2affff8, 0x00000000c2a00000| Untracked 
|  43|0x00000000c2b00000, 0x00000000c2bfffe8, 0x00000000c2c00000| 99%| O|  |TAMS 0x00000000c2bfffe8, 0x00000000c2b00000| Untracked 
|  44|0x00000000c2c00000, 0x00000000c2cffff8, 0x00000000c2d00000| 99%| O|  |TAMS 0x00000000c2cffff8, 0x00000000c2c00000| Untracked 
|  45|0x00000000c2d00000, 0x00000000c2dfffb8, 0x00000000c2e00000| 99%| O|  |TAMS 0x00000000c2dfffb8, 0x00000000c2d00000| Untracked 
|  46|0x00000000c2e00000, 0x00000000c2effff8, 0x00000000c2f00000| 99%| O|  |TAMS 0x00000000c2effff8, 0x00000000c2e00000| Untracked 
|  47|0x00000000c2f00000, 0x00000000c2ffd870, 0x00000000c3000000| 99%| O|  |TAMS 0x00000000c2ffd870, 0x00000000c2f00000| Untracked 
|  48|0x00000000c3000000, 0x00000000c30fffd8, 0x00000000c3100000| 99%| O|  |TAMS 0x00000000c30fffd8, 0x00000000c3000000| Untracked 
|  49|0x00000000c3100000, 0x00000000c31ffff0, 0x00000000c3200000| 99%| O|  |TAMS 0x00000000c31ffff0, 0x00000000c3100000| Untracked 
|  50|0x00000000c3200000, 0x00000000c32fffe0, 0x00000000c3300000| 99%| O|  |TAMS 0x00000000c32fffe0, 0x00000000c3200000| Untracked 
|  51|0x00000000c3300000, 0x00000000c33ffff8, 0x00000000c3400000| 99%| O|  |TAMS 0x00000000c33ffff8, 0x00000000c3300000| Untracked 
|  52|0x00000000c3400000, 0x00000000c34fffc8, 0x00000000c3500000| 99%| O|  |TAMS 0x00000000c34fffc8, 0x00000000c3400000| Untracked 
|  53|0x00000000c3500000, 0x00000000c35ffdc0, 0x00000000c3600000| 99%| O|  |TAMS 0x00000000c35ffdc0, 0x00000000c3500000| Untracked 
|  54|0x00000000c3600000, 0x00000000c3700000, 0x00000000c3700000|100%| O|  |TAMS 0x00000000c3700000, 0x00000000c3600000| Untracked 
|  55|0x00000000c3700000, 0x00000000c3800000, 0x00000000c3800000|100%| O|  |TAMS 0x00000000c3800000, 0x00000000c3700000| Untracked 
|  56|0x00000000c3800000, 0x00000000c38ffff8, 0x00000000c3900000| 99%| O|  |TAMS 0x00000000c38ffff8, 0x00000000c3800000| Untracked 
|  57|0x00000000c3900000, 0x00000000c3a00000, 0x00000000c3a00000|100%| O|  |TAMS 0x00000000c3a00000, 0x00000000c3900000| Untracked 
|  58|0x00000000c3a00000, 0x00000000c3b00000, 0x00000000c3b00000|100%| O|  |TAMS 0x00000000c3b00000, 0x00000000c3a00000| Untracked 
|  59|0x00000000c3b00000, 0x00000000c3bffff8, 0x00000000c3c00000| 99%| O|  |TAMS 0x00000000c3bffff8, 0x00000000c3b00000| Untracked 
|  60|0x00000000c3c00000, 0x00000000c3cffff8, 0x00000000c3d00000| 99%| O|  |TAMS 0x00000000c3cffff8, 0x00000000c3c00000| Untracked 
|  61|0x00000000c3d00000, 0x00000000c3dffff8, 0x00000000c3e00000| 99%| O|  |TAMS 0x00000000c3dffff8, 0x00000000c3d00000| Untracked 
|  62|0x00000000c3e00000, 0x00000000c3effff8, 0x00000000c3f00000| 99%| O|  |TAMS 0x00000000c3effff8, 0x00000000c3e00000| Untracked 
|  63|0x00000000c3f00000, 0x00000000c3ffffe0, 0x00000000c4000000| 99%| O|  |TAMS 0x00000000c3ffffe0, 0x00000000c3f00000| Untracked 
|  64|0x00000000c4000000, 0x00000000c40ffff0, 0x00000000c4100000| 99%| O|  |TAMS 0x00000000c40ffff0, 0x00000000c4000000| Untracked 
|  65|0x00000000c4100000, 0x00000000c41fffe8, 0x00000000c4200000| 99%| O|  |TAMS 0x00000000c41fffe8, 0x00000000c4100000| Untracked 
|  66|0x00000000c4200000, 0x00000000c42fffe8, 0x00000000c4300000| 99%| O|  |TAMS 0x00000000c42fffe8, 0x00000000c4200000| Untracked 
|  67|0x00000000c4300000, 0x00000000c43ffff8, 0x00000000c4400000| 99%| O|  |TAMS 0x00000000c43ffff8, 0x00000000c4300000| Untracked 
|  68|0x00000000c4400000, 0x00000000c44ffff0, 0x00000000c4500000| 99%| O|  |TAMS 0x00000000c44ffff0, 0x00000000c4400000| Untracked 
|  69|0x00000000c4500000, 0x00000000c45fffe8, 0x00000000c4600000| 99%| O|  |TAMS 0x00000000c45fffe8, 0x00000000c4500000| Untracked 
|  70|0x00000000c4600000, 0x00000000c46ffd60, 0x00000000c4700000| 99%| O|  |TAMS 0x00000000c46ffd60, 0x00000000c4600000| Untracked 
|  71|0x00000000c4700000, 0x00000000c47fffa8, 0x00000000c4800000| 99%| O|  |TAMS 0x00000000c47fffa8, 0x00000000c4700000| Untracked 
|  72|0x00000000c4800000, 0x00000000c48ffff8, 0x00000000c4900000| 99%| O|  |TAMS 0x00000000c48ffff8, 0x00000000c4800000| Untracked 
|  73|0x00000000c4900000, 0x00000000c4a00000, 0x00000000c4a00000|100%| O|  |TAMS 0x00000000c4a00000, 0x00000000c4900000| Untracked 
|  74|0x00000000c4a00000, 0x00000000c4afffe0, 0x00000000c4b00000| 99%| O|  |TAMS 0x00000000c4afffe0, 0x00000000c4a00000| Untracked 
|  75|0x00000000c4b00000, 0x00000000c4c00000, 0x00000000c4c00000|100%| O|  |TAMS 0x00000000c4c00000, 0x00000000c4b00000| Untracked 
|  76|0x00000000c4c00000, 0x00000000c4d00000, 0x00000000c4d00000|100%| O|  |TAMS 0x00000000c4d00000, 0x00000000c4c00000| Untracked 
|  77|0x00000000c4d00000, 0x00000000c4e00000, 0x00000000c4e00000|100%| O|  |TAMS 0x00000000c4e00000, 0x00000000c4d00000| Untracked 
|  78|0x00000000c4e00000, 0x00000000c4ee03f0, 0x00000000c4f00000| 87%| O|  |TAMS 0x00000000c4e00000, 0x00000000c4e00000| Untracked 
|  79|0x00000000c4f00000, 0x00000000c4ffffa8, 0x00000000c5000000| 99%| O|  |TAMS 0x00000000c4ffffa8, 0x00000000c4f00000| Untracked 
|  80|0x00000000c5000000, 0x00000000c50d5fe0, 0x00000000c5100000| 83%| O|  |TAMS 0x00000000c5000000, 0x00000000c5000000| Untracked 
|  81|0x00000000c5100000, 0x00000000c51ec520, 0x00000000c5200000| 92%| O|  |TAMS 0x00000000c5100000, 0x00000000c5100000| Untracked 
|  82|0x00000000c5200000, 0x00000000c5300000, 0x00000000c5300000|100%| O|  |TAMS 0x00000000c5200000, 0x00000000c5200000| Untracked 
|  83|0x00000000c5300000, 0x00000000c53fffd8, 0x00000000c5400000| 99%| O|  |TAMS 0x00000000c53fffd8, 0x00000000c5300000| Untracked 
|  84|0x00000000c5400000, 0x00000000c5500000, 0x00000000c5500000|100%| O|  |TAMS 0x00000000c5500000, 0x00000000c5400000| Untracked 
|  85|0x00000000c5500000, 0x00000000c55fffd8, 0x00000000c5600000| 99%| O|  |TAMS 0x00000000c55fffd8, 0x00000000c5500000| Untracked 
|  86|0x00000000c5600000, 0x00000000c5675200, 0x00000000c5700000| 45%| O|  |TAMS 0x00000000c5600000, 0x00000000c5600000| Untracked 
|  87|0x00000000c5700000, 0x00000000c5734890, 0x00000000c5800000| 20%| O|  |TAMS 0x00000000c5700000, 0x00000000c5700000| Untracked 
|  88|0x00000000c5800000, 0x00000000c5800000, 0x00000000c5900000|  0%| F|  |TAMS 0x00000000c5800000, 0x00000000c5800000| Untracked 
|  89|0x00000000c5900000, 0x00000000c5900000, 0x00000000c5a00000|  0%| F|  |TAMS 0x00000000c5900000, 0x00000000c5900000| Untracked 
|  90|0x00000000c5a00000, 0x00000000c5a00000, 0x00000000c5b00000|  0%| F|  |TAMS 0x00000000c5a00000, 0x00000000c5a00000| Untracked 
|  91|0x00000000c5b00000, 0x00000000c5c00000, 0x00000000c5c00000|100%| O|  |TAMS 0x00000000c5c00000, 0x00000000c5b00000| Untracked 
|  92|0x00000000c5c00000, 0x00000000c5c00000, 0x00000000c5d00000|  0%| F|  |TAMS 0x00000000c5c00000, 0x00000000c5c00000| Untracked 
|  93|0x00000000c5d00000, 0x00000000c5d00000, 0x00000000c5e00000|  0%| F|  |TAMS 0x00000000c5d00000, 0x00000000c5d00000| Untracked 
|  94|0x00000000c5e00000, 0x00000000c5e00000, 0x00000000c5f00000|  0%| F|  |TAMS 0x00000000c5e00000, 0x00000000c5e00000| Untracked 
|  95|0x00000000c5f00000, 0x00000000c5f00000, 0x00000000c6000000|  0%| F|  |TAMS 0x00000000c5f00000, 0x00000000c5f00000| Untracked 
|  96|0x00000000c6000000, 0x00000000c6000000, 0x00000000c6100000|  0%| F|  |TAMS 0x00000000c6000000, 0x00000000c6000000| Untracked 
|  97|0x00000000c6100000, 0x00000000c6100000, 0x00000000c6200000|  0%| F|  |TAMS 0x00000000c6100000, 0x00000000c6100000| Untracked 
|  98|0x00000000c6200000, 0x00000000c6200000, 0x00000000c6300000|  0%| F|  |TAMS 0x00000000c6200000, 0x00000000c6200000| Untracked 
|  99|0x00000000c6300000, 0x00000000c6300000, 0x00000000c6400000|  0%| F|  |TAMS 0x00000000c6300000, 0x00000000c6300000| Untracked 
| 100|0x00000000c6400000, 0x00000000c6400000, 0x00000000c6500000|  0%| F|  |TAMS 0x00000000c6400000, 0x00000000c6400000| Untracked 
| 101|0x00000000c6500000, 0x00000000c6500000, 0x00000000c6600000|  0%| F|  |TAMS 0x00000000c6500000, 0x00000000c6500000| Untracked 
| 102|0x00000000c6600000, 0x00000000c6600000, 0x00000000c6700000|  0%| F|  |TAMS 0x00000000c6600000, 0x00000000c6600000| Untracked 
| 103|0x00000000c6700000, 0x00000000c6700000, 0x00000000c6800000|  0%| F|  |TAMS 0x00000000c6700000, 0x00000000c6700000| Untracked 
| 104|0x00000000c6800000, 0x00000000c6800000, 0x00000000c6900000|  0%| F|  |TAMS 0x00000000c6800000, 0x00000000c6800000| Untracked 
| 105|0x00000000c6900000, 0x00000000c6900000, 0x00000000c6a00000|  0%| F|  |TAMS 0x00000000c6900000, 0x00000000c6900000| Untracked 
| 106|0x00000000c6a00000, 0x00000000c6a00000, 0x00000000c6b00000|  0%| F|  |TAMS 0x00000000c6a00000, 0x00000000c6a00000| Untracked 
| 107|0x00000000c6b00000, 0x00000000c6b00000, 0x00000000c6c00000|  0%| F|  |TAMS 0x00000000c6b00000, 0x00000000c6b00000| Untracked 
| 108|0x00000000c6c00000, 0x00000000c6c00000, 0x00000000c6d00000|  0%| F|  |TAMS 0x00000000c6c00000, 0x00000000c6c00000| Untracked 
| 109|0x00000000c6d00000, 0x00000000c6d00000, 0x00000000c6e00000|  0%| F|  |TAMS 0x00000000c6d00000, 0x00000000c6d00000| Untracked 
| 110|0x00000000c6e00000, 0x00000000c6e00000, 0x00000000c6f00000|  0%| F|  |TAMS 0x00000000c6e00000, 0x00000000c6e00000| Untracked 
| 111|0x00000000c6f00000, 0x00000000c6f00000, 0x00000000c7000000|  0%| F|  |TAMS 0x00000000c6f00000, 0x00000000c6f00000| Untracked 
| 112|0x00000000c7000000, 0x00000000c7000000, 0x00000000c7100000|  0%| F|  |TAMS 0x00000000c7000000, 0x00000000c7000000| Untracked 
| 113|0x00000000c7100000, 0x00000000c7100000, 0x00000000c7200000|  0%| F|  |TAMS 0x00000000c7100000, 0x00000000c7100000| Untracked 
| 114|0x00000000c7200000, 0x00000000c7200000, 0x00000000c7300000|  0%| F|  |TAMS 0x00000000c7200000, 0x00000000c7200000| Untracked 
| 115|0x00000000c7300000, 0x00000000c7300000, 0x00000000c7400000|  0%| F|  |TAMS 0x00000000c7300000, 0x00000000c7300000| Untracked 
| 116|0x00000000c7400000, 0x00000000c74ef760, 0x00000000c7500000| 93%| S|  |TAMS 0x00000000c7400000, 0x00000000c7400000| Complete 
| 117|0x00000000c7500000, 0x00000000c7600000, 0x00000000c7600000|100%| S|  |TAMS 0x00000000c7500000, 0x00000000c7500000| Complete 
| 118|0x00000000c7600000, 0x00000000c7700000, 0x00000000c7700000|100%| S|  |TAMS 0x00000000c7600000, 0x00000000c7600000| Complete 
| 119|0x00000000c7700000, 0x00000000c7800000, 0x00000000c7800000|100%| S|  |TAMS 0x00000000c7700000, 0x00000000c7700000| Complete 
| 120|0x00000000c7800000, 0x00000000c7900000, 0x00000000c7900000|100%| O|  |TAMS 0x00000000c7900000, 0x00000000c7800000| Untracked 
| 121|0x00000000c7900000, 0x00000000c7a00000, 0x00000000c7a00000|100%| S|  |TAMS 0x00000000c7900000, 0x00000000c7900000| Complete 
| 122|0x00000000c7a00000, 0x00000000c7b00000, 0x00000000c7b00000|100%| S|  |TAMS 0x00000000c7a00000, 0x00000000c7a00000| Complete 
| 123|0x00000000c7b00000, 0x00000000c7c00000, 0x00000000c7c00000|100%| S|  |TAMS 0x00000000c7b00000, 0x00000000c7b00000| Complete 
| 124|0x00000000c7c00000, 0x00000000c7d00000, 0x00000000c7d00000|100%| S|  |TAMS 0x00000000c7c00000, 0x00000000c7c00000| Complete 
| 125|0x00000000c7d00000, 0x00000000c7e00000, 0x00000000c7e00000|100%| S|  |TAMS 0x00000000c7d00000, 0x00000000c7d00000| Complete 
| 126|0x00000000c7e00000, 0x00000000c7f00000, 0x00000000c7f00000|100%| S|  |TAMS 0x00000000c7e00000, 0x00000000c7e00000| Complete 
| 127|0x00000000c7f00000, 0x00000000c8000000, 0x00000000c8000000|100%| E|CS|TAMS 0x00000000c7f00000, 0x00000000c7f00000| Complete 
| 128|0x00000000c8000000, 0x00000000c8100000, 0x00000000c8100000|100%| E|CS|TAMS 0x00000000c8000000, 0x00000000c8000000| Complete 
| 129|0x00000000c8100000, 0x00000000c8200000, 0x00000000c8200000|100%| E|CS|TAMS 0x00000000c8100000, 0x00000000c8100000| Complete 
| 130|0x00000000c8200000, 0x00000000c8300000, 0x00000000c8300000|100%| E|CS|TAMS 0x00000000c8200000, 0x00000000c8200000| Complete 
| 131|0x00000000c8300000, 0x00000000c8400000, 0x00000000c8400000|100%| E|CS|TAMS 0x00000000c8300000, 0x00000000c8300000| Complete 
| 132|0x00000000c8400000, 0x00000000c8500000, 0x00000000c8500000|100%| E|CS|TAMS 0x00000000c8400000, 0x00000000c8400000| Complete 
| 133|0x00000000c8500000, 0x00000000c8600000, 0x00000000c8600000|100%| E|CS|TAMS 0x00000000c8500000, 0x00000000c8500000| Complete 
| 134|0x00000000c8600000, 0x00000000c8640010, 0x00000000c8700000| 25%| E|CS|TAMS 0x00000000c8600000, 0x00000000c8600000| Complete 
| 135|0x00000000c8700000, 0x00000000c8800000, 0x00000000c8800000|100%| E|CS|TAMS 0x00000000c8700000, 0x00000000c8700000| Complete 
| 136|0x00000000c8800000, 0x00000000c8900000, 0x00000000c8900000|100%| E|CS|TAMS 0x00000000c8800000, 0x00000000c8800000| Complete 
| 137|0x00000000c8900000, 0x00000000c8a00000, 0x00000000c8a00000|100%| E|CS|TAMS 0x00000000c8900000, 0x00000000c8900000| Complete 
| 138|0x00000000c8a00000, 0x00000000c8b00000, 0x00000000c8b00000|100%| E|CS|TAMS 0x00000000c8a00000, 0x00000000c8a00000| Complete 
| 139|0x00000000c8b00000, 0x00000000c8c00000, 0x00000000c8c00000|100%| E|CS|TAMS 0x00000000c8b00000, 0x00000000c8b00000| Complete 
| 140|0x00000000c8c00000, 0x00000000c8d00000, 0x00000000c8d00000|100%| E|CS|TAMS 0x00000000c8c00000, 0x00000000c8c00000| Complete 
| 141|0x00000000c8d00000, 0x00000000c8e00000, 0x00000000c8e00000|100%| E|CS|TAMS 0x00000000c8d00000, 0x00000000c8d00000| Complete 
| 142|0x00000000c8e00000, 0x00000000c8f00000, 0x00000000c8f00000|100%| E|CS|TAMS 0x00000000c8e00000, 0x00000000c8e00000| Complete 
| 143|0x00000000c8f00000, 0x00000000c9000000, 0x00000000c9000000|100%| E|CS|TAMS 0x00000000c8f00000, 0x00000000c8f00000| Complete 
| 144|0x00000000c9000000, 0x00000000c9100000, 0x00000000c9100000|100%| E|CS|TAMS 0x00000000c9000000, 0x00000000c9000000| Complete 
| 145|0x00000000c9100000, 0x00000000c9200000, 0x00000000c9200000|100%| E|CS|TAMS 0x00000000c9100000, 0x00000000c9100000| Complete 
| 146|0x00000000c9200000, 0x00000000c9300000, 0x00000000c9300000|100%| E|CS|TAMS 0x00000000c9200000, 0x00000000c9200000| Complete 
| 147|0x00000000c9300000, 0x00000000c9400000, 0x00000000c9400000|100%| E|CS|TAMS 0x00000000c9300000, 0x00000000c9300000| Complete 
| 148|0x00000000c9400000, 0x00000000c9500000, 0x00000000c9500000|100%| E|CS|TAMS 0x00000000c9400000, 0x00000000c9400000| Complete 
| 149|0x00000000c9500000, 0x00000000c9600000, 0x00000000c9600000|100%| E|CS|TAMS 0x00000000c9500000, 0x00000000c9500000| Complete 
| 150|0x00000000c9600000, 0x00000000c9700000, 0x00000000c9700000|100%| E|CS|TAMS 0x00000000c9600000, 0x00000000c9600000| Complete 
| 151|0x00000000c9700000, 0x00000000c9800000, 0x00000000c9800000|100%| E|CS|TAMS 0x00000000c9700000, 0x00000000c9700000| Complete 
| 152|0x00000000c9800000, 0x00000000c9900000, 0x00000000c9900000|100%| E|CS|TAMS 0x00000000c9800000, 0x00000000c9800000| Complete 
| 153|0x00000000c9900000, 0x00000000c9a00000, 0x00000000c9a00000|100%| E|CS|TAMS 0x00000000c9900000, 0x00000000c9900000| Complete 
| 154|0x00000000c9a00000, 0x00000000c9b00000, 0x00000000c9b00000|100%| E|CS|TAMS 0x00000000c9a00000, 0x00000000c9a00000| Complete 
| 155|0x00000000c9b00000, 0x00000000c9c00000, 0x00000000c9c00000|100%| E|CS|TAMS 0x00000000c9b00000, 0x00000000c9b00000| Complete 
| 156|0x00000000c9c00000, 0x00000000c9d00000, 0x00000000c9d00000|100%| E|CS|TAMS 0x00000000c9c00000, 0x00000000c9c00000| Complete 
| 157|0x00000000c9d00000, 0x00000000c9e00000, 0x00000000c9e00000|100%| E|CS|TAMS 0x00000000c9d00000, 0x00000000c9d00000| Complete 
| 158|0x00000000c9e00000, 0x00000000c9f00000, 0x00000000c9f00000|100%| E|CS|TAMS 0x00000000c9e00000, 0x00000000c9e00000| Complete 
| 159|0x00000000c9f00000, 0x00000000ca000000, 0x00000000ca000000|100%| E|CS|TAMS 0x00000000c9f00000, 0x00000000c9f00000| Complete 
| 160|0x00000000ca000000, 0x00000000ca100000, 0x00000000ca100000|100%| E|CS|TAMS 0x00000000ca000000, 0x00000000ca000000| Complete 
| 161|0x00000000ca100000, 0x00000000ca200000, 0x00000000ca200000|100%| E|CS|TAMS 0x00000000ca100000, 0x00000000ca100000| Complete 
| 162|0x00000000ca200000, 0x00000000ca300000, 0x00000000ca300000|100%| E|CS|TAMS 0x00000000ca200000, 0x00000000ca200000| Complete 
| 163|0x00000000ca300000, 0x00000000ca400000, 0x00000000ca400000|100%| E|CS|TAMS 0x00000000ca300000, 0x00000000ca300000| Complete 
| 164|0x00000000ca400000, 0x00000000ca500000, 0x00000000ca500000|100%| E|CS|TAMS 0x00000000ca400000, 0x00000000ca400000| Complete 
| 165|0x00000000ca500000, 0x00000000ca600000, 0x00000000ca600000|100%| E|CS|TAMS 0x00000000ca500000, 0x00000000ca500000| Complete 
| 166|0x00000000ca600000, 0x00000000ca700000, 0x00000000ca700000|100%| E|CS|TAMS 0x00000000ca600000, 0x00000000ca600000| Complete 
| 167|0x00000000ca700000, 0x00000000ca800000, 0x00000000ca800000|100%| E|CS|TAMS 0x00000000ca700000, 0x00000000ca700000| Complete 
| 168|0x00000000ca800000, 0x00000000ca8fffd8, 0x00000000ca900000| 99%| O|  |TAMS 0x00000000ca8fffd8, 0x00000000ca800000| Untracked 
| 169|0x00000000ca900000, 0x00000000caa00000, 0x00000000caa00000|100%| E|CS|TAMS 0x00000000ca900000, 0x00000000ca900000| Complete 
| 170|0x00000000caa00000, 0x00000000cab00000, 0x00000000cab00000|100%| E|CS|TAMS 0x00000000caa00000, 0x00000000caa00000| Complete 
| 171|0x00000000cab00000, 0x00000000cac00000, 0x00000000cac00000|100%| E|CS|TAMS 0x00000000cab00000, 0x00000000cab00000| Complete 
| 172|0x00000000cac00000, 0x00000000cad00000, 0x00000000cad00000|100%| E|CS|TAMS 0x00000000cac00000, 0x00000000cac00000| Complete 
| 173|0x00000000cad00000, 0x00000000cae00000, 0x00000000cae00000|100%| E|CS|TAMS 0x00000000cad00000, 0x00000000cad00000| Complete 
| 174|0x00000000cae00000, 0x00000000caf00000, 0x00000000caf00000|100%| E|CS|TAMS 0x00000000cae00000, 0x00000000cae00000| Complete 
| 175|0x00000000caf00000, 0x00000000cb000000, 0x00000000cb000000|100%| E|CS|TAMS 0x00000000caf00000, 0x00000000caf00000| Complete 
| 176|0x00000000cb000000, 0x00000000cb100000, 0x00000000cb100000|100%| E|CS|TAMS 0x00000000cb000000, 0x00000000cb000000| Complete 
| 177|0x00000000cb100000, 0x00000000cb200000, 0x00000000cb200000|100%| E|CS|TAMS 0x00000000cb100000, 0x00000000cb100000| Complete 
| 178|0x00000000cb200000, 0x00000000cb300000, 0x00000000cb300000|100%| E|CS|TAMS 0x00000000cb200000, 0x00000000cb200000| Complete 
| 179|0x00000000cb300000, 0x00000000cb400000, 0x00000000cb400000|100%| E|CS|TAMS 0x00000000cb300000, 0x00000000cb300000| Complete 
| 180|0x00000000cb400000, 0x00000000cb500000, 0x00000000cb500000|100%| E|CS|TAMS 0x00000000cb400000, 0x00000000cb400000| Complete 
| 181|0x00000000cb500000, 0x00000000cb600000, 0x00000000cb600000|100%| E|CS|TAMS 0x00000000cb500000, 0x00000000cb500000| Complete 
| 182|0x00000000cb600000, 0x00000000cb700000, 0x00000000cb700000|100%| E|CS|TAMS 0x00000000cb600000, 0x00000000cb600000| Complete 
| 183|0x00000000cb700000, 0x00000000cb800000, 0x00000000cb800000|100%| E|CS|TAMS 0x00000000cb700000, 0x00000000cb700000| Complete 
| 184|0x00000000cb800000, 0x00000000cb900000, 0x00000000cb900000|100%| E|CS|TAMS 0x00000000cb800000, 0x00000000cb800000| Complete 
| 185|0x00000000cb900000, 0x00000000cba00000, 0x00000000cba00000|100%| E|CS|TAMS 0x00000000cb900000, 0x00000000cb900000| Complete 
| 186|0x00000000cba00000, 0x00000000cbb00000, 0x00000000cbb00000|100%| E|CS|TAMS 0x00000000cba00000, 0x00000000cba00000| Complete 
| 187|0x00000000cbb00000, 0x00000000cbc00000, 0x00000000cbc00000|100%| E|CS|TAMS 0x00000000cbb00000, 0x00000000cbb00000| Complete 
| 188|0x00000000cbc00000, 0x00000000cbd00000, 0x00000000cbd00000|100%| E|CS|TAMS 0x00000000cbc00000, 0x00000000cbc00000| Complete 
| 189|0x00000000cbd00000, 0x00000000cbe00000, 0x00000000cbe00000|100%| E|CS|TAMS 0x00000000cbd00000, 0x00000000cbd00000| Complete 
| 190|0x00000000cbe00000, 0x00000000cbf00000, 0x00000000cbf00000|100%| E|CS|TAMS 0x00000000cbe00000, 0x00000000cbe00000| Complete 
| 191|0x00000000cbf00000, 0x00000000cc000000, 0x00000000cc000000|100%| E|CS|TAMS 0x00000000cbf00000, 0x00000000cbf00000| Complete 
| 192|0x00000000cc000000, 0x00000000cc100000, 0x00000000cc100000|100%| E|CS|TAMS 0x00000000cc000000, 0x00000000cc000000| Complete 
| 193|0x00000000cc100000, 0x00000000cc200000, 0x00000000cc200000|100%| E|CS|TAMS 0x00000000cc100000, 0x00000000cc100000| Complete 
| 194|0x00000000cc200000, 0x00000000cc300000, 0x00000000cc300000|100%| E|CS|TAMS 0x00000000cc200000, 0x00000000cc200000| Complete 
| 195|0x00000000cc300000, 0x00000000cc400000, 0x00000000cc400000|100%| E|CS|TAMS 0x00000000cc300000, 0x00000000cc300000| Complete 
| 196|0x00000000cc400000, 0x00000000cc500000, 0x00000000cc500000|100%| E|CS|TAMS 0x00000000cc400000, 0x00000000cc400000| Complete 
| 197|0x00000000cc500000, 0x00000000cc600000, 0x00000000cc600000|100%| E|CS|TAMS 0x00000000cc500000, 0x00000000cc500000| Complete 
| 198|0x00000000cc600000, 0x00000000cc700000, 0x00000000cc700000|100%| E|CS|TAMS 0x00000000cc600000, 0x00000000cc600000| Complete 
| 199|0x00000000cc700000, 0x00000000cc800000, 0x00000000cc800000|100%| E|CS|TAMS 0x00000000cc700000, 0x00000000cc700000| Complete 
| 200|0x00000000cc800000, 0x00000000cc900000, 0x00000000cc900000|100%| E|CS|TAMS 0x00000000cc800000, 0x00000000cc800000| Complete 
| 201|0x00000000cc900000, 0x00000000cca00000, 0x00000000cca00000|100%| E|CS|TAMS 0x00000000cc900000, 0x00000000cc900000| Complete 
| 202|0x00000000cca00000, 0x00000000ccb00000, 0x00000000ccb00000|100%| E|CS|TAMS 0x00000000cca00000, 0x00000000cca00000| Complete 
| 203|0x00000000ccb00000, 0x00000000ccc00000, 0x00000000ccc00000|100%| E|CS|TAMS 0x00000000ccb00000, 0x00000000ccb00000| Complete 
| 204|0x00000000ccc00000, 0x00000000ccd00000, 0x00000000ccd00000|100%| E|CS|TAMS 0x00000000ccc00000, 0x00000000ccc00000| Complete 
| 205|0x00000000ccd00000, 0x00000000cce00000, 0x00000000cce00000|100%| E|CS|TAMS 0x00000000ccd00000, 0x00000000ccd00000| Complete 
| 206|0x00000000cce00000, 0x00000000ccf00000, 0x00000000ccf00000|100%| E|CS|TAMS 0x00000000cce00000, 0x00000000cce00000| Complete 
| 207|0x00000000ccf00000, 0x00000000cd000000, 0x00000000cd000000|100%| E|CS|TAMS 0x00000000ccf00000, 0x00000000ccf00000| Complete 
| 208|0x00000000cd000000, 0x00000000cd100000, 0x00000000cd100000|100%| E|CS|TAMS 0x00000000cd000000, 0x00000000cd000000| Complete 
| 209|0x00000000cd100000, 0x00000000cd200000, 0x00000000cd200000|100%| E|CS|TAMS 0x00000000cd100000, 0x00000000cd100000| Complete 
| 210|0x00000000cd200000, 0x00000000cd300000, 0x00000000cd300000|100%| E|CS|TAMS 0x00000000cd200000, 0x00000000cd200000| Complete 
| 211|0x00000000cd300000, 0x00000000cd400000, 0x00000000cd400000|100%| E|CS|TAMS 0x00000000cd300000, 0x00000000cd300000| Complete 
| 212|0x00000000cd400000, 0x00000000cd500000, 0x00000000cd500000|100%| E|CS|TAMS 0x00000000cd400000, 0x00000000cd400000| Complete 
| 213|0x00000000cd500000, 0x00000000cd600000, 0x00000000cd600000|100%| E|CS|TAMS 0x00000000cd500000, 0x00000000cd500000| Complete 
| 214|0x00000000cd600000, 0x00000000cd700000, 0x00000000cd700000|100%| E|CS|TAMS 0x00000000cd600000, 0x00000000cd600000| Complete 
| 215|0x00000000cd700000, 0x00000000cd800000, 0x00000000cd800000|100%| E|CS|TAMS 0x00000000cd700000, 0x00000000cd700000| Complete 
| 216|0x00000000cd800000, 0x00000000cd900000, 0x00000000cd900000|100%| E|CS|TAMS 0x00000000cd800000, 0x00000000cd800000| Complete 
| 217|0x00000000cd900000, 0x00000000cda00000, 0x00000000cda00000|100%| E|CS|TAMS 0x00000000cd900000, 0x00000000cd900000| Complete 
| 218|0x00000000cda00000, 0x00000000cdb00000, 0x00000000cdb00000|100%|HS|  |TAMS 0x00000000cdb00000, 0x00000000cda00000| Untracked 
| 219|0x00000000cdb00000, 0x00000000cdc00000, 0x00000000cdc00000|100%| E|CS|TAMS 0x00000000cdb00000, 0x00000000cdb00000| Complete 
| 220|0x00000000cdc00000, 0x00000000cdd00000, 0x00000000cdd00000|100%| E|CS|TAMS 0x00000000cdc00000, 0x00000000cdc00000| Complete 
| 221|0x00000000cdd00000, 0x00000000cde00000, 0x00000000cde00000|100%| E|CS|TAMS 0x00000000cdd00000, 0x00000000cdd00000| Complete 
| 222|0x00000000cde00000, 0x00000000cdf00000, 0x00000000cdf00000|100%| E|CS|TAMS 0x00000000cde00000, 0x00000000cde00000| Complete 
| 223|0x00000000cdf00000, 0x00000000ce000000, 0x00000000ce000000|100%| E|CS|TAMS 0x00000000cdf00000, 0x00000000cdf00000| Complete 
| 224|0x00000000ce000000, 0x00000000ce100000, 0x00000000ce100000|100%| E|CS|TAMS 0x00000000ce000000, 0x00000000ce000000| Complete 
| 225|0x00000000ce100000, 0x00000000ce200000, 0x00000000ce200000|100%| E|CS|TAMS 0x00000000ce100000, 0x00000000ce100000| Complete 
| 268|0x00000000d0c00000, 0x00000000d0d00000, 0x00000000d0d00000|100%|HS|  |TAMS 0x00000000d0d00000, 0x00000000d0c00000| Untracked 
| 269|0x00000000d0d00000, 0x00000000d0e00000, 0x00000000d0e00000|100%|HC|  |TAMS 0x00000000d0e00000, 0x00000000d0d00000| Untracked 
| 276|0x00000000d1400000, 0x00000000d1500000, 0x00000000d1500000|100%| O|  |TAMS 0x00000000d1500000, 0x00000000d1400000| Untracked 
| 286|0x00000000d1e00000, 0x00000000d1f00000, 0x00000000d1f00000|100%| O|  |TAMS 0x00000000d1f00000, 0x00000000d1e00000| Untracked 

Card table byte_map: [0x000001b300530000,0x000001b300730000] _byte_map_base: 0x000001b2fff30000

Marking Bits (Prev, Next): (CMBitMap*) 0x000001b3782e7770, (CMBitMap*) 0x000001b3782e7730
 Prev Bits: [0x000001b301930000, 0x000001b302930000)
 Next Bits: [0x000001b300930000, 0x000001b301930000)

Polling page: 0x000001b378370000

Metaspace:

Usage:
  Non-class:     60.08 MB used.
      Class:      9.43 MB used.
       Both:     69.51 MB used.

Virtual space:
  Non-class space:       64.00 MB reserved,      60.31 MB ( 94%) committed,  8 nodes.
      Class space:        1.00 GB reserved,       9.62 MB ( <1%) committed,  1 nodes.
             Both:        1.06 GB reserved,      69.94 MB (  6%) committed. 

Chunk freelists:
   Non-Class:  2.91 MB
       Class:  2.35 MB
        Both:  5.26 MB

MaxMetaspaceSize: unlimited
CompressedClassSpaceSize: 1.00 GB
Initial GC threshold: 21.00 MB
Current GC threshold: 116.56 MB
CDS: off
MetaspaceReclaimPolicy: balanced
 - commit_granule_bytes: 65536.
 - commit_granule_words: 8192.
 - virtual_space_node_default_size: 1048576.
 - enlarge_chunks_in_place: 1.
 - new_chunks_are_fully_committed: 0.
 - uncommit_free_chunks: 1.
 - use_allocation_guard: 0.
 - handle_deallocations: 1.


Internal statistics:

num_allocs_failed_limit: 14.
num_arena_births: 848.
num_arena_deaths: 314.
num_vsnodes_births: 9.
num_vsnodes_deaths: 0.
num_space_committed: 1120.
num_space_uncommitted: 1.
num_chunks_returned_to_freelist: 408.
num_chunks_taken_from_freelist: 3289.
num_chunk_merges: 116.
num_chunk_splits: 2174.
num_chunks_enlarged: 1648.
num_purges: 26.
num_inconsistent_stats: 0.

CodeCache: size=49152Kb used=31108Kb max_used=32349Kb free=18043Kb
 bounds [0x000001b37c720000, 0x000001b37e6c0000, 0x000001b37f720000]
 total_blobs=16472 nmethods=15777 adapters=621
 compilation: enabled
              stopped_count=0, restarted_count=0
 full_count=0

Compilation events (20 events):
Event: 12560.756 Thread 0x000001b30606a250 15958       1       com.sun.tools.javac.comp.Operators::lambda$resolveBinary$5 (20 bytes)
Event: 12560.756 Thread 0x000001b30606a250 nmethod 15958 0x000001b37e5b8890 code [0x000001b37e5b8a40, 0x000001b37e5b8d48]
Event: 12586.604 Thread 0x000001b30606a250 15959   !   1       java.util.concurrent.ThreadPoolExecutor::runWorker (187 bytes)
Event: 12586.604 Thread 0x000001b30606a250 nmethod 15959 0x000001b37e5b7a10 code [0x000001b37e5b7c60, 0x000001b37e5b8358]
Event: 12611.243 Thread 0x000001b30606a250 15960       1       com.sun.tools.javac.comp.Resolve$ResolveDeferredRecoveryMap::typeOf (10 bytes)
Event: 12611.243 Thread 0x000001b30606a250 nmethod 15960 0x000001b37e5b7690 code [0x000001b37e5b7820, 0x000001b37e5b7928]
Event: 12611.243 Thread 0x000001b30606a250 15961       1       com.sun.tools.javac.comp.Resolve$ResolveDeferredRecoveryMap::typeOf (73 bytes)
Event: 12611.243 Thread 0x000001b30606a250 nmethod 15961 0x000001b37e5b6f10 code [0x000001b37e5b7100, 0x000001b37e5b7428]
Event: 12613.324 Thread 0x000001b30606a250 15962       1       java.lang.String::malformed3 (41 bytes)
Event: 12613.324 Thread 0x000001b30606a250 nmethod 15962 0x000001b37e5b6b10 code [0x000001b37e5b6ca0, 0x000001b37e5b6e18]
Event: 12615.151 Thread 0x000001b30606a250 15963       1       org.eclipse.jdt.internal.compiler.ast.TypeDeclaration::parseMethods (223 bytes)
Event: 12615.152 Thread 0x000001b30606a250 nmethod 15963 0x000001b37e5b6190 code [0x000001b37e5b6380, 0x000001b37e5b6798]
Event: 12615.155 Thread 0x000001b30606a250 15964   !   1       org.eclipse.jdt.internal.compiler.ast.TypeDeclaration::resolve (1742 bytes)
Event: 12615.161 Thread 0x000001b30606a250 nmethod 15964 0x000001b37e5ac310 code [0x000001b37e5acae0, 0x000001b37e5b0878]
Event: 12615.201 Thread 0x000001b30606a250 15965       1       com.sun.tools.javac.comp.DeferredAttr$RecoveryDeferredTypeMap$1::check (21 bytes)
Event: 12615.201 Thread 0x000001b30606a250 nmethod 15965 0x000001b37e5abb10 code [0x000001b37e5abd00, 0x000001b37e5ac008]
Event: 12623.630 Thread 0x000001b30606a250 15966       1       com.sun.tools.javac.comp.Operators$BinaryBooleanOperator::test (13 bytes)
Event: 12623.630 Thread 0x000001b30606a250 nmethod 15966 0x000001b37e5ab790 code [0x000001b37e5ab920, 0x000001b37e5aba68]
Event: 12623.630 Thread 0x000001b30606a250 15967       1       com.sun.tools.javac.comp.Operators$BinaryBooleanOperator::test (46 bytes)
Event: 12623.631 Thread 0x000001b30606a250 nmethod 15967 0x000001b37e5ab010 code [0x000001b37e5ab200, 0x000001b37e5ab4d8]

GC Heap History (20 events):
Event: 12550.197 GC heap after
{Heap after GC invocations=1441 (full 930):
 garbage-first heap   total 235520K, used 98901K [0x00000000c0000000, 0x0000000100000000)
  region size 1024K, 3 young (3072K), 3 survivors (3072K)
 Metaspace       used 71177K, committed 71616K, reserved 1114112K
  class space    used 9654K, committed 9856K, reserved 1048576K
}
Event: 12551.417 GC heap before
{Heap before GC invocations=1441 (full 930):
 garbage-first heap   total 235520K, used 194133K [0x00000000c0000000, 0x0000000100000000)
  region size 1024K, 96 young (98304K), 3 survivors (3072K)
 Metaspace       used 71177K, committed 71616K, reserved 1114112K
  class space    used 9654K, committed 9856K, reserved 1048576K
}
Event: 12551.419 GC heap after
{Heap after GC invocations=1442 (full 930):
 garbage-first heap   total 235520K, used 102254K [0x00000000c0000000, 0x0000000100000000)
  region size 1024K, 7 young (7168K), 7 survivors (7168K)
 Metaspace       used 71177K, committed 71616K, reserved 1114112K
  class space    used 9654K, committed 9856K, reserved 1048576K
}
Event: 12554.046 GC heap before
{Heap before GC invocations=1442 (full 930):
 garbage-first heap   total 235520K, used 193390K [0x00000000c0000000, 0x0000000100000000)
  region size 1024K, 96 young (98304K), 7 survivors (7168K)
 Metaspace       used 71177K, committed 71616K, reserved 1114112K
  class space    used 9654K, committed 9856K, reserved 1048576K
}
Event: 12554.049 GC heap after
{Heap after GC invocations=1443 (full 930):
 garbage-first heap   total 235520K, used 104360K [0x00000000c0000000, 0x0000000100000000)
  region size 1024K, 9 young (9216K), 9 survivors (9216K)
 Metaspace       used 71177K, committed 71616K, reserved 1114112K
  class space    used 9654K, committed 9856K, reserved 1048576K
}
Event: 12555.700 GC heap before
{Heap before GC invocations=1443 (full 930):
 garbage-first heap   total 235520K, used 191400K [0x00000000c0000000, 0x0000000100000000)
  region size 1024K, 94 young (96256K), 9 survivors (9216K)
 Metaspace       used 71177K, committed 71616K, reserved 1114112K
  class space    used 9654K, committed 9856K, reserved 1048576K
}
Event: 12555.702 GC heap after
{Heap after GC invocations=1444 (full 930):
 garbage-first heap   total 235520K, used 98538K [0x00000000c0000000, 0x0000000100000000)
  region size 1024K, 3 young (3072K), 3 survivors (3072K)
 Metaspace       used 71177K, committed 71616K, reserved 1114112K
  class space    used 9654K, committed 9856K, reserved 1048576K
}
Event: 12559.675 GC heap before
{Heap before GC invocations=1444 (full 930):
 garbage-first heap   total 235520K, used 191722K [0x00000000c0000000, 0x0000000100000000)
  region size 1024K, 95 young (97280K), 3 survivors (3072K)
 Metaspace       used 71177K, committed 71616K, reserved 1114112K
  class space    used 9654K, committed 9856K, reserved 1048576K
}
Event: 12559.677 GC heap after
{Heap after GC invocations=1445 (full 930):
 garbage-first heap   total 235520K, used 102136K [0x00000000c0000000, 0x0000000100000000)
  region size 1024K, 6 young (6144K), 6 survivors (6144K)
 Metaspace       used 71177K, committed 71616K, reserved 1114112K
  class space    used 9654K, committed 9856K, reserved 1048576K
}
Event: 12560.814 GC heap before
{Heap before GC invocations=1445 (full 930):
 garbage-first heap   total 235520K, used 193272K [0x00000000c0000000, 0x0000000100000000)
  region size 1024K, 95 young (97280K), 6 survivors (6144K)
 Metaspace       used 71177K, committed 71616K, reserved 1114112K
  class space    used 9654K, committed 9856K, reserved 1048576K
}
Event: 12560.817 GC heap after
{Heap after GC invocations=1446 (full 930):
 garbage-first heap   total 235520K, used 104955K [0x00000000c0000000, 0x0000000100000000)
  region size 1024K, 9 young (9216K), 9 survivors (9216K)
 Metaspace       used 71177K, committed 71616K, reserved 1114112K
  class space    used 9654K, committed 9856K, reserved 1048576K
}
Event: 12611.273 GC heap before
{Heap before GC invocations=1446 (full 930):
 garbage-first heap   total 235520K, used 190971K [0x00000000c0000000, 0x0000000100000000)
  region size 1024K, 93 young (95232K), 9 survivors (9216K)
 Metaspace       used 71177K, committed 71616K, reserved 1114112K
  class space    used 9654K, committed 9856K, reserved 1048576K
}
Event: 12611.276 GC heap after
{Heap after GC invocations=1447 (full 930):
 garbage-first heap   total 235520K, used 100349K [0x00000000c0000000, 0x0000000100000000)
  region size 1024K, 4 young (4096K), 4 survivors (4096K)
 Metaspace       used 71177K, committed 71616K, reserved 1114112K
  class space    used 9654K, committed 9856K, reserved 1048576K
}
Event: 12612.403 GC heap before
{Heap before GC invocations=1447 (full 930):
 garbage-first heap   total 235520K, used 193533K [0x00000000c0000000, 0x0000000100000000)
  region size 1024K, 95 young (97280K), 4 survivors (4096K)
 Metaspace       used 71177K, committed 71616K, reserved 1114112K
  class space    used 9654K, committed 9856K, reserved 1048576K
}
Event: 12612.404 GC heap after
{Heap after GC invocations=1448 (full 930):
 garbage-first heap   total 235520K, used 98279K [0x00000000c0000000, 0x0000000100000000)
  region size 1024K, 2 young (2048K), 2 survivors (2048K)
 Metaspace       used 71177K, committed 71616K, reserved 1114112K
  class space    used 9654K, committed 9856K, reserved 1048576K
}
Event: 12613.382 GC heap before
{Heap before GC invocations=1448 (full 930):
 garbage-first heap   total 235520K, used 195559K [0x00000000c0000000, 0x0000000100000000)
  region size 1024K, 97 young (99328K), 2 survivors (2048K)
 Metaspace       used 71177K, committed 71616K, reserved 1114112K
  class space    used 9654K, committed 9856K, reserved 1048576K
}
Event: 12613.385 GC heap after
{Heap after GC invocations=1449 (full 930):
 garbage-first heap   total 235520K, used 104202K [0x00000000c0000000, 0x0000000100000000)
  region size 1024K, 8 young (8192K), 8 survivors (8192K)
 Metaspace       used 71177K, committed 71616K, reserved 1114112K
  class space    used 9654K, committed 9856K, reserved 1048576K
}
Event: 12623.639 GC heap before
{Heap before GC invocations=1449 (full 930):
 garbage-first heap   total 235520K, used 193290K [0x00000000c0000000, 0x0000000100000000)
  region size 1024K, 95 young (97280K), 8 survivors (8192K)
 Metaspace       used 71177K, committed 71616K, reserved 1114112K
  class space    used 9654K, committed 9856K, reserved 1048576K
}
Event: 12623.641 GC heap after
{Heap after GC invocations=1450 (full 930):
 garbage-first heap   total 235520K, used 98801K [0x00000000c0000000, 0x0000000100000000)
  region size 1024K, 3 young (3072K), 3 survivors (3072K)
 Metaspace       used 71177K, committed 71616K, reserved 1114112K
  class space    used 9654K, committed 9856K, reserved 1048576K
}
Event: 12624.798 GC heap before
{Heap before GC invocations=1450 (full 930):
 garbage-first heap   total 235520K, used 195057K [0x00000000c0000000, 0x0000000100000000)
  region size 1024K, 97 young (99328K), 3 survivors (3072K)
 Metaspace       used 71177K, committed 71616K, reserved 1114112K
  class space    used 9654K, committed 9856K, reserved 1048576K
}

Dll operation events (10 events):
Event: 0.006 Loaded shared library c:\Users\Administrator\.vscode\extensions\redhat.java-1.15.0-win32-x64\jre\17.0.6-win32-x86_64\bin\java.dll
Event: 0.134 Loaded shared library C:\Users\Administrator\.vscode\extensions\redhat.java-1.15.0-win32-x64\jre\17.0.6-win32-x86_64\bin\net.dll
Event: 0.137 Loaded shared library C:\Users\Administrator\.vscode\extensions\redhat.java-1.15.0-win32-x64\jre\17.0.6-win32-x86_64\bin\nio.dll
Event: 0.144 Loaded shared library C:\Users\Administrator\.vscode\extensions\redhat.java-1.15.0-win32-x64\jre\17.0.6-win32-x86_64\bin\zip.dll
Event: 0.259 Loaded shared library C:\Users\Administrator\.vscode\extensions\redhat.java-1.15.0-win32-x64\jre\17.0.6-win32-x86_64\bin\jimage.dll
Event: 0.332 Loaded shared library c:\Users\Administrator\.vscode\extensions\redhat.java-1.15.0-win32-x64\jre\17.0.6-win32-x86_64\bin\verify.dll
Event: 1.758 Loaded shared library C:\Users\Administrator\.vscode\extensions\redhat.java-1.15.0-win32-x64\jre\17.0.6-win32-x86_64\bin\management.dll
Event: 1.760 Loaded shared library C:\Users\Administrator\.vscode\extensions\redhat.java-1.15.0-win32-x64\jre\17.0.6-win32-x86_64\bin\management_ext.dll
Event: 3.340 Loaded shared library C:\Users\Administrator\.vscode\extensions\redhat.java-1.15.0-win32-x64\jre\17.0.6-win32-x86_64\bin\sunmscapi.dll
Event: 5.688 Loaded shared library C:\Users\Administrator\AppData\Local\Temp\snappy-1.1.8-63c4436c-025c-4284-9cea-b0888f2d3624-snappyjava.dll

Deoptimization events (20 events):
Event: 372.693 Thread 0x000001b306a7a530 DEOPT PACKING pc=0x000001b37dcbed18 sp=0x0000009ae88fe5f0
Event: 372.693 Thread 0x000001b306a7a530 DEOPT UNPACKING pc=0x000001b37c777143 sp=0x0000009ae88fdae0 mode 3
Event: 3180.824 Thread 0x000001b3069f6f10 DEOPT PACKING pc=0x000001b37dfd5a0f sp=0x0000009ae36fe920
Event: 3180.824 Thread 0x000001b3069f6f10 DEOPT UNPACKING pc=0x000001b37c777143 sp=0x0000009ae36fde70 mode 3
Event: 3781.604 Thread 0x000001b306a7eef0 DEOPT PACKING pc=0x000001b37df46d2b sp=0x0000009ae70fe4f0
Event: 3781.604 Thread 0x000001b306a7eef0 DEOPT UNPACKING pc=0x000001b37c777143 sp=0x0000009ae70fd9f0 mode 3
Event: 5208.321 Thread 0x000001b30a08c8c0 DEOPT PACKING pc=0x000001b37e0c000f sp=0x0000009ae36fda20
Event: 5208.321 Thread 0x000001b30a08c8c0 DEOPT UNPACKING pc=0x000001b37c777143 sp=0x0000009ae36fcf28 mode 3
Event: 5412.307 Thread 0x000001b306ba9be0 DEOPT PACKING pc=0x000001b37e108a47 sp=0x0000009ae70fd780
Event: 5412.307 Thread 0x000001b306ba9be0 DEOPT UNPACKING pc=0x000001b37c777143 sp=0x0000009ae70fd1b8 mode 3
Event: 5426.747 Thread 0x000001b30a99f460 DEOPT PACKING pc=0x000001b37dd90d94 sp=0x0000009ae6ffe160
Event: 5426.747 Thread 0x000001b30a99f460 DEOPT UNPACKING pc=0x000001b37c777143 sp=0x0000009ae6ffd698 mode 0
Event: 5479.478 Thread 0x000001b306ba9be0 DEOPT PACKING pc=0x000001b37e05cd3b sp=0x0000009ae70fe2d0
Event: 5479.478 Thread 0x000001b306ba9be0 DEOPT UNPACKING pc=0x000001b37c777143 sp=0x0000009ae70fd7a0 mode 3
Event: 6029.731 Thread 0x000001b315c70210 DEOPT PACKING pc=0x000001b37e45abc4 sp=0x0000009ae38fdf40
Event: 6029.731 Thread 0x000001b315c70210 DEOPT UNPACKING pc=0x000001b37c777143 sp=0x0000009ae38fd468 mode 3
Event: 6168.804 Thread 0x000001b306ba9be0 DEOPT PACKING pc=0x000001b37d1fb1a6 sp=0x0000009ae70fddf0
Event: 6168.804 Thread 0x000001b306ba9be0 DEOPT UNPACKING pc=0x000001b37c777143 sp=0x0000009ae70fd388 mode 0
Event: 6298.302 Thread 0x000001b306ba9be0 DEOPT PACKING pc=0x000001b37dd8df84 sp=0x0000009ae70fd9d0
Event: 6298.302 Thread 0x000001b306ba9be0 DEOPT UNPACKING pc=0x000001b37c777143 sp=0x0000009ae70fcf28 mode 0

Classes unloaded (20 events):
Event: 6529.450 Thread 0x000001b3055d8450 Unloading class 0x0000000100700000 'jdk/internal/reflect/GeneratedConstructorAccessor67'
Event: 6529.450 Thread 0x000001b3055d8450 Unloading class 0x000000010060b800 'jdk/internal/reflect/GeneratedMethodAccessor53'
Event: 6529.450 Thread 0x000001b3055d8450 Unloading class 0x000000010060b400 'jdk/internal/reflect/GeneratedConstructorAccessor66'
Event: 6529.450 Thread 0x000001b3055d8450 Unloading class 0x000000010060a400 'jdk/internal/reflect/GeneratedMethodAccessor52'
Event: 6529.450 Thread 0x000001b3055d8450 Unloading class 0x0000000100536400 'jdk/internal/reflect/GeneratedMethodAccessor51'
Event: 6529.450 Thread 0x000001b3055d8450 Unloading class 0x0000000100355c00 'jdk/internal/reflect/GeneratedMethodAccessor50'
Event: 9329.241 Thread 0x000001b3055d8450 Unloading class 0x00000001009a4c00 'jdk/internal/reflect/GeneratedMethodAccessor60'
Event: 9329.241 Thread 0x000001b3055d8450 Unloading class 0x00000001009a4800 'jdk/internal/reflect/GeneratedConstructorAccessor70'
Event: 9329.241 Thread 0x000001b3055d8450 Unloading class 0x0000000100355c00 'jdk/internal/reflect/GeneratedMethodAccessor59'
Event: 9329.241 Thread 0x000001b3055d8450 Unloading class 0x0000000100536400 'jdk/internal/reflect/GeneratedConstructorAccessor69'
Event: 9329.241 Thread 0x000001b3055d8450 Unloading class 0x000000010060a400 'jdk/internal/reflect/GeneratedMethodAccessor58'
Event: 9329.241 Thread 0x000001b3055d8450 Unloading class 0x000000010060b400 'jdk/internal/reflect/GeneratedMethodAccessor57'
Event: 9329.241 Thread 0x000001b3055d8450 Unloading class 0x000000010060b800 'jdk/internal/reflect/GeneratedMethodAccessor56'
Event: 10556.279 Thread 0x000001b3055d8450 Unloading class 0x00000001009a4c00 'jdk/internal/reflect/GeneratedMethodAccessor65'
Event: 10556.279 Thread 0x000001b3055d8450 Unloading class 0x00000001009a4800 'jdk/internal/reflect/GeneratedConstructorAccessor72'
Event: 10556.279 Thread 0x000001b3055d8450 Unloading class 0x000000010060b800 'jdk/internal/reflect/GeneratedMethodAccessor64'
Event: 10556.279 Thread 0x000001b3055d8450 Unloading class 0x000000010060b400 'jdk/internal/reflect/GeneratedConstructorAccessor71'
Event: 10556.279 Thread 0x000001b3055d8450 Unloading class 0x000000010060a400 'jdk/internal/reflect/GeneratedMethodAccessor63'
Event: 10556.279 Thread 0x000001b3055d8450 Unloading class 0x0000000100536400 'jdk/internal/reflect/GeneratedMethodAccessor62'
Event: 10556.279 Thread 0x000001b3055d8450 Unloading class 0x0000000100355c00 'jdk/internal/reflect/GeneratedMethodAccessor61'

Classes redefined (0 events):
No events

Internal exceptions (20 events):
Event: 12611.946 Thread 0x000001b30a0eacd0 Exception <a 'sun/nio/fs/WindowsException'{0x00000000c9af4e70}> (0x00000000c9af4e70) 
thrown [s\src\hotspot\share\prims\jni.cpp, line 516]
Event: 12611.946 Thread 0x000001b30a0eacd0 Exception <a 'sun/nio/fs/WindowsException'{0x00000000c9af58f8}> (0x00000000c9af58f8) 
thrown [s\src\hotspot\share\prims\jni.cpp, line 516]
Event: 12612.001 Thread 0x000001b30a0eacd0 Exception <a 'sun/nio/fs/WindowsException'{0x00000000c95a27c0}> (0x00000000c95a27c0) 
thrown [s\src\hotspot\share\prims\jni.cpp, line 516]
Event: 12612.337 Thread 0x000001b30a0eacd0 Exception <a 'sun/nio/fs/WindowsException'{0x00000000c95d1858}> (0x00000000c95d1858) 
thrown [s\src\hotspot\share\prims\jni.cpp, line 516]
Event: 12612.338 Thread 0x000001b30a0eacd0 Exception <a 'sun/nio/fs/WindowsException'{0x00000000c95d22e0}> (0x00000000c95d22e0) 
thrown [s\src\hotspot\share\prims\jni.cpp, line 516]
Event: 12612.386 Thread 0x000001b30a0eacd0 Exception <a 'sun/nio/fs/WindowsException'{0x00000000c91b9d90}> (0x00000000c91b9d90) 
thrown [s\src\hotspot\share\prims\jni.cpp, line 516]
Event: 12612.784 Thread 0x000001b30a0eacd0 Exception <a 'sun/nio/fs/WindowsException'{0x00000000cc028e20}> (0x00000000cc028e20) 
thrown [s\src\hotspot\share\prims\jni.cpp, line 516]
Event: 12612.784 Thread 0x000001b30a0eacd0 Exception <a 'sun/nio/fs/WindowsException'{0x00000000cc0298a8}> (0x00000000cc0298a8) 
thrown [s\src\hotspot\share\prims\jni.cpp, line 516]
Event: 12612.832 Thread 0x000001b30a0eacd0 Exception <a 'sun/nio/fs/WindowsException'{0x00000000cbb39cc0}> (0x00000000cbb39cc0) 
thrown [s\src\hotspot\share\prims\jni.cpp, line 516]
Event: 12613.277 Thread 0x000001b30a99eac0 Exception <a 'sun/nio/fs/WindowsException'{0x00000000c8c24430}> (0x00000000c8c24430) 
thrown [s\src\hotspot\share\prims\jni.cpp, line 516]
Event: 12613.277 Thread 0x000001b30a99eac0 Exception <a 'sun/nio/fs/WindowsException'{0x00000000c8c24eb8}> (0x00000000c8c24eb8) 
thrown [s\src\hotspot\share\prims\jni.cpp, line 516]
Event: 12613.323 Thread 0x000001b30a99eac0 Exception <a 'sun/nio/fs/WindowsException'{0x00000000c863a638}> (0x00000000c863a638) 
thrown [s\src\hotspot\share\prims\jni.cpp, line 516]
Event: 12615.147 Thread 0x000001b30a99eac0 Exception <a 'sun/nio/fs/WindowsException'{0x00000000cd9a8088}> (0x00000000cd9a8088) 
thrown [s\src\hotspot\share\prims\jni.cpp, line 516]
Event: 12615.148 Thread 0x000001b30a99eac0 Exception <a 'sun/nio/fs/WindowsException'{0x00000000cd9a8b10}> (0x00000000cd9a8b10) 
thrown [s\src\hotspot\share\prims\jni.cpp, line 516]
Event: 12615.199 Thread 0x000001b30a99eac0 Exception <a 'sun/nio/fs/WindowsException'{0x00000000cd24bc30}> (0x00000000cd24bc30) 
thrown [s\src\hotspot\share\prims\jni.cpp, line 516]
Event: 12623.574 Thread 0x000001b30a99eac0 Exception <a 'sun/nio/fs/WindowsException'{0x00000000c9a5ffb8}> (0x00000000c9a5ffb8) 
thrown [s\src\hotspot\share\prims\jni.cpp, line 516]
Event: 12623.574 Thread 0x000001b30a99eac0 Exception <a 'sun/nio/fs/WindowsException'{0x00000000c9a60a40}> (0x00000000c9a60a40) 
thrown [s\src\hotspot\share\prims\jni.cpp, line 516]
Event: 12623.627 Thread 0x000001b30a99eac0 Exception <a 'sun/nio/fs/WindowsException'{0x00000000c8ff77b8}> (0x00000000c8ff77b8) 
thrown [s\src\hotspot\share\prims\jni.cpp, line 516]
Event: 12624.764 Thread 0x000001b30a99eac0 Exception <a 'sun/nio/fs/WindowsException'{0x00000000c8488540}> (0x00000000c8488540) 
thrown [s\src\hotspot\share\prims\jni.cpp, line 516]
Event: 12624.764 Thread 0x000001b30a99eac0 Exception <a 'sun/nio/fs/WindowsException'{0x00000000c8488fc8}> (0x00000000c8488fc8) 
thrown [s\src\hotspot\share\prims\jni.cpp, line 516]

VM Operations (20 events):
Event: 12551.419 Executing VM operation: G1CollectForAllocation done
Event: 12554.046 Executing VM operation: G1CollectForAllocation
Event: 12554.049 Executing VM operation: G1CollectForAllocation done
Event: 12555.700 Executing VM operation: G1CollectForAllocation
Event: 12555.702 Executing VM operation: G1CollectForAllocation done
Event: 12559.675 Executing VM operation: G1CollectForAllocation
Event: 12559.677 Executing VM operation: G1CollectForAllocation done
Event: 12560.814 Executing VM operation: G1CollectForAllocation
Event: 12560.817 Executing VM operation: G1CollectForAllocation done
Event: 12611.273 Executing VM operation: G1CollectForAllocation
Event: 12611.276 Executing VM operation: G1CollectForAllocation done
Event: 12612.286 Executing VM operation: Cleanup
Event: 12612.286 Executing VM operation: Cleanup done
Event: 12612.403 Executing VM operation: G1CollectForAllocation
Event: 12612.404 Executing VM operation: G1CollectForAllocation done
Event: 12613.382 Executing VM operation: G1CollectForAllocation
Event: 12613.385 Executing VM operation: G1CollectForAllocation done
Event: 12623.639 Executing VM operation: G1CollectForAllocation
Event: 12623.641 Executing VM operation: G1CollectForAllocation done
Event: 12624.798 Executing VM operation: G1CollectForAllocation

Events (20 events):
Event: 12152.011 Thread 0x000001b30a0ea330 Thread added: 0x000001b30a0ea330
Event: 12156.924 Thread 0x000001b30a0ea800 Thread added: 0x000001b30a0ea800
Event: 12157.691 Thread 0x000001b30ab1a3b0 Thread added: 0x000001b30ab1a3b0
Event: 12158.143 Thread 0x000001b30a0eacd0 Thread added: 0x000001b30a0eacd0
Event: 12159.288 Thread 0x000001b309eeb060 Thread added: 0x000001b309eeb060
Event: 12161.017 Thread 0x000001b30a99dc50 Thread added: 0x000001b30a99dc50
Event: 12279.448 Thread 0x000001b315c6f870 Thread exited: 0x000001b315c6f870
Event: 12323.871 Thread 0x000001b306ade540 Thread added: 0x000001b306ade540
Event: 12490.430 Thread 0x000001b306ade540 Thread exited: 0x000001b306ade540
Event: 12491.208 Thread 0x000001b30a99dc50 Thread exited: 0x000001b30a99dc50
Event: 12491.208 Thread 0x000001b309eec3a0 Thread exited: 0x000001b309eec3a0
Event: 12513.091 Thread 0x000001b315c6ea00 Thread exited: 0x000001b315c6ea00
Event: 12518.642 Thread 0x000001b309f80bc0 Thread added: 0x000001b309f80bc0
Event: 12525.118 Thread 0x000001b30a99f460 Thread added: 0x000001b30a99f460
Event: 12525.118 Thread 0x000001b30a99eac0 Thread added: 0x000001b30a99eac0
Event: 12528.545 Thread 0x000001b309f823d0 Thread added: 0x000001b309f823d0
Event: 12536.918 Thread 0x000001b306078470 flushing nmethod 0x000001b37cb12c90
Event: 12536.922 Thread 0x000001b306078470 flushing nmethod 0x000001b37d74f090
Event: 12538.026 Thread 0x000001b309f81090 Thread added: 0x000001b309f81090
Event: 12598.034 Thread 0x000001b309f81090 Thread exited: 0x000001b309f81090


Dynamic libraries:
0x00007ff736640000 - 0x00007ff73664e000 	c:\Users\Administrator\.vscode\extensions\redhat.java-1.15.0-win32-x64\jre\17.0.6-win32-x86_64\bin\java.exe
0x00007ffcb8290000 - 0x00007ffcb8488000 	C:\Windows\SYSTEM32\ntdll.dll
0x00007ffcb76a0000 - 0x00007ffcb775f000 	C:\Windows\System32\KERNEL32.DLL
0x00007ffcb5f60000 - 0x00007ffcb6232000 	C:\Windows\System32\KERNELBASE.dll
0x00007ffcb5cd0000 - 0x00007ffcb5dd0000 	C:\Windows\System32\ucrtbase.dll
0x00007ffca7600000 - 0x00007ffca7619000 	c:\Users\Administrator\.vscode\extensions\redhat.java-1.15.0-win32-x64\jre\17.0.6-win32-x86_64\bin\VCRUNTIME140.dll
0x00007ffcb0fa0000 - 0x00007ffcb0fb7000 	c:\Users\Administrator\.vscode\extensions\redhat.java-1.15.0-win32-x64\jre\17.0.6-win32-x86_64\bin\jli.dll
0x00007ffcb6eb0000 - 0x00007ffcb7051000 	C:\Windows\System32\USER32.dll
0x00007ffcb5ca0000 - 0x00007ffcb5cc2000 	C:\Windows\System32\win32u.dll
0x00007ffcb77a0000 - 0x00007ffcb77cb000 	C:\Windows\System32\GDI32.dll
0x00007ffcb5dd0000 - 0x00007ffcb5edf000 	C:\Windows\System32\gdi32full.dll
0x00007ffcb59f0000 - 0x00007ffcb5a8d000 	C:\Windows\System32\msvcp_win.dll
0x00007ffca43b0000 - 0x00007ffca464a000 	C:\Windows\WinSxS\amd64_microsoft.windows.common-controls_6595b64144ccf1df_6.0.19041.1110_none_60b5254171f9507e\COMCTL32.dll
0x00007ffcb7f10000 - 0x00007ffcb7fae000 	C:\Windows\System32\msvcrt.dll
0x00007ffcb7760000 - 0x00007ffcb7792000 	C:\Windows\System32\IMM32.DLL
0x00007ffcb0f90000 - 0x00007ffcb0f9c000 	c:\Users\Administrator\.vscode\extensions\redhat.java-1.15.0-win32-x64\jre\17.0.6-win32-x86_64\bin\vcruntime140_1.dll
0x00007ffc9dca0000 - 0x00007ffc9dd31000 	c:\Users\Administrator\.vscode\extensions\redhat.java-1.15.0-win32-x64\jre\17.0.6-win32-x86_64\bin\msvcp140.dll
0x00007ffc88c40000 - 0x00007ffc89887000 	c:\Users\Administrator\.vscode\extensions\redhat.java-1.15.0-win32-x64\jre\17.0.6-win32-x86_64\bin\server\jvm.dll
0x00007ffcb7470000 - 0x00007ffcb751e000 	C:\Windows\System32\ADVAPI32.dll
0x00007ffcb62e0000 - 0x00007ffcb637c000 	C:\Windows\System32\sechost.dll
0x00007ffcb7de0000 - 0x00007ffcb7f05000 	C:\Windows\System32\RPCRT4.dll
0x00007ffc9ff50000 - 0x00007ffc9ff59000 	C:\Windows\SYSTEM32\WSOCK32.dll
0x00007ffcb0670000 - 0x00007ffcb067a000 	C:\Windows\SYSTEM32\VERSION.dll
0x00007ffcb6470000 - 0x00007ffcb64db000 	C:\Windows\System32\WS2_32.dll
0x00007ffca8290000 - 0x00007ffca82b7000 	C:\Windows\SYSTEM32\WINMM.dll
0x00007ffcb3860000 - 0x00007ffcb3872000 	C:\Windows\SYSTEM32\kernel.appcore.dll
0x00007ffca75f0000 - 0x00007ffca75fa000 	c:\Users\Administrator\.vscode\extensions\redhat.java-1.15.0-win32-x64\jre\17.0.6-win32-x86_64\bin\jimage.dll
0x00007ffca5840000 - 0x00007ffca5a24000 	C:\Windows\SYSTEM32\DBGHELP.DLL
0x00007ffc9fe60000 - 0x00007ffc9fe95000 	C:\Windows\SYSTEM32\dbgcore.DLL
0x00007ffcb6240000 - 0x00007ffcb62c2000 	C:\Windows\System32\bcryptPrimitives.dll
0x00007ffca3350000 - 0x00007ffca3375000 	c:\Users\Administrator\.vscode\extensions\redhat.java-1.15.0-win32-x64\jre\17.0.6-win32-x86_64\bin\java.dll
0x00007ffca2010000 - 0x00007ffca2028000 	c:\Users\Administrator\.vscode\extensions\redhat.java-1.15.0-win32-x64\jre\17.0.6-win32-x86_64\bin\zip.dll
0x00007ffcb65b0000 - 0x00007ffcb6cf5000 	C:\Windows\System32\SHELL32.dll
0x00007ffcb3a60000 - 0x00007ffcb41f2000 	C:\Windows\SYSTEM32\windows.storage.dll
0x00007ffcb7110000 - 0x00007ffcb7465000 	C:\Windows\System32\combase.dll
0x00007ffcb53e0000 - 0x00007ffcb5410000 	C:\Windows\SYSTEM32\Wldp.dll
0x00007ffcb7fb0000 - 0x00007ffcb805d000 	C:\Windows\System32\SHCORE.dll
0x00007ffcb7910000 - 0x00007ffcb7965000 	C:\Windows\System32\shlwapi.dll
0x00007ffcb58c0000 - 0x00007ffcb58df000 	C:\Windows\SYSTEM32\profapi.dll
0x00007ffca1fd0000 - 0x00007ffca1fe9000 	C:\Users\Administrator\.vscode\extensions\redhat.java-1.15.0-win32-x64\jre\17.0.6-win32-x86_64\bin\net.dll
0x00007ffcaf570000 - 0x00007ffcaf67c000 	C:\Windows\SYSTEM32\WINHTTP.dll
0x00007ffcb5140000 - 0x00007ffcb51aa000 	C:\Windows\system32\mswsock.dll
0x00007ffca1e70000 - 0x00007ffca1e85000 	C:\Users\Administrator\.vscode\extensions\redhat.java-1.15.0-win32-x64\jre\17.0.6-win32-x86_64\bin\nio.dll
0x00007ffca3340000 - 0x00007ffca3350000 	c:\Users\Administrator\.vscode\extensions\redhat.java-1.15.0-win32-x64\jre\17.0.6-win32-x86_64\bin\verify.dll
0x00007ffcb5330000 - 0x00007ffcb5348000 	C:\Windows\SYSTEM32\CRYPTSP.dll
0x00007ffcb49f0000 - 0x00007ffcb4a24000 	C:\Windows\system32\rsaenh.dll
0x00007ffcb5f30000 - 0x00007ffcb5f57000 	C:\Windows\System32\bcrypt.dll
0x00007ffcb5880000 - 0x00007ffcb58ae000 	C:\Windows\SYSTEM32\USERENV.dll
0x00007ffcb5350000 - 0x00007ffcb535c000 	C:\Windows\SYSTEM32\CRYPTBASE.dll
0x00007ffcb4de0000 - 0x00007ffcb4e1b000 	C:\Windows\SYSTEM32\IPHLPAPI.DLL
0x00007ffcb8060000 - 0x00007ffcb8068000 	C:\Windows\System32\NSI.dll
0x00007ffcafd70000 - 0x00007ffcafd87000 	C:\Windows\SYSTEM32\dhcpcsvc6.DLL
0x00007ffcafe60000 - 0x00007ffcafe7d000 	C:\Windows\SYSTEM32\dhcpcsvc.DLL
0x00007ffcb4e20000 - 0x00007ffcb4eeb000 	C:\Windows\SYSTEM32\DNSAPI.dll
0x00007ffca3030000 - 0x00007ffca3039000 	C:\Users\Administrator\.vscode\extensions\redhat.java-1.15.0-win32-x64\jre\17.0.6-win32-x86_64\bin\management.dll
0x00007ffca0ec0000 - 0x00007ffca0ecb000 	C:\Users\Administrator\.vscode\extensions\redhat.java-1.15.0-win32-x64\jre\17.0.6-win32-x86_64\bin\management_ext.dll
0x00007ffcb62d0000 - 0x00007ffcb62d8000 	C:\Windows\System32\PSAPI.DLL
0x00007ffca0470000 - 0x00007ffca047e000 	C:\Users\Administrator\.vscode\extensions\redhat.java-1.15.0-win32-x64\jre\17.0.6-win32-x86_64\bin\sunmscapi.dll
0x00007ffcb5a90000 - 0x00007ffcb5be6000 	C:\Windows\System32\CRYPT32.dll
0x00007ffcb5450000 - 0x00007ffcb5477000 	C:\Windows\SYSTEM32\ncrypt.dll
0x00007ffcb5410000 - 0x00007ffcb544b000 	C:\Windows\SYSTEM32\NTASN1.dll
0x00007ffca3720000 - 0x00007ffca372a000 	C:\Windows\System32\rasadhlp.dll
0x00007ffca3790000 - 0x00007ffca3810000 	C:\Windows\System32\fwpuclnt.dll
0x000000006c500000 - 0x000000006c5c7000 	C:\Users\Administrator\AppData\Local\Temp\snappy-1.1.8-63c4436c-025c-4284-9cea-b0888f2d3624-snappyjava.dll

dbghelp: loaded successfully - version: 4.0.5 - missing functions: none
symbol engine: initialized successfully - sym options: 0x614 - pdb path: .;c:\Users\Administrator\.vscode\extensions\redhat.java-1.15.0-win32-x64\jre\17.0.6-win32-x86_64\bin;C:\Windows\SYSTEM32;C:\Windows\WinSxS\amd64_microsoft.windows.common-controls_6595b64144ccf1df_6.0.19041.1110_none_60b5254171f9507e;c:\Users\Administrator\.vscode\extensions\redhat.java-1.15.0-win32-x64\jre\17.0.6-win32-x86_64\bin\server;C:\Users\Administrator\AppData\Local\Temp

VM Arguments:
jvm_args: -XX:+HeapDumpOnOutOfMemoryError -Xmx1024m -Dsts.lsp.client=vscode -Dsts.log.file=/dev/null -XX:TieredStopAtLevel=1 -Xlog:jni+resolve=off -Dspring.config.location=file:c:\Users\Administrator\.vscode\extensions\vmware.vscode-spring-boot-1.44.0\language-server\BOOT-INF\classes\application.properties 
java_command: org.springframework.ide.vscode.boot.app.BootLanguageServerBootApp
java_class_path (initial): c:\Users\Administrator\.vscode\extensions\vmware.vscode-spring-boot-1.44.0\language-server\BOOT-INF\classes;c:\Users\Administrator\.vscode\extensions\vmware.vscode-spring-boot-1.44.0\language-server\BOOT-INF\lib\annotations-24.0.0.jar;c:\Users\Administrator\.vscode\extensions\vmware.vscode-spring-boot-1.44.0\language-server\BOOT-INF\lib\ant-1.10.13.jar;c:\Users\Administrator\.vscode\extensions\vmware.vscode-spring-boot-1.44.0\language-server\BOOT-INF\lib\ant-launcher-1.10.13.jar;c:\Users\Administrator\.vscode\extensions\vmware.vscode-spring-boot-1.44.0\language-server\BOOT-INF\lib\antlr-runtime-3.5.2.jar;c:\Users\Administrator\.vscode\extensions\vmware.vscode-spring-boot-1.44.0\language-server\BOOT-INF\lib\antlr4-4.9.3.jar;c:\Users\Administrator\.vscode\extensions\vmware.vscode-spring-boot-1.44.0\language-server\BOOT-INF\lib\antlr4-runtime-4.9.3.jar;c:\Users\Administrator\.vscode\extensions\vmware.vscode-spring-boot-1.44.0\language-server\BOOT-INF\lib\apiguardian-api-1.1.2.jar;c:\Users\Administrator\.vscode\extensions\vmware.vscode-spring-boot-1.44.0\language-server\BOOT-INF\lib\asm-9.4.jar;c:\Users\Administrator\.vscode\extensions\vmware.vscode-spring-boot-1.44.0\language-server\BOOT-INF\lib\asm-analysis-9.4.jar;c:\Users\Administrator\.vscode\extensions\vmware.vscode-spring-boot-1.44.0\language-server\BOOT-INF\lib\asm-tree-9.4.jar;c:\Users\Administrator\.vscode\extensions\vmware.vscode-spring-boot-1.44.0\language-server\BOOT-INF\lib\asm-util-9.4.jar;c:\Users\Administrator\.vscode\extensions\vmware.vscode-spring-boot-1.44.0\language-server\BOOT-INF\lib\caffeine-3.1.2.jar;c:\Users\Administrator\.vscode\extensions\vmware.vscode-spring-boot-1.44.0\language-server\BOOT-INF\lib\checker-qual-3.12.0.jar;c:\Users\Administrator\.vscode\extensions\vmware.vscode-spring-boot-1.44.0\language-server\BOOT-INF\lib\ci-environment-9.1.0.jar;c:\Users\Administrator\.vscode\extensions\vmware.vscode-spring-boot-1.44.0\language-server\BOOT-INF\lib\classgraph-4
Launcher Type: SUN_STANDARD

[Global flags]
     intx CICompilerCount                          = 4                                         {product} {ergonomic}
     uint ConcGCThreads                            = 3                                         {product} {ergonomic}
     uint G1ConcRefinementThreads                  = 10                                        {product} {ergonomic}
   size_t G1HeapRegionSize                         = 1048576                                   {product} {ergonomic}
    uintx GCDrainStackTargetSize                   = 64                                        {product} {ergonomic}
     bool HeapDumpOnOutOfMemoryError               = true                                   {manageable} {command line}
   size_t InitialHeapSize                          = 268435456                                 {product} {ergonomic}
   size_t MarkStackSize                            = 4194304                                   {product} {ergonomic}
   size_t MaxHeapSize                              = 1073741824                                {product} {command line}
   size_t MaxNewSize                               = 643825664                                 {product} {ergonomic}
   size_t MinHeapDeltaBytes                        = 1048576                                   {product} {ergonomic}
   size_t MinHeapSize                              = 8388608                                   {product} {ergonomic}
    uintx NonProfiledCodeHeapSize                  = 0                                      {pd product} {ergonomic}
     bool ProfileInterpreter                       = false                                  {pd product} {command line}
    uintx ProfiledCodeHeapSize                     = 0                                      {pd product} {ergonomic}
   size_t SoftMaxHeapSize                          = 1073741824                             {manageable} {ergonomic}
     intx TieredStopAtLevel                        = 1                                         {product} {command line}
     bool UseCompressedClassPointers               = true                           {product lp64_product} {ergonomic}
     bool UseCompressedOops                        = true                           {product lp64_product} {ergonomic}
     bool UseG1GC                                  = true                                      {product} {ergonomic}
     bool UseLargePagesIndividualAllocation        = false                                  {pd product} {ergonomic}

Logging:
Log output configuration:
 #0: stdout all=warning,jni+resolve=off uptime,level,tags
 #1: stderr all=off uptime,level,tags

Environment Variables:
JAVA_HOME=C:\Program Files\Java\jdk-17.0.4.1
PATH=C:\Program Files\Common Files\Oracle\Java\javapath;C:\Program Files (x86)\Common Files\Intel\Shared Libraries\redist\intel64\compiler;C:\Windows\system32;C:\Windows;C:\Windows\System32\Wbem;C:\Windows\System32\WindowsPowerShell\v1.0\;C:\Windows\System32\OpenSSH\;C:\Program Files\Bandizip\;C:\Program Files\Git\cmd;C:\Program Files\nodejs\;C:\Users\Administrator\AppData\Local\Microsoft\WindowsApps;"C:\Program Files\Java\jdk-17.0.4.1\lib;.";C:\Program Files\MySQL\MySQL Server 8.0\bin;C:\Users\Administrator\AppData\Local\Programs\Microsoft VS Code\bin;C:\Users\Administrator\AppData\Roaming\npm
USERNAME=Administrator
OS=Windows_NT
PROCESSOR_IDENTIFIER=Intel64 Family 6 Model 158 Stepping 10, GenuineIntel
TMP=C:\Users\ADMINI~1\AppData\Local\Temp
TEMP=C:\Users\ADMINI~1\AppData\Local\Temp



---------------  S Y S T E M  ---------------

OS:
 Windows 10 , 64 bit Build 19041 (10.0.19041.2546)
OS uptime: 0 days 11:02 hours

CPU: total 12 (initial active 12) (6 cores per cpu, 2 threads per core) family 6 model 158 stepping 10 microcode 0xb4, cx8, cmov, fxsr, ht, mmx, 3dnowpref, sse, sse2, sse3, ssse3, sse4.1, sse4.2, popcnt, lzcnt, tsc, tscinvbit, avx, avx2, aes, erms, clmul, bmi1, bmi2, rtm, adx, fma, vzeroupper, clflush, clflushopt

Memory: 4k page, system-wide physical 16301M (6124M free)
TotalPageFile size 18733M (AvailPageFile size 5127M)
current process WorkingSet (physical memory assigned to process): 464M, peak: 948M
current process commit charge ("private bytes"): 459M, peak: 1004M

vm_info: OpenJDK 64-Bit Server VM (17.0.6+10) for windows-amd64 JRE (17.0.6+10), built on Jan 18 2023 10:08:59 by "temurin" with MS VC++ 16.7 (VS2019)

END.
