#
# A fatal error has been detected by the Java Runtime Environment:
#
#  EXCEPTION_ACCESS_VIOLATION (0xc0000005) at pc=0x00007ffb847b1f21, pid=15980, tid=2084
#
# JRE version: OpenJDK Runtime Environment Temurin-17.0.6+10 (17.0.6+10) (build 17.0.6+10)
# Java VM: OpenJDK 64-Bit Server VM Temurin-17.0.6+10 (17.0.6+10, mixed mode, tiered, compressed oops, compressed class ptrs, g1 gc, windows-amd64)
# Problematic frame:
# V  [jvm.dll+0x2f1f21]
#
# No core dump will be written. Minidumps are not enabled by default on client versions of Windows
#
# If you would like to submit a bug report, please visit:
#   https://github.com/adoptium/adoptium-support/issues
#

---------------  S U M M A R Y ------------

Command Line: -XX:+ShowCodeDetailsInExceptionMessages com.third_project.third_project.ThirdProjectApplication

Host: Intel(R) Core(TM) i7-8700 CPU @ 3.20GHz, 12 cores, 15G,  Windows 10 , 64 bit Build 19041 (10.0.19041.2546)
Time: Fri Mar 17 13:10:46 2023  Windows 10 , 64 bit Build 19041 (10.0.19041.2546) elapsed time: 950.988984 seconds (0d 0h 15m 50s)

---------------  T H R E A D  ---------------

Current thread (0x0000017416cb1530):  GCTaskThread "GC Thread#6" [stack: 0x0000006a9bb00000,0x0000006a9bc00000] [id=2084]

Stack: [0x0000006a9bb00000,0x0000006a9bc00000],  sp=0x0000006a9bbff8f0,  free space=1022k
Native frames: (J=compiled Java code, j=interpreted, Vv=VM code, C=native code)
V  [jvm.dll+0x2f1f21]
V  [jvm.dll+0x2f041a]
V  [jvm.dll+0x2f6424]
V  [jvm.dll+0x2f5e1d]
V  [jvm.dll+0x2f56bd]
V  [jvm.dll+0x8612eb]
V  [jvm.dll+0x861336]
V  [jvm.dll+0x7e483a]
V  [jvm.dll+0x6762c5]
C  [ucrtbase.dll+0x21bb2]
C  [KERNEL32.DLL+0x17614]
C  [ntdll.dll+0x526a1]


siginfo: EXCEPTION_ACCESS_VIOLATION (0xc0000005), reading address 0xffffffffffffffff


Register to memory mapping:

RIP=0x00007ffb847b1f21 jvm.dll
RAX=0x000001747aab0000 points into unknown readable memory: 0x0000000000000001 | 01 00 00 00 00 00 00 00
RBX=0x0000017476158720 points into unknown readable memory: 0x00007ffb84e135a8 | a8 35 e1 84 fb 7f 00 00
RCX=0x0000000000000001 is an unknown value
RDX=0x1fffffff1fd80001 is an unknown value
RSP=0x0000006a9bbff8f0 points into unknown readable memory: 0x0000000701d71978 | 78 19 d7 01 07 00 00 00
RBP=0x0000000701d719a8 is an oop: java.util.concurrent.ConcurrentHashMap$Node 
{0x0000000701d719a8} - klass: 'java/util/concurrent/ConcurrentHashMap$Node'
 - ---- fields (total size 4 words):
 - final 'hash' 'I' @12  42088810 (282396a)
 - final 'key' 'Ljava/lang/Object;' @16  a 'org/springframework/core/convert/converter/GenericConverter$ConvertiblePair'{0x0000000701d719c8} (e03ae339)
 - volatile 'val' 'Ljava/lang/Object;' @20  a 'org/springframework/core/convert/support/GenericConversionService$ConvertersForPair'{0x0000000701d719e0} (e03ae33c)
 - volatile 'next' 'Ljava/util/concurrent/ConcurrentHashMap$Node;' @24  NULL (0)
RSI=0x000001741f1e87b0 points into unknown readable memory: 0x0000006a9a4ff490 | 90 f4 4f 9a 6a 00 00 00
RDI=0x0000000000000008 is an unknown value
R8 =0x040001745ea60000 is an unknown value
R9 =0x0000000800000000 is pointing into metadata
R10=0x0 is NULL
R11=0x0000000800000000 is pointing into metadata
R12=0x00000008000ab428 is a pointer to class: 
org.springframework.core.SerializableTypeWrapper$TypeProvider {0x00000008000ab430}
 - instance size:     2
 - klass size:        63
 - access:            interface abstract 
 - state:             fully_initialized
 - name:              'org/springframework/core/SerializableTypeWrapper$TypeProvider'
 - super:             'java/lang/Object'
 - sub:               
 - nof implementors:  2
 - arrays:            NULL
 - methods:           Array<T>(0x000001741784ed78)
 - method ordering:   Array<T>(0x0000017415000018)
 - default_methods:   Array<T>(0x0000000000000000)
 - local interfaces:  Array<T>(0x000001741784ed58)
 - trans. interfaces: Array<T>(0x000001741784ed58)
 - constants:         constant pool [25] {0x000001741784ec28} for 'org/springframework/core/SerializableTypeWrapper$TypeProvider' cache=0x0000017417c42538
 - class loader data:  loader data: 0x000001747f6d0da0 for instance a 'jdk/internal/loader/ClassLoaders$AppClassLoader'{0x000000070160c2a0}
 - source file:       'SerializableTypeWrapper.java'
 - class annotations:       Array<T>(0x0000000000000000)
 - class type annotations:  Array<T>(0x0000000000000000)
 - field annotations:       Array<T>(0x0000000000000000)
 - field type annotations:  Array<T>(0x0000000000000000)
 - inner classes:     Array<T>(0x000001741784eee8)
 - nest members:     Array<T>(0x0000017415000028)
 - permitted subclasses:     Array<T>(0x0000017415000028)
 - java mirror:       a 'java/lang/Class'{0x000000070161e050} = 'org/springframework/core/SerializableTypeWrapper$TypeProvider'
 - vtable length      5  (start addr: 0x00000008000ab5f0)
 - itable length      0 (start addr: 0x00000008000ab618)
 - ---- static fields (0 words):
 - ---- non-static fields (0 words):
 - non-static oop maps: 
R13=0x0000000701d71978 is an oop: org.springframework.core.ResolvableType 
{0x0000000701d71978} - klass: 'org/springframework/core/ResolvableType'
 - ---- fields (total size 6 words):
 - private final 'type' 'Ljava/lang/reflect/Type;' @12  a 'java/lang/Class'{0x0000000701606b78} = 'java/lang/Long' (e02c0d6f)
 - private final 'typeProvider' 'Lorg/springframework/core/SerializableTypeWrapper$TypeProvider;' @16  NULL (0)
 - private final 'variableResolver' 'Lorg/springframework/core/ResolvableType$VariableResolver;' @20  a 'org/springframework/core/ResolvableType$DefaultVariableResolver'{0x0000000701d70990} (e03ae132)
 - private final 'componentType' 'Lorg/springframework/core/ResolvableType;' @24  NULL (0)
 - private final 'hash' 'Ljava/lang/Integer;' @28  NULL (0)
 - private 'resolved' 'Ljava/lang/Class;' @32  a 'java/lang/Class'{0x0000000701606b78} = 'java/lang/Long' (e02c0d6f)
 - private volatile 'superType' 'Lorg/springframework/core/ResolvableType;' @36  NULL (0)
 - private volatile 'interfaces' '[Lorg/springframework/core/ResolvableType;' @40  NULL (0)
 - private volatile 'generics' '[Lorg/springframework/core/ResolvableType;' @44  
[error occurred during error reporting (printing register info), id 0xc0000005, EXCEPTION_ACCESS_VIOLATION (0xc0000005) at pc=0x00007ffb848502ee]

Registers:
RAX=0x000001747aab0000, RBX=0x0000017476158720, RCX=0x0000000000000001, RDX=0x1fffffff1fd80001
RSP=0x0000006a9bbff8f0, RBP=0x0000000701d719a8, RSI=0x000001741f1e87b0, RDI=0x0000000000000008
R8 =0x040001745ea60000, R9 =0x0000000800000000, R10=0x0000000000000000, R11=0x0000000800000000
R12=0x00000008000ab428, R13=0x0000000701d71978, R14=0x00000008000ab420, R15=0x000001741f1e8d60
RIP=0x00007ffb847b1f21, EFLAGS=0x0000000000010206

Top of Stack: (sp=0x0000006a9bbff8f0)
0x0000006a9bbff8f0:   0000000701d71978 00007ffb847b1efe
0x0000006a9bbff900:   0000017476158720 00007ffb847b0f91
0x0000006a9bbff910:   0000000702b0afc0 000001741f1e87b0
0x0000006a9bbff920:   0000000000000008 00007ffb847b041a
0x0000006a9bbff930:   0000000701d719a4 000001741f1e87b0
0x0000006a9bbff940:   0000000701d70960 000001741f1e87b0
0x0000006a9bbff950:   000000000000000c 0000000000000010
0x0000006a9bbff960:   00007ffb844c0000 0000000000000000
0x0000006a9bbff970:   000001741f1e87b0 00007ffb847b6424
0x0000006a9bbff980:   0000000000000000 0000000701d71978
0x0000006a9bbff990:   00007ffb844c0000 00007ffb847b2094
0x0000006a9bbff9a0:   0000017476158720 0000000000000000
0x0000006a9bbff9b0:   0000000701d71960 0000000000000000
0x0000006a9bbff9c0:   0000000000000000 0000000000000000
0x0000006a9bbff9d0:   0000000701d399b4 0000017415a28cd0
0x0000006a9bbff9e0:   000000000000000c 0000006a9a4ff6c0 

Instructions: (pc=0x00007ffb847b1f21)
0x00007ffb847b1e21:   00 48 8b 7c 24 30 48 83 c4 20 5b c3 cc cc cc 40
0x00007ffb847b1e31:   57 48 83 ec 20 8b 02 48 8b f9 85 c0 74 3b 8b 0d
0x00007ffb847b1e41:   93 c4 80 00 48 8b 7f 10 48 89 5c 24 30 8b d8 48
0x00007ffb847b1e51:   d3 e3 48 8b cf 48 03 1d 73 c4 80 00 48 8b d3 e8
0x00007ffb847b1e61:   5b 00 00 00 84 c0 74 0c 48 8d 4f 18 48 8b d3 e8
0x00007ffb847b1e71:   ab 06 00 00 48 8b 5c 24 30 48 83 c4 20 5f c3 e9
0x00007ffb847b1e81:   db 4d 00 00 cc cc cc cc cc cc cc cc cc cc cc e9
0x00007ffb847b1e91:   4b 51 00 00 cc cc cc cc cc cc cc cc cc cc cc 48
0x00007ffb847b1ea1:   8b 01 48 8b 80 c8 04 00 00 48 8b 80 98 00 00 00
0x00007ffb847b1eb1:   c3 cc cc cc cc cc cc cc cc cc cc cc cc cc cc 48
0x00007ffb847b1ec1:   89 5c 24 08 48 89 74 24 10 57 48 83 ec 30 48 8b
0x00007ffb847b1ed1:   01 48 8b f1 4c 8b c2 48 8b fa 8b 88 18 03 00 00
0x00007ffb847b1ee1:   48 8b 80 08 03 00 00 49 d3 e8 41 80 3c 00 02 74
0x00007ffb847b1ef1:   60 48 8b 5e 10 48 8b cb 48 8b 03 ff 10 8b 4b 18
0x00007ffb847b1f01:   48 8b d7 48 2b 53 08 48 8b 43 20 48 c1 ea 03 48
0x00007ffb847b1f11:   d3 ea 48 8b ca 48 c1 e9 06 4c 8d 04 c8 0f b6 ca
0x00007ffb847b1f21:   49 8b 00 80 e1 3f ba 01 00 00 00 48 d3 e2 48 8b
0x00007ffb847b1f31:   c8 48 0b ca 48 3b c8 74 18 66 0f 1f 44 00 00 f0
0x00007ffb847b1f41:   49 0f b1 08 74 1d 48 8b c8 48 0b ca 48 3b c8 75
0x00007ffb847b1f51:   ee 32 c0 48 8b 5c 24 40 48 8b 74 24 48 48 83 c4
0x00007ffb847b1f61:   30 5f c3 4c 8b 07 44 0f b6 0d 10 85 87 00 49 8b
0x00007ffb847b1f71:   d0 44 8b 15 6f c3 80 00 83 e2 07 80 3d bd 85 87
0x00007ffb847b1f81:   00 00 4c 8b 1d 56 c3 80 00 74 2e 48 83 fa 05 0f
0x00007ffb847b1f91:   84 ab 00 00 00 45 84 c9 74 0e 8b 47 08 41 8b ca
0x00007ffb847b1fa1:   48 d3 e0 49 03 c3 eb 04 48 8b 47 08 0f b6 80 b8
0x00007ffb847b1fb1:   00 00 00 24 07 3c 05 74 15 48 83 fa 01 75 0f 48
0x00007ffb847b1fc1:   b8 00 ff ff ff 7f 00 00 00 4c 85 c0 74 72 48 8b
0x00007ffb847b1fd1:   06 48 8b d7 8b 88 18 03 00 00 48 8b 80 08 03 00
0x00007ffb847b1fe1:   00 48 d3 ea 80 3c 02 00 75 56 48 8b 9e a8 05 00
0x00007ffb847b1ff1:   00 48 89 7c 24 20 4c 89 44 24 28 48 8b 53 20 48
0x00007ffb847b2001:   3b 53 08 75 0a 48 8b cb e8 c2 b0 f5 ff 33 d2 48
0x00007ffb847b2011:   8b 43 38 48 8b ca 0f 10 44 24 20 48 03 c9 0f 11 


Stack slot to memory mapping:
stack at sp + 0 slots: 0x0000000701d71978 is an oop: org.springframework.core.ResolvableType 
{0x0000000701d71978} - klass: 'org/springframework/core/ResolvableType'
 - ---- fields (total size 6 words):
 - private final 'type' 'Ljava/lang/reflect/Type;' @12  a 'java/lang/Class'{0x0000000701606b78} = 'java/lang/Long' (e02c0d6f)
 - private final 'typeProvider' 'Lorg/springframework/core/SerializableTypeWrapper$TypeProvider;' @16  NULL (0)
 - private final 'variableResolver' 'Lorg/springframework/core/ResolvableType$VariableResolver;' @20  a 'org/springframework/core/ResolvableType$DefaultVariableResolver'{0x0000000701d70990} (e03ae132)
 - private final 'componentType' 'Lorg/springframework/core/ResolvableType;' @24  NULL (0)
 - private final 'hash' 'Ljava/lang/Integer;' @28  NULL (0)
 - private 'resolved' 'Ljava/lang/Class;' @32  a 'java/lang/Class'{0x0000000701606b78} = 'java/lang/Long' (e02c0d6f)
 - private volatile 'superType' 'Lorg/springframework/core/ResolvableType;' @36  NULL (0)
 - private volatile 'interfaces' '[Lorg/springframework/core/ResolvableType;' @40  NULL (0)
 - private volatile 'generics' '[Lorg/springframework/core/ResolvableType;' @44  
[error occurred during error reporting (inspecting top of stack), id 0xc0000005, EXCEPTION_ACCESS_VIOLATION (0xc0000005) at pc=0x00007ffb848502ee]


---------------  P R O C E S S  ---------------

Threads class SMR info:
_java_thread_list=0x000001741bce6de0, length=15, elements={
0x0000017415846750, 0x00000174158473c0, 0x000001741587d420, 0x000001741587dce0,
0x0000017415856920, 0x00000174158571e0, 0x0000017415857dd0, 0x0000017415858780,
0x000001741585a090, 0x0000017415a01bf0, 0x0000017415a0c8f0, 0x000001741857ebd0,
0x000001741857e230, 0x000001741a048900, 0x0000017415bdb930
}

Java Threads: ( => current thread )
  0x0000017415846750 JavaThread "Reference Handler" daemon [_thread_blocked, id=15632, stack(0x0000006a9a500000,0x0000006a9a600000)]
  0x00000174158473c0 JavaThread "Finalizer" daemon [_thread_blocked, id=16256, stack(0x0000006a9a600000,0x0000006a9a700000)]
  0x000001741587d420 JavaThread "Signal Dispatcher" daemon [_thread_blocked, id=3212, stack(0x0000006a9a700000,0x0000006a9a800000)]
  0x000001741587dce0 JavaThread "Attach Listener" daemon [_thread_blocked, id=14740, stack(0x0000006a9a800000,0x0000006a9a900000)]
  0x0000017415856920 JavaThread "Service Thread" daemon [_thread_blocked, id=13104, stack(0x0000006a9a900000,0x0000006a9aa00000)]
  0x00000174158571e0 JavaThread "Monitor Deflation Thread" daemon [_thread_blocked, id=4888, stack(0x0000006a9aa00000,0x0000006a9ab00000)]
  0x0000017415857dd0 JavaThread "C2 CompilerThread0" daemon [_thread_blocked, id=13176, stack(0x0000006a9ab00000,0x0000006a9ac00000)]
  0x0000017415858780 JavaThread "C1 CompilerThread0" daemon [_thread_blocked, id=12276, stack(0x0000006a9ac00000,0x0000006a9ad00000)]
  0x000001741585a090 JavaThread "Sweeper thread" daemon [_thread_blocked, id=15540, stack(0x0000006a9ad00000,0x0000006a9ae00000)]
  0x0000017415a01bf0 JavaThread "Notification Thread" daemon [_thread_blocked, id=15264, stack(0x0000006a9ae00000,0x0000006a9af00000)]
  0x0000017415a0c8f0 JavaThread "Common-Cleaner" daemon [_thread_blocked, id=8432, stack(0x0000006a9b000000,0x0000006a9b100000)]
  0x000001741857ebd0 JavaThread "mysql-cj-abandoned-connection-cleanup" daemon [_thread_blocked, id=11732, stack(0x0000006a9c300000,0x0000006a9c400000)]
  0x000001741857e230 JavaThread "Live Reload Server" daemon [_thread_in_native, id=9836, stack(0x0000006a9c900000,0x0000006a9ca00000)]
  0x000001741a048900 JavaThread "DestroyJavaVM" [_thread_blocked, id=14132, stack(0x0000006a99e00000,0x0000006a99f00000)]
  0x0000017415bdb930 JavaThread "Thread-55" [_thread_blocked, id=12716, stack(0x0000006a99c00000,0x0000006a99d00000)]

Other Threads:
  0x0000017415828e70 VMThread "VM Thread" [stack: 0x0000006a9a400000,0x0000006a9a500000] [id=12820]
  0x0000017476181a00 WatcherThread [stack: 0x0000006a9af00000,0x0000006a9b000000] [id=592]
  0x0000017476158110 GCTaskThread "GC Thread#0" [stack: 0x0000006a99f00000,0x0000006a9a000000] [id=16144]
  0x00000174165c7d40 GCTaskThread "GC Thread#1" [stack: 0x0000006a9b500000,0x0000006a9b600000] [id=5480]
  0x00000174166af230 GCTaskThread "GC Thread#2" [stack: 0x0000006a9b600000,0x0000006a9b700000] [id=11684]
  0x00000174166af4e0 GCTaskThread "GC Thread#3" [stack: 0x0000006a9b700000,0x0000006a9b800000] [id=2820]
  0x00000174165d2ac0 GCTaskThread "GC Thread#4" [stack: 0x0000006a9b800000,0x0000006a9b900000] [id=11596]
  0x00000174165d2d70 GCTaskThread "GC Thread#5" [stack: 0x0000006a9b900000,0x0000006a9ba00000] [id=11744]
=>0x0000017416cb1530 GCTaskThread "GC Thread#6" [stack: 0x0000006a9bb00000,0x0000006a9bc00000] [id=2084]
  0x0000017416faad70 GCTaskThread "GC Thread#7" [stack: 0x0000006a9bc00000,0x0000006a9bd00000] [id=15256]
  0x000001741820dea0 GCTaskThread "GC Thread#8" [stack: 0x0000006a9bd00000,0x0000006a9be00000] [id=11688]
  0x00000174170f9b80 GCTaskThread "GC Thread#9" [stack: 0x0000006a9ba00000,0x0000006a9bb00000] [id=15476]
  0x0000017476168f10 ConcurrentGCThread "G1 Main Marker" [stack: 0x0000006a9a000000,0x0000006a9a100000] [id=1612]
  0x0000017476169920 ConcurrentGCThread "G1 Conc#0" [stack: 0x0000006a9a100000,0x0000006a9a200000] [id=15856]
  0x00000174182192a0 ConcurrentGCThread "G1 Conc#1" [stack: 0x0000006a9be00000,0x0000006a9bf00000] [id=14908]
  0x000001741844f440 ConcurrentGCThread "G1 Conc#2" [stack: 0x0000006a9bf00000,0x0000006a9c000000] [id=7552]
  0x000001747619ecf0 ConcurrentGCThread "G1 Refine#0" [stack: 0x0000006a9a200000,0x0000006a9a300000] [id=8612]
  0x000001741dbad4b0 ConcurrentGCThread "G1 Refine#1" [stack: 0x0000006a9da00000,0x0000006a9db00000] [id=11452]
  0x000001741dbacef0 ConcurrentGCThread "G1 Refine#2" [stack: 0x0000006a9db00000,0x0000006a9dc00000] [id=13076]
  0x000001741dbad790 ConcurrentGCThread "G1 Refine#3" [stack: 0x0000006a9dc00000,0x0000006a9dd00000] [id=5728]
  0x000001741dbadd50 ConcurrentGCThread "G1 Refine#4" [stack: 0x0000006a9dd00000,0x0000006a9de00000] [id=10896]
  0x000001747f59ec70 ConcurrentGCThread "G1 Service" [stack: 0x0000006a9a300000,0x0000006a9a400000] [id=14944]

Threads with active compile tasks:

VM state: at safepoint (normal execution)

VM Mutex/Monitor currently owned by a thread:  ([mutex/lock_event])
[0x00000174760ddd90] Threads_lock - owner thread: 0x0000017415828e70
[0x00000174760dd5b0] Heap_lock - owner thread: 0x0000017415bdb930

Heap address: 0x0000000701400000, size: 4076 MB, Compressed Oops mode: Zero based, Oop shift amount: 3

CDS archive(s) not mapped
Compressed class space mapped at: 0x0000000800000000-0x0000000840000000, reserved size: 1073741824
Narrow klass base: 0x0000000800000000, Narrow klass shift: 0, Narrow klass range: 0x40000000

GC Precious Log:
 CPUs: 12 total, 12 available
 Memory: 16301M
 Large Page Support: Disabled
 NUMA Support: Disabled
 Compressed Oops: Enabled (Zero based)
 Heap Region Size: 2M
 Heap Min Capacity: 8M
 Heap Initial Capacity: 256M
 Heap Max Capacity: 4076M
 Pre-touch: Disabled
 Parallel Workers: 10
 Concurrent Workers: 3
 Concurrent Refinement Workers: 10
 Periodic GC: Disabled

Heap:
 garbage-first heap   total 186368K, used 127813K [0x0000000701400000, 0x0000000800000000)
  region size 2048K, 40 young (81920K), 3 survivors (6144K)
 Metaspace       used 98267K, committed 99136K, reserved 1138688K
  class space    used 11905K, committed 12352K, reserved 1048576K

Heap Regions: E=young(eden), S=young(survivor), O=old, HS=humongous(starts), HC=humongous(continues), CS=collection set, F=free, OA=open archive, CA=closed archive, TAMS=top-at-mark-start (previous, next)
|   0|0x0000000701400000, 0x0000000701600000, 0x0000000701600000|100%| O|  |TAMS 0x0000000701600000, 0x0000000701400000| Untracked 
|   1|0x0000000701600000, 0x00000007017fffe0, 0x0000000701800000| 99%| O|  |TAMS 0x00000007017fffe0, 0x0000000701600000| Untracked 
|   2|0x0000000701800000, 0x0000000701a00000, 0x0000000701a00000|100%| O|  |TAMS 0x0000000701a00000, 0x0000000701800000| Untracked 
|   3|0x0000000701a00000, 0x0000000701bffff8, 0x0000000701c00000| 99%| O|  |TAMS 0x0000000701bffff8, 0x0000000701a00000| Untracked 
|   4|0x0000000701c00000, 0x0000000701dfffc8, 0x0000000701e00000| 99%| O|  |TAMS 0x0000000701dfffc8, 0x0000000701c00000| Untracked 
|   5|0x0000000701e00000, 0x0000000701fffff0, 0x0000000702000000| 99%| O|  |TAMS 0x0000000701fffff0, 0x0000000701e00000| Untracked 
|   6|0x0000000702000000, 0x00000007021ffff0, 0x0000000702200000| 99%| O|  |TAMS 0x00000007021ffff0, 0x0000000702000000| Untracked 
|   7|0x0000000702200000, 0x00000007023ffff0, 0x0000000702400000| 99%| O|  |TAMS 0x00000007023ffff0, 0x0000000702200000| Untracked 
|   8|0x0000000702400000, 0x00000007025fffd8, 0x0000000702600000| 99%| O|  |TAMS 0x00000007025fffd8, 0x0000000702400000| Untracked 
|   9|0x0000000702600000, 0x00000007027fffd0, 0x0000000702800000| 99%| O|  |TAMS 0x00000007027fffd0, 0x0000000702600000| Untracked 
|  10|0x0000000702800000, 0x00000007029f2d50, 0x0000000702a00000| 97%| O|  |TAMS 0x00000007029f2d50, 0x0000000702800000| Untracked 
|  11|0x0000000702a00000, 0x0000000702bfad20, 0x0000000702c00000| 98%| O|  |TAMS 0x0000000702a00000, 0x0000000702a00000| Untracked 
|  12|0x0000000702c00000, 0x0000000702dc0dc0, 0x0000000702e00000| 87%| O|  |TAMS 0x0000000702c00000, 0x0000000702c00000| Untracked 
|  13|0x0000000702e00000, 0x0000000702ffffe0, 0x0000000703000000| 99%| O|  |TAMS 0x0000000702e00000, 0x0000000702e00000| Untracked 
|  14|0x0000000703000000, 0x00000007031ffff8, 0x0000000703200000| 99%| O|  |TAMS 0x0000000703000000, 0x0000000703000000| Untracked 
|  15|0x0000000703200000, 0x00000007033e3f30, 0x0000000703400000| 94%| O|  |TAMS 0x0000000703200000, 0x0000000703200000| Untracked 
|  16|0x0000000703400000, 0x0000000703600000, 0x0000000703600000|100%| O|  |TAMS 0x0000000703400000, 0x0000000703400000| Untracked 
|  17|0x0000000703600000, 0x000000070368b258, 0x0000000703800000| 27%| O|  |TAMS 0x0000000703600000, 0x0000000703600000| Untracked 
|  18|0x0000000703800000, 0x0000000703a00000, 0x0000000703a00000|100%| O|  |TAMS 0x0000000703800000, 0x0000000703800000| Untracked 
|  19|0x0000000703a00000, 0x0000000703c00000, 0x0000000703c00000|100%| O|  |TAMS 0x0000000703a00000, 0x0000000703a00000| Untracked 
|  20|0x0000000703c00000, 0x0000000703e00000, 0x0000000703e00000|100%| O|  |TAMS 0x0000000703c00000, 0x0000000703c00000| Untracked 
|  21|0x0000000703e00000, 0x0000000703e1e5f0, 0x0000000704000000|  5%| O|  |TAMS 0x0000000703e00000, 0x0000000703e00000| Untracked 
|  22|0x0000000704000000, 0x0000000704200000, 0x0000000704200000|100%| O|  |TAMS 0x0000000704000000, 0x0000000704000000| Untracked 
|  23|0x0000000704200000, 0x0000000704400000, 0x0000000704400000|100%| O|  |TAMS 0x0000000704200000, 0x0000000704200000| Untracked 
|  24|0x0000000704400000, 0x000000070444ec70, 0x0000000704600000| 15%| O|  |TAMS 0x0000000704400000, 0x0000000704400000| Untracked 
|  25|0x0000000704600000, 0x000000070477a200, 0x0000000704800000| 73%| O|  |TAMS 0x0000000704600000, 0x0000000704600000| Untracked 
|  26|0x0000000704800000, 0x0000000704800000, 0x0000000704a00000|  0%| F|  |TAMS 0x0000000704800000, 0x0000000704800000| Untracked 
|  27|0x0000000704a00000, 0x0000000704a00000, 0x0000000704c00000|  0%| F|  |TAMS 0x0000000704a00000, 0x0000000704a00000| Untracked 
|  28|0x0000000704c00000, 0x0000000704c00000, 0x0000000704e00000|  0%| F|  |TAMS 0x0000000704c00000, 0x0000000704c00000| Untracked 
|  29|0x0000000704e00000, 0x0000000704e00000, 0x0000000705000000|  0%| F|  |TAMS 0x0000000704e00000, 0x0000000704e00000| Untracked 
|  30|0x0000000705000000, 0x0000000705000000, 0x0000000705200000|  0%| F|  |TAMS 0x0000000705000000, 0x0000000705000000| Untracked 
|  31|0x0000000705200000, 0x0000000705200000, 0x0000000705400000|  0%| F|  |TAMS 0x0000000705200000, 0x0000000705200000| Untracked 
|  32|0x0000000705400000, 0x0000000705400000, 0x0000000705600000|  0%| F|  |TAMS 0x0000000705400000, 0x0000000705400000| Untracked 
|  33|0x0000000705600000, 0x0000000705600000, 0x0000000705800000|  0%| F|  |TAMS 0x0000000705600000, 0x0000000705600000| Untracked 
|  34|0x0000000705800000, 0x0000000705800000, 0x0000000705a00000|  0%| F|  |TAMS 0x0000000705800000, 0x0000000705800000| Untracked 
|  35|0x0000000705a00000, 0x0000000705a00000, 0x0000000705c00000|  0%| F|  |TAMS 0x0000000705a00000, 0x0000000705a00000| Untracked 
|  36|0x0000000705c00000, 0x0000000705c00000, 0x0000000705e00000|  0%| F|  |TAMS 0x0000000705c00000, 0x0000000705c00000| Untracked 
|  37|0x0000000705e00000, 0x0000000705f13280, 0x0000000706000000| 53%| S|  |TAMS 0x0000000705e00000, 0x0000000705e00000| Complete 
|  38|0x0000000706000000, 0x0000000706200000, 0x0000000706200000|100%| S|  |TAMS 0x0000000706000000, 0x0000000706000000| Complete 
|  39|0x0000000706200000, 0x0000000706200000, 0x0000000706400000|  0%| F|  |TAMS 0x0000000706200000, 0x0000000706200000| Untracked 
|  40|0x0000000706400000, 0x0000000706400000, 0x0000000706600000|  0%| F|  |TAMS 0x0000000706400000, 0x0000000706400000| Untracked 
|  41|0x0000000706600000, 0x0000000706800000, 0x0000000706800000|100%| S|  |TAMS 0x0000000706600000, 0x0000000706600000| Complete 
|  42|0x0000000706800000, 0x0000000706800000, 0x0000000706a00000|  0%| F|  |TAMS 0x0000000706800000, 0x0000000706800000| Untracked 
|  43|0x0000000706a00000, 0x0000000706a00000, 0x0000000706c00000|  0%| F|  |TAMS 0x0000000706a00000, 0x0000000706a00000| Untracked 
|  44|0x0000000706c00000, 0x0000000706c00000, 0x0000000706e00000|  0%| F|  |TAMS 0x0000000706c00000, 0x0000000706c00000| Untracked 
|  45|0x0000000706e00000, 0x0000000706e00000, 0x0000000707000000|  0%| F|  |TAMS 0x0000000706e00000, 0x0000000706e00000| Untracked 
|  46|0x0000000707000000, 0x0000000707000000, 0x0000000707200000|  0%| F|  |TAMS 0x0000000707000000, 0x0000000707000000| Untracked 
|  47|0x0000000707200000, 0x0000000707200000, 0x0000000707400000|  0%| F|  |TAMS 0x0000000707200000, 0x0000000707200000| Untracked 
|  48|0x0000000707400000, 0x0000000707400000, 0x0000000707600000|  0%| F|  |TAMS 0x0000000707400000, 0x0000000707400000| Untracked 
|  49|0x0000000707600000, 0x0000000707600000, 0x0000000707800000|  0%| F|  |TAMS 0x0000000707600000, 0x0000000707600000| Untracked 
|  50|0x0000000707800000, 0x0000000707800000, 0x0000000707a00000|  0%| F|  |TAMS 0x0000000707800000, 0x0000000707800000| Untracked 
|  51|0x0000000707a00000, 0x0000000707a00000, 0x0000000707c00000|  0%| F|  |TAMS 0x0000000707a00000, 0x0000000707a00000| Untracked 
|  52|0x0000000707c00000, 0x0000000707c00000, 0x0000000707e00000|  0%| F|  |TAMS 0x0000000707c00000, 0x0000000707c00000| Untracked 
|  53|0x0000000707e00000, 0x0000000707e00000, 0x0000000708000000|  0%| F|  |TAMS 0x0000000707e00000, 0x0000000707e00000| Untracked 
|  54|0x0000000708000000, 0x00000007081b9600, 0x0000000708200000| 86%| E|  |TAMS 0x0000000708000000, 0x0000000708000000| Complete 
|  55|0x0000000708200000, 0x0000000708400000, 0x0000000708400000|100%| E|  |TAMS 0x0000000708200000, 0x0000000708200000| Complete 
|  56|0x0000000708400000, 0x0000000708600000, 0x0000000708600000|100%| E|  |TAMS 0x0000000708400000, 0x0000000708400000| Complete 
|  57|0x0000000708600000, 0x0000000708800000, 0x0000000708800000|100%| E|  |TAMS 0x0000000708600000, 0x0000000708600000| Complete 
|  58|0x0000000708800000, 0x0000000708a00000, 0x0000000708a00000|100%| E|  |TAMS 0x0000000708800000, 0x0000000708800000| Complete 
|  59|0x0000000708a00000, 0x0000000708c00000, 0x0000000708c00000|100%| E|  |TAMS 0x0000000708a00000, 0x0000000708a00000| Complete 
|  60|0x0000000708c00000, 0x0000000708e00000, 0x0000000708e00000|100%| E|  |TAMS 0x0000000708c00000, 0x0000000708c00000| Complete 
|  61|0x0000000708e00000, 0x0000000709000000, 0x0000000709000000|100%| E|  |TAMS 0x0000000708e00000, 0x0000000708e00000| Complete 
|  62|0x0000000709000000, 0x0000000709200000, 0x0000000709200000|100%| E|  |TAMS 0x0000000709000000, 0x0000000709000000| Complete 
|  63|0x0000000709200000, 0x0000000709400000, 0x0000000709400000|100%| E|  |TAMS 0x0000000709200000, 0x0000000709200000| Complete 
|  64|0x0000000709400000, 0x0000000709600000, 0x0000000709600000|100%| E|  |TAMS 0x0000000709400000, 0x0000000709400000| Complete 
|  65|0x0000000709600000, 0x0000000709800000, 0x0000000709800000|100%| E|  |TAMS 0x0000000709600000, 0x0000000709600000| Complete 
|  66|0x0000000709800000, 0x0000000709a00000, 0x0000000709a00000|100%| E|  |TAMS 0x0000000709800000, 0x0000000709800000| Complete 
|  67|0x0000000709a00000, 0x0000000709c00000, 0x0000000709c00000|100%| E|  |TAMS 0x0000000709a00000, 0x0000000709a00000| Complete 
|  68|0x0000000709c00000, 0x0000000709e00000, 0x0000000709e00000|100%| E|  |TAMS 0x0000000709c00000, 0x0000000709c00000| Complete 
|  69|0x0000000709e00000, 0x000000070a000000, 0x000000070a000000|100%| E|  |TAMS 0x0000000709e00000, 0x0000000709e00000| Complete 
|  70|0x000000070a000000, 0x000000070a200000, 0x000000070a200000|100%| E|  |TAMS 0x000000070a000000, 0x000000070a000000| Complete 
|  71|0x000000070a200000, 0x000000070a400000, 0x000000070a400000|100%| E|  |TAMS 0x000000070a200000, 0x000000070a200000| Complete 
|  72|0x000000070a400000, 0x000000070a600000, 0x000000070a600000|100%| E|  |TAMS 0x000000070a400000, 0x000000070a400000| Complete 
|  73|0x000000070a600000, 0x000000070a800000, 0x000000070a800000|100%| E|  |TAMS 0x000000070a600000, 0x000000070a600000| Complete 
|  74|0x000000070a800000, 0x000000070aa00000, 0x000000070aa00000|100%| E|  |TAMS 0x000000070a800000, 0x000000070a800000| Complete 
|  75|0x000000070aa00000, 0x000000070ac00000, 0x000000070ac00000|100%| E|  |TAMS 0x000000070aa00000, 0x000000070aa00000| Complete 
|  76|0x000000070ac00000, 0x000000070ae00000, 0x000000070ae00000|100%| E|  |TAMS 0x000000070ac00000, 0x000000070ac00000| Complete 
|  77|0x000000070ae00000, 0x000000070b000000, 0x000000070b000000|100%| E|  |TAMS 0x000000070ae00000, 0x000000070ae00000| Complete 
|  78|0x000000070b000000, 0x000000070b200000, 0x000000070b200000|100%| E|  |TAMS 0x000000070b000000, 0x000000070b000000| Complete 
|  79|0x000000070b200000, 0x000000070b400000, 0x000000070b400000|100%| E|  |TAMS 0x000000070b200000, 0x000000070b200000| Complete 
|  80|0x000000070b400000, 0x000000070b600000, 0x000000070b600000|100%| E|  |TAMS 0x000000070b400000, 0x000000070b400000| Complete 
|  81|0x000000070b600000, 0x000000070b800000, 0x000000070b800000|100%| E|  |TAMS 0x000000070b600000, 0x000000070b600000| Complete 
|  82|0x000000070b800000, 0x000000070ba00000, 0x000000070ba00000|100%| E|  |TAMS 0x000000070b800000, 0x000000070b800000| Complete 
|  83|0x000000070ba00000, 0x000000070bc00000, 0x000000070bc00000|100%| E|  |TAMS 0x000000070ba00000, 0x000000070ba00000| Complete 
|  84|0x000000070bc00000, 0x000000070be00000, 0x000000070be00000|100%| E|  |TAMS 0x000000070bc00000, 0x000000070bc00000| Complete 
|  85|0x000000070be00000, 0x000000070c000000, 0x000000070c000000|100%| E|  |TAMS 0x000000070be00000, 0x000000070be00000| Complete 
|  86|0x000000070c000000, 0x000000070c200000, 0x000000070c200000|100%| E|  |TAMS 0x000000070c000000, 0x000000070c000000| Complete 
|  87|0x000000070c200000, 0x000000070c400000, 0x000000070c400000|100%| E|  |TAMS 0x000000070c200000, 0x000000070c200000| Complete 
|  88|0x000000070c400000, 0x000000070c600000, 0x000000070c600000|100%| E|  |TAMS 0x000000070c400000, 0x000000070c400000| Complete 
|  89|0x000000070c600000, 0x000000070c800000, 0x000000070c800000|100%| E|  |TAMS 0x000000070c600000, 0x000000070c600000| Complete 
|  90|0x000000070c800000, 0x000000070ca00000, 0x000000070ca00000|100%| E|  |TAMS 0x000000070c800000, 0x000000070c800000| Complete 

Card table byte_map: [0x0000017479ab0000,0x000001747a2b0000] _byte_map_base: 0x00000174762a6000

Marking Bits (Prev, Next): (CMBitMap*) 0x0000017476158760, (CMBitMap*) 0x0000017476158720
 Prev Bits: [0x000001740f000000, 0x0000017412fb0000)
 Next Bits: [0x000001747aab0000, 0x000001747ea60000)

Polling page: 0x0000017473de0000

Metaspace:

Usage:
  Non-class:     84.34 MB used.
      Class:     11.63 MB used.
       Both:     95.96 MB used.

Virtual space:
  Non-class space:       88.00 MB reserved,      84.75 MB ( 96%) committed,  11 nodes.
      Class space:        1.00 GB reserved,      12.06 MB (  1%) committed,  1 nodes.
             Both:        1.09 GB reserved,      96.81 MB (  9%) committed. 

Chunk freelists:
   Non-Class:  2.32 MB
       Class:  3.94 MB
        Both:  6.26 MB

MaxMetaspaceSize: unlimited
CompressedClassSpaceSize: 1.00 GB
Initial GC threshold: 21.00 MB
Current GC threshold: 159.31 MB
CDS: off
MetaspaceReclaimPolicy: balanced
 - commit_granule_bytes: 65536.
 - commit_granule_words: 8192.
 - virtual_space_node_default_size: 1048576.
 - enlarge_chunks_in_place: 1.
 - new_chunks_are_fully_committed: 0.
 - uncommit_free_chunks: 1.
 - use_allocation_guard: 0.
 - handle_deallocations: 1.


Internal statistics:

num_allocs_failed_limit: 11.
num_arena_births: 1144.
num_arena_deaths: 50.
num_vsnodes_births: 12.
num_vsnodes_deaths: 0.
num_space_committed: 1549.
num_space_uncommitted: 0.
num_chunks_returned_to_freelist: 74.
num_chunks_taken_from_freelist: 4940.
num_chunk_merges: 11.
num_chunk_splits: 3239.
num_chunks_enlarged: 2218.
num_purges: 26.
num_inconsistent_stats: 0.

CodeHeap 'non-profiled nmethods': size=120000Kb used=13582Kb max_used=13582Kb free=106417Kb
 bounds [0x0000017407ad0000, 0x0000017408820000, 0x000001740f000000]
CodeHeap 'profiled nmethods': size=120000Kb used=24884Kb max_used=25957Kb free=95115Kb
 bounds [0x0000017400000000, 0x00000174019b0000, 0x0000017407530000]
CodeHeap 'non-nmethods': size=5760Kb used=1369Kb max_used=1516Kb free=4390Kb
 bounds [0x0000017407530000, 0x00000174077a0000, 0x0000017407ad0000]
 total_blobs=13930 nmethods=13230 adapters=611
 compilation: enabled
              stopped_count=0, restarted_count=0
 full_count=0

Compilation events (20 events):
Event: 950.970 Thread 0x0000017415858780 nmethod 17433 0x0000017400a56010 code [0x0000017400a561a0, 0x0000017400a562f8]
Event: 950.970 Thread 0x0000017415858780 17435   !   3       org.apache.catalina.startup.Tomcat$FixContextListener::lifecycleEvent (81 bytes)
Event: 950.971 Thread 0x0000017415857dd0 nmethod 17432 0x0000017408812d90 code [0x0000017408812f20, 0x0000017408813148]
Event: 950.971 Thread 0x0000017415857dd0 17434       4       java.lang.Exception::<init> (6 bytes)
Event: 950.971 Thread 0x0000017415858780 nmethod 17435 0x0000017400327490 code [0x0000017400327720, 0x0000017400328388]
Event: 950.971 Thread 0x0000017415858780 17438       3       ch.qos.logback.classic.spi.EventArgUtil::extractThrowable (32 bytes)
Event: 950.971 Thread 0x0000017415858780 nmethod 17438 0x0000017400df1910 code [0x0000017400df1ac0, 0x0000017400df1ed8]
Event: 950.971 Thread 0x0000017415858780 17436       3       org.apache.catalina.LifecycleEvent::getLifecycle (8 bytes)
Event: 950.971 Thread 0x0000017415858780 nmethod 17436 0x0000017400a76e90 code [0x0000017400a77020, 0x0000017400a772d8]
Event: 950.971 Thread 0x0000017415858780 17437       3       org.springframework.boot.autoconfigure.web.embedded.TomcatWebServerFactoryCustomizer::lambda$customizeStaticResources$30 (56 bytes)
Event: 950.972 Thread 0x0000017415858780 nmethod 17437 0x0000017400b0a690 code [0x0000017400b0a8e0, 0x0000017400b0b0f8]
Event: 950.972 Thread 0x0000017415858780 17439   !   3       sun.security.ssl.SSLSocketImpl::close (306 bytes)
Event: 950.974 Thread 0x0000017415857dd0 nmethod 17434 0x0000017408813310 code [0x00000174088134a0, 0x0000017408813878]
Event: 950.974 Thread 0x0000017415858780 nmethod 17439 0x000001740087dc10 code [0x000001740087de80, 0x000001740087e8e8]
Event: 950.974 Thread 0x0000017415858780 17441       3       java.lang.Integer::toString (8 bytes)
Event: 950.974 Thread 0x0000017415858780 nmethod 17441 0x0000017400ab5e90 code [0x0000017400ab6020, 0x0000017400ab6168]
Event: 950.974 Thread 0x0000017415858780 17440       3       sun.security.ssl.SSLSocketInputRecord::deplete (50 bytes)
Event: 950.974 Thread 0x0000017415858780 nmethod 17440 0x0000017400799590 code [0x0000017400799780, 0x0000017400799cf8]
Event: 950.974 Thread 0x0000017415858780 17442       3       javax.crypto.ShortBufferException::<init> (6 bytes)
Event: 950.974 Thread 0x0000017415858780 nmethod 17442 0x000001740107f490 code [0x000001740107f640, 0x000001740107f848]

GC Heap History (20 events):
Event: 720.521 GC heap after
{Heap after GC invocations=103 (full 12):
 garbage-first heap   total 122880K, used 38974K [0x0000000701400000, 0x0000000800000000)
  region size 2048K, 2 young (4096K), 2 survivors (4096K)
 Metaspace       used 96687K, committed 97600K, reserved 1138688K
  class space    used 11795K, committed 12224K, reserved 1048576K
}
Event: 720.601 GC heap before
{Heap before GC invocations=103 (full 12):
 garbage-first heap   total 122880K, used 90174K [0x0000000701400000, 0x0000000800000000)
  region size 2048K, 28 young (57344K), 2 survivors (4096K)
 Metaspace       used 96784K, committed 97600K, reserved 1138688K
  class space    used 11799K, committed 12224K, reserved 1048576K
}
Event: 720.605 GC heap after
{Heap after GC invocations=104 (full 12):
 garbage-first heap   total 122880K, used 46994K [0x0000000701400000, 0x0000000800000000)
  region size 2048K, 4 young (8192K), 4 survivors (8192K)
 Metaspace       used 96784K, committed 97600K, reserved 1138688K
  class space    used 11799K, committed 12224K, reserved 1048576K
}
Event: 720.650 GC heap before
{Heap before GC invocations=104 (full 12):
 garbage-first heap   total 122880K, used 90002K [0x0000000701400000, 0x0000000800000000)
  region size 2048K, 26 young (53248K), 4 survivors (8192K)
 Metaspace       used 96794K, committed 97600K, reserved 1138688K
  class space    used 11799K, committed 12224K, reserved 1048576K
}
Event: 720.652 GC heap after
{Heap after GC invocations=105 (full 12):
 garbage-first heap   total 153600K, used 50171K [0x0000000701400000, 0x0000000800000000)
  region size 2048K, 2 young (4096K), 2 survivors (4096K)
 Metaspace       used 96794K, committed 97600K, reserved 1138688K
  class space    used 11799K, committed 12224K, reserved 1048576K
}
Event: 720.706 GC heap before
{Heap before GC invocations=105 (full 12):
 garbage-first heap   total 153600K, used 107515K [0x0000000701400000, 0x0000000800000000)
  region size 2048K, 31 young (63488K), 2 survivors (4096K)
 Metaspace       used 96805K, committed 97600K, reserved 1138688K
  class space    used 11799K, committed 12224K, reserved 1048576K
}
Event: 720.708 GC heap after
{Heap after GC invocations=106 (full 12):
 garbage-first heap   total 153600K, used 53532K [0x0000000701400000, 0x0000000800000000)
  region size 2048K, 4 young (8192K), 4 survivors (8192K)
 Metaspace       used 96805K, committed 97600K, reserved 1138688K
  class space    used 11799K, committed 12224K, reserved 1048576K
}
Event: 745.847 GC heap before
{Heap before GC invocations=106 (full 12):
 garbage-first heap   total 153600K, used 98588K [0x0000000701400000, 0x0000000800000000)
  region size 2048K, 27 young (55296K), 4 survivors (8192K)
 Metaspace       used 96961K, committed 97856K, reserved 1138688K
  class space    used 11810K, committed 12288K, reserved 1048576K
}
Event: 745.884 GC heap after
{Heap after GC invocations=107 (full 13):
 garbage-first heap   total 131072K, used 33322K [0x0000000701400000, 0x0000000800000000)
  region size 2048K, 0 young (0K), 0 survivors (0K)
 Metaspace       used 96955K, committed 97856K, reserved 1138688K
  class space    used 11808K, committed 12288K, reserved 1048576K
}
Event: 746.129 GC heap before
{Heap before GC invocations=107 (full 13):
 garbage-first heap   total 131072K, used 90666K [0x0000000701400000, 0x0000000800000000)
  region size 2048K, 28 young (57344K), 0 survivors (0K)
 Metaspace       used 97389K, committed 98240K, reserved 1138688K
  class space    used 11844K, committed 12288K, reserved 1048576K
}
Event: 746.131 GC heap after
{Heap after GC invocations=108 (full 13):
 garbage-first heap   total 131072K, used 38064K [0x0000000701400000, 0x0000000800000000)
  region size 2048K, 3 young (6144K), 3 survivors (6144K)
 Metaspace       used 97389K, committed 98240K, reserved 1138688K
  class space    used 11844K, committed 12288K, reserved 1048576K
}
Event: 746.241 GC heap before
{Heap before GC invocations=108 (full 13):
 garbage-first heap   total 131072K, used 93360K [0x0000000701400000, 0x0000000800000000)
  region size 2048K, 30 young (61440K), 3 survivors (6144K)
 Metaspace       used 97891K, committed 98752K, reserved 1138688K
  class space    used 11879K, committed 12352K, reserved 1048576K
}
Event: 746.243 GC heap after
{Heap after GC invocations=109 (full 13):
 garbage-first heap   total 131072K, used 39694K [0x0000000701400000, 0x0000000800000000)
  region size 2048K, 2 young (4096K), 2 survivors (4096K)
 Metaspace       used 97891K, committed 98752K, reserved 1138688K
  class space    used 11879K, committed 12352K, reserved 1048576K
}
Event: 746.336 GC heap before
{Heap before GC invocations=109 (full 13):
 garbage-first heap   total 131072K, used 92942K [0x0000000701400000, 0x0000000800000000)
  region size 2048K, 29 young (59392K), 2 survivors (4096K)
 Metaspace       used 97966K, committed 98816K, reserved 1138688K
  class space    used 11882K, committed 12352K, reserved 1048576K
}
Event: 746.339 GC heap after
{Heap after GC invocations=110 (full 13):
 garbage-first heap   total 131072K, used 47100K [0x0000000701400000, 0x0000000800000000)
  region size 2048K, 4 young (8192K), 4 survivors (8192K)
 Metaspace       used 97966K, committed 98816K, reserved 1138688K
  class space    used 11882K, committed 12352K, reserved 1048576K
}
Event: 746.391 GC heap before
{Heap before GC invocations=110 (full 13):
 garbage-first heap   total 131072K, used 94204K [0x0000000701400000, 0x0000000800000000)
  region size 2048K, 27 young (55296K), 4 survivors (8192K)
 Metaspace       used 97971K, committed 98816K, reserved 1138688K
  class space    used 11882K, committed 12352K, reserved 1048576K
}
Event: 746.395 GC heap after
{Heap after GC invocations=111 (full 13):
 garbage-first heap   total 131072K, used 50647K [0x0000000701400000, 0x0000000800000000)
  region size 2048K, 2 young (4096K), 2 survivors (4096K)
 Metaspace       used 97971K, committed 98816K, reserved 1138688K
  class space    used 11882K, committed 12352K, reserved 1048576K
}
Event: 746.439 GC heap before
{Heap before GC invocations=111 (full 13):
 garbage-first heap   total 131072K, used 93655K [0x0000000701400000, 0x0000000800000000)
  region size 2048K, 24 young (49152K), 2 survivors (4096K)
 Metaspace       used 97975K, committed 98816K, reserved 1138688K
  class space    used 11882K, committed 12352K, reserved 1048576K
}
Event: 746.441 GC heap after
{Heap after GC invocations=112 (full 13):
 garbage-first heap   total 186368K, used 52319K [0x0000000701400000, 0x0000000800000000)
  region size 2048K, 3 young (6144K), 3 survivors (6144K)
 Metaspace       used 97975K, committed 98816K, reserved 1138688K
  class space    used 11882K, committed 12352K, reserved 1048576K
}
Event: 950.975 GC heap before
{Heap before GC invocations=112 (full 13):
 garbage-first heap   total 186368K, used 123999K [0x0000000701400000, 0x0000000800000000)
  region size 2048K, 40 young (81920K), 3 survivors (6144K)
 Metaspace       used 98267K, committed 99136K, reserved 1138688K
  class space    used 11905K, committed 12352K, reserved 1048576K
}

Dll operation events (9 events):
Event: 0.007 Loaded shared library C:\Users\Administrator\.vscode\extensions\redhat.java-1.15.0-win32-x64\jre\17.0.6-win32-x86_64\bin\java.dll
Event: 0.095 Loaded shared library C:\Users\Administrator\.vscode\extensions\redhat.java-1.15.0-win32-x64\jre\17.0.6-win32-x86_64\bin\net.dll
Event: 0.096 Loaded shared library C:\Users\Administrator\.vscode\extensions\redhat.java-1.15.0-win32-x64\jre\17.0.6-win32-x86_64\bin\nio.dll
Event: 0.101 Loaded shared library C:\Users\Administrator\.vscode\extensions\redhat.java-1.15.0-win32-x64\jre\17.0.6-win32-x86_64\bin\zip.dll
Event: 0.165 Loaded shared library C:\Users\Administrator\.vscode\extensions\redhat.java-1.15.0-win32-x64\jre\17.0.6-win32-x86_64\bin\jimage.dll
Event: 0.326 Loaded shared library C:\Users\Administrator\.vscode\extensions\redhat.java-1.15.0-win32-x64\jre\17.0.6-win32-x86_64\bin\management.dll
Event: 0.327 Loaded shared library C:\Users\Administrator\.vscode\extensions\redhat.java-1.15.0-win32-x64\jre\17.0.6-win32-x86_64\bin\management_ext.dll
Event: 0.632 Loaded shared library C:\Users\Administrator\.vscode\extensions\redhat.java-1.15.0-win32-x64\jre\17.0.6-win32-x86_64\bin\verify.dll
Event: 1.839 Loaded shared library C:\Users\Administrator\.vscode\extensions\redhat.java-1.15.0-win32-x64\jre\17.0.6-win32-x86_64\bin\sunmscapi.dll

Deoptimization events (20 events):
Event: 720.384 Thread 0x0000017415bd92b0 DEOPT PACKING pc=0x000001740877b2a4 sp=0x0000006a9b1fc270
Event: 720.384 Thread 0x0000017415bd92b0 DEOPT UNPACKING pc=0x00000174075869a3 sp=0x0000006a9b1fc220 mode 2
Event: 720.451 Thread 0x0000017415bd92b0 DEOPT PACKING pc=0x00000174007f1b7a sp=0x0000006a9b1fb990
Event: 720.451 Thread 0x0000017415bd92b0 DEOPT UNPACKING pc=0x0000017407587143 sp=0x0000006a9b1fae68 mode 0
Event: 720.484 Thread 0x0000017415bd7aa0 DEOPT PACKING pc=0x00000174001ae5e6 sp=0x0000006a9c2fe2c0
Event: 720.484 Thread 0x0000017415bd7aa0 DEOPT UNPACKING pc=0x0000017407587143 sp=0x0000006a9c2fd7d0 mode 0
Event: 745.928 Thread 0x0000017415bdcc70 DEOPT PACKING pc=0x0000017400f58736 sp=0x0000006a9b1fe0a0
Event: 745.928 Thread 0x0000017415bdcc70 DEOPT UNPACKING pc=0x0000017407587143 sp=0x0000006a9b1fd558 mode 0
Event: 746.084 Thread 0x0000017415bdcc70 DEOPT PACKING pc=0x0000017400aac18b sp=0x0000006a9b1fba60
Event: 746.084 Thread 0x0000017415bdcc70 DEOPT UNPACKING pc=0x0000017407587143 sp=0x0000006a9b1faf18 mode 0
Event: 746.224 Thread 0x0000017415bdcc70 DEOPT PACKING pc=0x0000017400e1b8e0 sp=0x0000006a9b1fc030
Event: 746.224 Thread 0x0000017415bdcc70 DEOPT UNPACKING pc=0x0000017407587143 sp=0x0000006a9b1fb530 mode 0
Event: 746.346 Thread 0x0000017415bdd610 DEOPT PACKING pc=0x00000174003bc4d5 sp=0x0000006a9c5fd850
Event: 746.346 Thread 0x0000017415bdd610 DEOPT UNPACKING pc=0x0000017407587143 sp=0x0000006a9c5fccd8 mode 0
Event: 746.404 Thread 0x0000017415bdd610 DEOPT PACKING pc=0x000001740146f446 sp=0x0000006a9c5fdeb0
Event: 746.404 Thread 0x0000017415bdd610 DEOPT UNPACKING pc=0x0000017407587143 sp=0x0000006a9c5fd3a8 mode 0
Event: 760.785 Thread 0x0000017415bdb460 Uncommon trap: trap_request=0xffffff45 fr.pc=0x00000174086f2658 relative=0x00000000000001b8
Event: 760.785 Thread 0x0000017415bdb460 Uncommon trap: reason=unstable_if action=reinterpret pc=0x00000174086f2658 method=java.lang.Module.getLayer()Ljava/lang/ModuleLayer; @ 22 c2
Event: 760.785 Thread 0x0000017415bdb460 DEOPT PACKING pc=0x00000174086f2658 sp=0x0000006a9cafdf90
Event: 760.785 Thread 0x0000017415bdb460 DEOPT UNPACKING pc=0x00000174075869a3 sp=0x0000006a9cafdf20 mode 2

Classes unloaded (20 events):
Event: 232.418 Thread 0x0000017415828e70 Unloading class 0x0000000800b04c00 'jdk/internal/reflect/GeneratedSerializationConstructorAccessor4'
Event: 232.418 Thread 0x0000017415828e70 Unloading class 0x0000000800af1800 'org/apache/catalina/loader/JdbcLeakPrevention'
Event: 262.296 Thread 0x0000017415828e70 Unloading class 0x0000000800b20800 'jdk/internal/reflect/GeneratedSerializationConstructorAccessor5'
Event: 262.296 Thread 0x0000017415828e70 Unloading class 0x0000000800b14000 'org/apache/catalina/loader/JdbcLeakPrevention'
Event: 374.192 Thread 0x0000017415828e70 Unloading class 0x0000000800b3c800 'jdk/internal/reflect/GeneratedSerializationConstructorAccessor6'
Event: 374.192 Thread 0x0000017415828e70 Unloading class 0x0000000800b21400 'org/apache/catalina/loader/JdbcLeakPrevention'
Event: 594.445 Thread 0x0000017415828e70 Unloading class 0x0000000800b58400 'jdk/internal/reflect/GeneratedSerializationConstructorAccessor7'
Event: 594.445 Thread 0x0000017415828e70 Unloading class 0x0000000800b48000 'org/apache/catalina/loader/JdbcLeakPrevention'
Event: 615.089 Thread 0x0000017415828e70 Unloading class 0x0000000800b74000 'jdk/internal/reflect/GeneratedSerializationConstructorAccessor8'
Event: 615.089 Thread 0x0000017415828e70 Unloading class 0x0000000800b58c00 'org/apache/catalina/loader/JdbcLeakPrevention'
Event: 699.209 Thread 0x0000017415828e70 Unloading class 0x0000000800b8c400 'jdk/internal/reflect/GeneratedSerializationConstructorAccessor9'
Event: 699.209 Thread 0x0000017415828e70 Unloading class 0x0000000800b7c000 'org/apache/catalina/loader/JdbcLeakPrevention'
Event: 715.681 Thread 0x0000017415828e70 Unloading class 0x0000000800ba8400 'jdk/internal/reflect/GeneratedSerializationConstructorAccessor10'
Event: 715.681 Thread 0x0000017415828e70 Unloading class 0x0000000800b98000 'org/apache/catalina/loader/JdbcLeakPrevention'
Event: 717.806 Thread 0x0000017415828e70 Unloading class 0x0000000800bbc400 'jdk/internal/reflect/GeneratedSerializationConstructorAccessor11'
Event: 717.806 Thread 0x0000017415828e70 Unloading class 0x0000000800ba8c00 'org/apache/catalina/loader/JdbcLeakPrevention'
Event: 720.062 Thread 0x0000017415828e70 Unloading class 0x0000000800bd4400 'jdk/internal/reflect/GeneratedSerializationConstructorAccessor12'
Event: 720.062 Thread 0x0000017415828e70 Unloading class 0x0000000800bbcc00 'org/apache/catalina/loader/JdbcLeakPrevention'
Event: 745.859 Thread 0x0000017415828e70 Unloading class 0x0000000800bec400 'jdk/internal/reflect/GeneratedSerializationConstructorAccessor13'
Event: 745.859 Thread 0x0000017415828e70 Unloading class 0x0000000800bd4c00 'org/apache/catalina/loader/JdbcLeakPrevention'

Classes redefined (0 events):
No events

Internal exceptions (20 events):
Event: 746.435 Thread 0x0000017415bdc2d0 Exception <a 'sun/nio/fs/WindowsException'{0x0000000706e86260}> (0x0000000706e86260) 
thrown [s\src\hotspot\share\prims\jni.cpp, line 516]
Event: 746.435 Thread 0x0000017415bdc2d0 Exception <a 'sun/nio/fs/WindowsException'{0x0000000706e86490}> (0x0000000706e86490) 
thrown [s\src\hotspot\share\prims\jni.cpp, line 516]
Event: 746.435 Thread 0x0000017415bdaf90 Exception <a 'sun/nio/fs/WindowsException'{0x0000000706e74c38}> (0x0000000706e74c38) 
thrown [s\src\hotspot\share\prims\jni.cpp, line 516]
Event: 746.435 Thread 0x0000017415bd6290 Exception <a 'sun/nio/fs/WindowsException'{0x0000000706e979b8}> (0x0000000706e979b8) 
thrown [s\src\hotspot\share\prims\jni.cpp, line 516]
Event: 746.435 Thread 0x0000017415bdaf90 Exception <a 'sun/nio/fs/WindowsException'{0x0000000706e74e68}> (0x0000000706e74e68) 
thrown [s\src\hotspot\share\prims\jni.cpp, line 516]
Event: 746.435 Thread 0x0000017415bd6290 Exception <a 'sun/nio/fs/WindowsException'{0x0000000706e97bf8}> (0x0000000706e97bf8) 
thrown [s\src\hotspot\share\prims\jni.cpp, line 516]
Event: 746.435 Thread 0x0000017415bdc2d0 Exception <a 'sun/nio/fs/WindowsException'{0x0000000706e86d18}> (0x0000000706e86d18) 
thrown [s\src\hotspot\share\prims\jni.cpp, line 516]
Event: 746.435 Thread 0x0000017415bdaf90 Exception <a 'sun/nio/fs/WindowsException'{0x0000000706e756f0}> (0x0000000706e756f0) 
thrown [s\src\hotspot\share\prims\jni.cpp, line 516]
Event: 746.435 Thread 0x0000017415bdc2d0 Exception <a 'sun/nio/fs/WindowsException'{0x0000000706e86f48}> (0x0000000706e86f48) 
thrown [s\src\hotspot\share\prims\jni.cpp, line 516]
Event: 746.435 Thread 0x0000017415bdaf90 Exception <a 'sun/nio/fs/WindowsException'{0x0000000706e75920}> (0x0000000706e75920) 
thrown [s\src\hotspot\share\prims\jni.cpp, line 516]
Event: 746.435 Thread 0x0000017415bd6290 Exception <a 'sun/nio/fs/WindowsException'{0x0000000706e98480}> (0x0000000706e98480) 
thrown [s\src\hotspot\share\prims\jni.cpp, line 516]
Event: 746.435 Thread 0x0000017415bd6290 Exception <a 'sun/nio/fs/WindowsException'{0x0000000706e986c0}> (0x0000000706e986c0) 
thrown [s\src\hotspot\share\prims\jni.cpp, line 516]
Event: 760.784 Thread 0x0000017415bdb460 Exception <a 'java/lang/reflect/InvocationTargetException'{0x000000070911ca70}> (0x000000070911ca70) 
thrown [s\src\hotspot\share\runtime\reflection.cpp, line 1121]
Event: 760.784 Thread 0x0000017415bdb460 Exception <a 'java/lang/reflect/InvocationTargetException'{0x000000070911cfe8}> (0x000000070911cfe8) 
thrown [s\src\hotspot\share\runtime\reflection.cpp, line 1121]
Event: 950.970 Thread 0x0000017415bd92b0 Exception <a 'java/lang/InterruptedException'{0x0000000708164188}: sleep interrupted> (0x0000000708164188) 
thrown [s\src\hotspot\share\prims\jvm.cpp, line 3070]
Event: 950.972 Thread 0x0000017415bda5f0 Exception <a 'java/net/SocketException'{0x000000070818b728}: Connection reset by peer: shutdown> (0x000000070818b728) 
thrown [s\src\hotspot\share\prims\jni.cpp, line 535]
Event: 950.973 Thread 0x0000017415bda5f0 Exception <a 'java/io/IOException'{0x0000000708196a78}> (0x0000000708196a78) 
thrown [s\src\hotspot\share\prims\jni.cpp, line 516]
Event: 950.974 Thread 0x0000017415bda5f0 Exception <a 'java/net/SocketException'{0x000000070819e2b8}: Connection reset by peer: shutdown> (0x000000070819e2b8) 
thrown [s\src\hotspot\share\prims\jni.cpp, line 535]
Event: 950.974 Thread 0x0000017415bda5f0 Exception <a 'java/io/IOException'{0x000000070819f7c8}> (0x000000070819f7c8) 
thrown [s\src\hotspot\share\prims\jni.cpp, line 516]
Event: 950.974 Thread 0x0000017415bda5f0 Exception <a 'java/io/IOException'{0x00000007081a0478}> (0x00000007081a0478) 
thrown [s\src\hotspot\share\prims\jni.cpp, line 516]

VM Operations (20 events):
Event: 721.719 Executing VM operation: Cleanup done
Event: 745.847 Executing VM operation: G1CollectFull
Event: 745.884 Executing VM operation: G1CollectFull done
Event: 746.129 Executing VM operation: G1CollectForAllocation
Event: 746.131 Executing VM operation: G1CollectForAllocation done
Event: 746.241 Executing VM operation: G1CollectForAllocation
Event: 746.243 Executing VM operation: G1CollectForAllocation done
Event: 746.336 Executing VM operation: G1CollectForAllocation
Event: 746.339 Executing VM operation: G1CollectForAllocation done
Event: 746.391 Executing VM operation: G1CollectForAllocation
Event: 746.395 Executing VM operation: G1CollectForAllocation done
Event: 746.439 Executing VM operation: G1CollectForAllocation
Event: 746.441 Executing VM operation: G1CollectForAllocation done
Event: 747.453 Executing VM operation: Cleanup
Event: 747.453 Executing VM operation: Cleanup done
Event: 751.480 Executing VM operation: Cleanup
Event: 751.481 Executing VM operation: Cleanup done
Event: 761.551 Executing VM operation: Cleanup
Event: 761.551 Executing VM operation: Cleanup done
Event: 950.975 Executing VM operation: G1CollectFull

Events (20 events):
Event: 950.950 Thread 0x0000017415bdb930 Thread added: 0x0000017415bdb930
Event: 950.950 Thread 0x0000017415bdaf90 Thread exited: 0x0000017415bdaf90
Event: 950.966 Thread 0x0000017415bd8440 Thread exited: 0x0000017415bd8440
Event: 950.969 Thread 0x0000017415bd7f70 Thread exited: 0x0000017415bd7f70
Event: 950.970 Thread 0x0000017415bd7100 Thread exited: 0x0000017415bd7100
Event: 950.970 Thread 0x0000017415bddae0 Thread exited: 0x0000017415bddae0
Event: 950.970 Thread 0x0000017415bd6c30 Thread exited: 0x0000017415bd6c30
Event: 950.970 Thread 0x0000017415bd6290 Thread exited: 0x0000017415bd6290
Event: 950.970 Thread 0x0000017415bdc2d0 Thread exited: 0x0000017415bdc2d0
Event: 950.970 Thread 0x0000017415bd75d0 Thread exited: 0x0000017415bd75d0
Event: 950.970 Thread 0x0000017415bd6760 Thread exited: 0x0000017415bd6760
Event: 950.970 Thread 0x0000017415bd8910 Thread exited: 0x0000017415bd8910
Event: 950.970 Thread 0x0000017415bd7aa0 Thread exited: 0x0000017415bd7aa0
Event: 950.970 Thread 0x0000017415bdb460 Thread exited: 0x0000017415bdb460
Event: 950.970 Thread 0x0000017415bd92b0 Thread exited: 0x0000017415bd92b0
Event: 950.970 Thread 0x0000017415bdd140 Thread exited: 0x0000017415bdd140
Event: 950.970 Thread 0x0000017415bda5f0 Thread exited: 0x0000017415bda5f0
Event: 950.971 Thread 0x0000017415bda5f0 Thread added: 0x0000017415bda5f0
Event: 950.971 Thread 0x0000017415bd9780 Thread exited: 0x0000017415bd9780
Event: 950.974 Thread 0x0000017415bda5f0 Thread exited: 0x0000017415bda5f0


Dynamic libraries:
0x00007ff6def90000 - 0x00007ff6def9e000 	C:\Users\Administrator\.vscode\extensions\redhat.java-1.15.0-win32-x64\jre\17.0.6-win32-x86_64\bin\java.exe
0x00007ffbc2bf0000 - 0x00007ffbc2de8000 	C:\Windows\SYSTEM32\ntdll.dll
0x00007ffbc2570000 - 0x00007ffbc262f000 	C:\Windows\System32\KERNEL32.DLL
0x00007ffbc0310000 - 0x00007ffbc05e2000 	C:\Windows\System32\KERNELBASE.dll
0x00007ffbc0ae0000 - 0x00007ffbc0be0000 	C:\Windows\System32\ucrtbase.dll
0x00007ffb87f90000 - 0x00007ffb87fa7000 	C:\Users\Administrator\.vscode\extensions\redhat.java-1.15.0-win32-x64\jre\17.0.6-win32-x86_64\bin\jli.dll
0x00007ffb87fb0000 - 0x00007ffb87fc9000 	C:\Users\Administrator\.vscode\extensions\redhat.java-1.15.0-win32-x64\jre\17.0.6-win32-x86_64\bin\VCRUNTIME140.dll
0x00007ffbc0c30000 - 0x00007ffbc0dd1000 	C:\Windows\System32\USER32.dll
0x00007ffbc02e0000 - 0x00007ffbc0302000 	C:\Windows\System32\win32u.dll
0x00007ffbc14d0000 - 0x00007ffbc14fb000 	C:\Windows\System32\GDI32.dll
0x00007ffbc0710000 - 0x00007ffbc081f000 	C:\Windows\System32\gdi32full.dll
0x00007ffbc0a40000 - 0x00007ffbc0add000 	C:\Windows\System32\msvcp_win.dll
0x00007ffbaebc0000 - 0x00007ffbaee5a000 	C:\Windows\WinSxS\amd64_microsoft.windows.common-controls_6595b64144ccf1df_6.0.19041.1110_none_60b5254171f9507e\COMCTL32.dll
0x00007ffbc2a20000 - 0x00007ffbc2abe000 	C:\Windows\System32\msvcrt.dll
0x00007ffbc2ac0000 - 0x00007ffbc2af2000 	C:\Windows\System32\IMM32.DLL
0x00007ffba9520000 - 0x00007ffba952c000 	C:\Users\Administrator\.vscode\extensions\redhat.java-1.15.0-win32-x64\jre\17.0.6-win32-x86_64\bin\vcruntime140_1.dll
0x00007ffb85110000 - 0x00007ffb851a1000 	C:\Users\Administrator\.vscode\extensions\redhat.java-1.15.0-win32-x64\jre\17.0.6-win32-x86_64\bin\msvcp140.dll
0x00007ffb844c0000 - 0x00007ffb85107000 	C:\Users\Administrator\.vscode\extensions\redhat.java-1.15.0-win32-x64\jre\17.0.6-win32-x86_64\bin\server\jvm.dll
0x00007ffbc1370000 - 0x00007ffbc141e000 	C:\Windows\System32\ADVAPI32.dll
0x00007ffbc1d50000 - 0x00007ffbc1dec000 	C:\Windows\System32\sechost.dll
0x00007ffbc0de0000 - 0x00007ffbc0f05000 	C:\Windows\System32\RPCRT4.dll
0x00007ffbabe40000 - 0x00007ffbabe49000 	C:\Windows\SYSTEM32\WSOCK32.dll
0x00007ffbc1500000 - 0x00007ffbc156b000 	C:\Windows\System32\WS2_32.dll
0x00007ffbb9150000 - 0x00007ffbb9177000 	C:\Windows\SYSTEM32\WINMM.dll
0x00007ffbbb240000 - 0x00007ffbbb24a000 	C:\Windows\SYSTEM32\VERSION.dll
0x00007ffbbe1c0000 - 0x00007ffbbe1d2000 	C:\Windows\SYSTEM32\kernel.appcore.dll
0x00007ffba7fa0000 - 0x00007ffba7faa000 	C:\Users\Administrator\.vscode\extensions\redhat.java-1.15.0-win32-x64\jre\17.0.6-win32-x86_64\bin\jimage.dll
0x00007ffbba590000 - 0x00007ffbba774000 	C:\Windows\SYSTEM32\DBGHELP.DLL
0x00007ffbba480000 - 0x00007ffbba4b5000 	C:\Windows\SYSTEM32\dbgcore.DLL
0x00007ffbc0850000 - 0x00007ffbc08d2000 	C:\Windows\System32\bcryptPrimitives.dll
0x00007ffb84450000 - 0x00007ffb84475000 	C:\Users\Administrator\.vscode\extensions\redhat.java-1.15.0-win32-x64\jre\17.0.6-win32-x86_64\bin\java.dll
0x00007ffb84430000 - 0x00007ffb84448000 	C:\Users\Administrator\.vscode\extensions\redhat.java-1.15.0-win32-x64\jre\17.0.6-win32-x86_64\bin\zip.dll
0x00007ffbc1e00000 - 0x00007ffbc2545000 	C:\Windows\System32\SHELL32.dll
0x00007ffbbe3c0000 - 0x00007ffbbeb52000 	C:\Windows\SYSTEM32\windows.storage.dll
0x00007ffbc2630000 - 0x00007ffbc2985000 	C:\Windows\System32\combase.dll
0x00007ffbbfd40000 - 0x00007ffbbfd70000 	C:\Windows\SYSTEM32\Wldp.dll
0x00007ffbc2b00000 - 0x00007ffbc2bad000 	C:\Windows\System32\SHCORE.dll
0x00007ffbc1cf0000 - 0x00007ffbc1d45000 	C:\Windows\System32\shlwapi.dll
0x00007ffbc0220000 - 0x00007ffbc023f000 	C:\Windows\SYSTEM32\profapi.dll
0x00007ffb84410000 - 0x00007ffb84429000 	C:\Users\Administrator\.vscode\extensions\redhat.java-1.15.0-win32-x64\jre\17.0.6-win32-x86_64\bin\net.dll
0x00007ffbbb810000 - 0x00007ffbbb91c000 	C:\Windows\SYSTEM32\WINHTTP.dll
0x00007ffbbfaa0000 - 0x00007ffbbfb0a000 	C:\Windows\system32\mswsock.dll
0x00007ffb843f0000 - 0x00007ffb84405000 	C:\Users\Administrator\.vscode\extensions\redhat.java-1.15.0-win32-x64\jre\17.0.6-win32-x86_64\bin\nio.dll
0x00007ffba0520000 - 0x00007ffba0529000 	C:\Users\Administrator\.vscode\extensions\redhat.java-1.15.0-win32-x64\jre\17.0.6-win32-x86_64\bin\management.dll
0x00007ffb9fa80000 - 0x00007ffb9fa8b000 	C:\Users\Administrator\.vscode\extensions\redhat.java-1.15.0-win32-x64\jre\17.0.6-win32-x86_64\bin\management_ext.dll
0x00007ffbc1df0000 - 0x00007ffbc1df8000 	C:\Windows\System32\PSAPI.DLL
0x00007ffba6dd0000 - 0x00007ffba6de0000 	C:\Users\Administrator\.vscode\extensions\redhat.java-1.15.0-win32-x64\jre\17.0.6-win32-x86_64\bin\verify.dll
0x00007ffbbfc90000 - 0x00007ffbbfca8000 	C:\Windows\SYSTEM32\CRYPTSP.dll
0x00007ffbbf350000 - 0x00007ffbbf384000 	C:\Windows\system32\rsaenh.dll
0x00007ffbc0820000 - 0x00007ffbc0847000 	C:\Windows\System32\bcrypt.dll
0x00007ffbc01e0000 - 0x00007ffbc020e000 	C:\Windows\SYSTEM32\USERENV.dll
0x00007ffbbfcb0000 - 0x00007ffbbfcbc000 	C:\Windows\SYSTEM32\CRYPTBASE.dll
0x00007ffbbf740000 - 0x00007ffbbf77b000 	C:\Windows\SYSTEM32\IPHLPAPI.DLL
0x00007ffbc1870000 - 0x00007ffbc1878000 	C:\Windows\System32\NSI.dll
0x00007ffbba4c0000 - 0x00007ffbba4d7000 	C:\Windows\SYSTEM32\dhcpcsvc6.DLL
0x00007ffbbb1a0000 - 0x00007ffbbb1bd000 	C:\Windows\SYSTEM32\dhcpcsvc.DLL
0x00007ffbbf780000 - 0x00007ffbbf84b000 	C:\Windows\SYSTEM32\DNSAPI.dll
0x00007ffb9f770000 - 0x00007ffb9f77e000 	C:\Users\Administrator\.vscode\extensions\redhat.java-1.15.0-win32-x64\jre\17.0.6-win32-x86_64\bin\sunmscapi.dll
0x00007ffbc08e0000 - 0x00007ffbc0a36000 	C:\Windows\System32\CRYPT32.dll
0x00007ffbbfdb0000 - 0x00007ffbbfdd7000 	C:\Windows\SYSTEM32\ncrypt.dll
0x00007ffbbfd70000 - 0x00007ffbbfdab000 	C:\Windows\SYSTEM32\NTASN1.dll
0x00007ffbacf70000 - 0x00007ffbacf7a000 	C:\Windows\System32\rasadhlp.dll
0x00007ffbad770000 - 0x00007ffbad7f0000 	C:\Windows\System32\fwpuclnt.dll
0x00007ffba4070000 - 0x00007ffba4077000 	C:\Windows\system32\wshunix.dll

dbghelp: loaded successfully - version: 4.0.5 - missing functions: none
symbol engine: initialized successfully - sym options: 0x614 - pdb path: .;C:\Users\Administrator\.vscode\extensions\redhat.java-1.15.0-win32-x64\jre\17.0.6-win32-x86_64\bin;C:\Windows\SYSTEM32;C:\Windows\WinSxS\amd64_microsoft.windows.common-controls_6595b64144ccf1df_6.0.19041.1110_none_60b5254171f9507e;C:\Users\Administrator\.vscode\extensions\redhat.java-1.15.0-win32-x64\jre\17.0.6-win32-x86_64\bin\server

VM Arguments:
jvm_args: -XX:+ShowCodeDetailsInExceptionMessages 
java_command: com.third_project.third_project.ThirdProjectApplication
java_class_path (initial): D:\third_project\bin\main;D:\third_project\bin\test;D:\third_project\bin\default;C:\Users\Administrator\.gradle\caches\modules-2\files-2.1\org.projectlombok\lombok\1.18.26\8f8cf0372abf564913e9796623aac4c8ea44025a\lombok-1.18.26.jar;C:\Users\Administrator\.gradle\caches\modules-2\files-2.1\org.springframework.boot\spring-boot-starter-data-jpa\3.0.4\a30a9ab237e22f82251ef67532d34d23cebbf20d\spring-boot-starter-data-jpa-3.0.4.jar;C:\Users\Administrator\.gradle\caches\modules-2\files-2.1\org.springframework.boot\spring-boot-starter-jdbc\3.0.4\e64f229f772dc2952e1978a1f10d7f3a462e105d\spring-boot-starter-jdbc-3.0.4.jar;C:\Users\Administrator\.gradle\caches\modules-2\files-2.1\org.springframework.boot\spring-boot-starter-web\3.0.4\6a7405b436c6943f056cdbab587fe48bdc2b4911\spring-boot-starter-web-3.0.4.jar;C:\Users\Administrator\.gradle\caches\modules-2\files-2.1\org.springdoc\springdoc-openapi-starter-webmvc-ui\2.0.0\8a1c5eec3957c4eb4f18460e3ee52732d7b6f640\springdoc-openapi-starter-webmvc-ui-2.0.0.jar;C:\Users\Administrator\.gradle\caches\modules-2\files-2.1\org.springframework.boot\spring-boot-starter-validation\3.0.4\c3f185a4d31634c0bd92956a13ffd718d1026b33\spring-boot-starter-validation-3.0.4.jar;C:\Users\Administrator\.gradle\caches\modules-2\files-2.1\org.springframework.boot\spring-boot-starter-aop\3.0.4\624f2e87d204ef3de4c33d1286072c838e5d89f1\spring-boot-starter-aop-3.0.4.jar;C:\Users\Administrator\.gradle\caches\modules-2\files-2.1\org.hibernate.orm\hibernate-core\6.1.7.Final\343f47b34c96fe9c44bf9b219a7b3c5d6d2fc90e\hibernate-core-6.1.7.Final.jar;C:\Users\Administrator\.gradle\caches\modules-2\files-2.1\org.springframework.data\spring-data-jpa\3.0.3\db1ad002d5112df66128c8df25a57bec14c735d6\spring-data-jpa-3.0.3.jar;C:\Users\Administrator\.gradle\caches\modules-2\files-2.1\org.springframework\spring-aspects\6.0.6\fcfe9b71badc1bce940606ac25de6d71a966f56e\spring-aspects-6.0.6.jar;C:\Users\Administrator\.gradle\caches\modules-2\files-2.1\or
Launcher Type: SUN_STANDARD

[Global flags]
     intx CICompilerCount                          = 4                                         {product} {ergonomic}
     uint ConcGCThreads                            = 3                                         {product} {ergonomic}
     uint G1ConcRefinementThreads                  = 10                                        {product} {ergonomic}
   size_t G1HeapRegionSize                         = 2097152                                   {product} {ergonomic}
    uintx GCDrainStackTargetSize                   = 64                                        {product} {ergonomic}
   size_t InitialHeapSize                          = 268435456                                 {product} {ergonomic}
   size_t MarkStackSize                            = 4194304                                   {product} {ergonomic}
   size_t MaxHeapSize                              = 4273995776                                {product} {ergonomic}
   size_t MaxNewSize                               = 2562719744                                {product} {ergonomic}
   size_t MinHeapDeltaBytes                        = 2097152                                   {product} {ergonomic}
   size_t MinHeapSize                              = 8388608                                   {product} {ergonomic}
    uintx NonNMethodCodeHeapSize                   = 5839372                                {pd product} {ergonomic}
    uintx NonProfiledCodeHeapSize                  = 122909434                              {pd product} {ergonomic}
    uintx ProfiledCodeHeapSize                     = 122909434                              {pd product} {ergonomic}
    uintx ReservedCodeCacheSize                    = 251658240                              {pd product} {ergonomic}
     bool SegmentedCodeCache                       = true                                      {product} {ergonomic}
     bool ShowCodeDetailsInExceptionMessages       = true                                   {manageable} {command line}
   size_t SoftMaxHeapSize                          = 4273995776                             {manageable} {ergonomic}
     bool UseCompressedClassPointers               = true                           {product lp64_product} {ergonomic}
     bool UseCompressedOops                        = true                           {product lp64_product} {ergonomic}
     bool UseG1GC                                  = true                                      {product} {ergonomic}
     bool UseLargePagesIndividualAllocation        = false                                  {pd product} {ergonomic}

Logging:
Log output configuration:
 #0: stdout all=warning uptime,level,tags
 #1: stderr all=off uptime,level,tags

Environment Variables:
JAVA_HOME=C:\Program Files\Java\jdk-17.0.4.1
PATH=C:\Program Files\Common Files\Oracle\Java\javapath;C:\Program Files (x86)\Common Files\Intel\Shared Libraries\redist\intel64\compiler;C:\Windows\system32;C:\Windows;C:\Windows\System32\Wbem;C:\Windows\System32\WindowsPowerShell\v1.0\;C:\Windows\System32\OpenSSH\;C:\Program Files\Bandizip\;C:\Program Files\Git\cmd;C:\Program Files\nodejs\;C:\Users\Administrator\AppData\Local\Microsoft\WindowsApps;"C:\Program Files\Java\jdk-17.0.4.1\lib;.";C:\Program Files\MySQL\MySQL Server 8.0\bin;C:\Users\Administrator\AppData\Local\Programs\Microsoft VS Code\bin;C:\Users\Administrator\AppData\Roaming\npm
USERNAME=Administrator
LANG=ko_KR.UTF-8
OS=Windows_NT
PROCESSOR_IDENTIFIER=Intel64 Family 6 Model 158 Stepping 10, GenuineIntel
TMP=C:\Users\ADMINI~1\AppData\Local\Temp
TEMP=C:\Users\ADMINI~1\AppData\Local\Temp



---------------  S Y S T E M  ---------------

OS:
 Windows 10 , 64 bit Build 19041 (10.0.19041.2546)
OS uptime: 0 days 3:42 hours

CPU: total 12 (initial active 12) (6 cores per cpu, 2 threads per core) family 6 model 158 stepping 10 microcode 0xb4, cx8, cmov, fxsr, ht, mmx, 3dnowpref, sse, sse2, sse3, ssse3, sse4.1, sse4.2, popcnt, lzcnt, tsc, tscinvbit, avx, avx2, aes, erms, clmul, bmi1, bmi2, rtm, adx, fma, vzeroupper, clflush, clflushopt

Memory: 4k page, system-wide physical 16301M (2964M free)
TotalPageFile size 19780M (AvailPageFile size 2736M)
current process WorkingSet (physical memory assigned to process): 444M, peak: 487M
current process commit charge ("private bytes"): 506M, peak: 545M

vm_info: OpenJDK 64-Bit Server VM (17.0.6+10) for windows-amd64 JRE (17.0.6+10), built on Jan 18 2023 10:08:59 by "temurin" with MS VC++ 16.7 (VS2019)

END.
